【登录信息】
*31b243358b364f62610ba7677254fc68*
`登陆天数: 7天 / 645天
等级: 130
石头: 2661
呼符: 0
体力: 13588.646666666667 / 138
友情点: 0 / 467310`
*連続ログイン7日間到達おめでとうございます！
明日は1日目からリスタートされます。*
`獣の足跡 X 1
呼符 X 1
5月交換券(2024) X 1
`*カルデア・サマーアドベンチャー！ アンケート復刻版 開幕記念 ログインボーナス*
*開催期間中、1日1回 最大21回 ログインボーナスをプレゼント！*
`白銀の果実 X 1
`_2024-05-29 04:31:50_
--------
*9466fbda39330496bc7fe0f505be466d*
`登陆天数: 7天 / 645天
等级: 130
石头: 1071
呼符: 0
体力: 13588.673333333334 / 138
友情点: 0 / 466855`
*連続ログイン7日間到達おめでとうございます！
明日は1日目からリスタートされます。*
`獣の足跡 X 1
呼符 X 1
5月交換券(2024) X 1
`*カルデア・サマーアドベンチャー！ アンケート復刻版 開幕記念 ログインボーナス*
*開催期間中、1日1回 最大21回 ログインボーナスをプレゼント！*
`白銀の果実 X 1
`_2024-05-29 04:31:58_
--------
*6747c1001f4172edf19a5dca8032589e*
`登陆天数: 6天 / 643天
等级: 130
石头: 2025
呼符: 0
体力: 13588.703333333333 / 138
友情点: 0 / 469440`
*連続ログイン6日目
※ログインが途切れるか、7日到達すると
1日目から再開されます*
`聖晶石 X 2
5月交換券(2024) X 1
`*カルデア・サマーアドベンチャー！ アンケート復刻版 開幕記念 ログインボーナス*
*開催期間中、1日1回 最大21回 ログインボーナスをプレゼント！*
`白銀の果実 X 1
`_2024-05-29 04:32:07_
--------
*14bbc0295aa961661501c11d525b2f83*
`登陆天数: 6天 / 643天
等级: 130
石头: 1971
呼符: 0
体力: 13588.73 / 138
友情点: 0 / 469595`
*連続ログイン6日目
※ログインが途切れるか、7日到達すると
1日目から再開されます*
`聖晶石 X 2
5月交換券(2024) X 1
`*カルデア・サマーアドベンチャー！ アンケート復刻版 開幕記念 ログインボーナス*
*開催期間中、1日1回 最大21回 ログインボーナスをプレゼント！*
`白銀の果実 X 1
`_2024-05-29 04:32:15_
--------
*7aa0af62f290929944b1b91344476fc1*
`登陆天数: 6天 / 644天
等级: 130
石头: 981
呼符: 0
体力: 13588.75 / 138
友情点: 0 / 465895`
*連続ログイン6日目
※ログインが途切れるか、7日到達すると
1日目から再開されます*
`聖晶石 X 2
5月交換券(2024) X 1
`*カルデア・サマーアドベンチャー！ アンケート復刻版 開幕記念 ログインボーナス*
*開催期間中、1日1回 最大21回 ログインボーナスをプレゼント！*
`白銀の果実 X 1
`_2024-05-29 04:32:23_
--------
*88566b7a44c500e7f18bdffddac6995d*
`登陆天数: 7天 / 644天
等级: 130
石头: 3530
呼符: 0
体力: 13588.78 / 138
友情点: 0 / 467785`
*連続ログイン7日間到達おめでとうございます！
明日は1日目からリスタートされます。*
`獣の足跡 X 1
呼符 X 1
5月交換券(2024) X 1
`*カルデア・サマーアドベンチャー！ アンケート復刻版 開幕記念 ログインボーナス*
*開催期間中、1日1回 最大21回 ログインボーナスをプレゼント！*
`白銀の果実 X 1
`_2024-05-29 04:32:31_
--------
*d6f3f22b5d094917fa2e4ce0c2fb30e6*
`登陆天数: 6天 / 643天
等级: 130
石头: 3728
呼符: 0
体力: 13588.81 / 138
友情点: 0 / 468480`
*連続ログイン6日目
※ログインが途切れるか、7日到達すると
1日目から再開されます*
`聖晶石 X 2
5月交換券(2024) X 1
`*カルデア・サマーアドベンチャー！ アンケート復刻版 開幕記念 ログインボーナス*
*開催期間中、1日1回 最大21回 ログインボーナスをプレゼント！*
`白銀の果実 X 1
`_2024-05-29 04:32:39_
--------
*3066a1ca0a948c4849e81dd256133b61*
`登陆天数: 6天 / 643天
等级: 130
石头: 1905
呼符: 0
体力: 13588.836666666666 / 138
友情点: 0 / 471755`
*連続ログイン6日目
※ログインが途切れるか、7日到達すると
1日目から再開されます*
`聖晶石 X 2
5月交換券(2024) X 1
`*カルデア・サマーアドベンチャー！ アンケート復刻版 開幕記念 ログインボーナス*
*開催期間中、1日1回 最大21回 ログインボーナスをプレゼント！*
`白銀の果実 X 1
`_2024-05-29 04:32:47_
--------
*ed2cbea17334e7c90948f4c4ee35c290*
`登陆天数: 6天 / 644天
等级: 130
石头: 3618
呼符: 0
体力: 13588.863333333333 / 138
友情点: 0 / 467100`
*連続ログイン6日目
※ログインが途切れるか、7日到達すると
1日目から再開されます*
`聖晶石 X 2
5月交換券(2024) X 1
`*カルデア・サマーアドベンチャー！ アンケート復刻版 開幕記念 ログインボーナス*
*開催期間中、1日1回 最大21回 ログインボーナスをプレゼント！*
`白銀の果実 X 1
`_2024-05-29 04:32:55_
--------
*d8a46aa86df01ac54eb57e13c24c84b5*
`登陆天数: 6天 / 644天
等级: 130
石头: 3287
呼符: 0
体力: 13588.89 / 138
友情点: 0 / 465405`
*連続ログイン6日目
※ログインが途切れるか、7日到達すると
1日目から再開されます*
`聖晶石 X 2
5月交換券(2024) X 1
`*カルデア・サマーアドベンチャー！ アンケート復刻版 開幕記念 ログインボーナス*
*開催期間中、1日1回 最大21回 ログインボーナスをプレゼント！*
`白銀の果実 X 1
`_2024-05-29 04:33:03_
--------
*60ad9bacd38edf21c49a7b5cdf6122e3*
`登陆天数: 7天 / 645天
等级: 130
石头: 3142
呼符: 0
体力: 13588.91 / 138
友情点: 0 / 467475`
*連続ログイン7日間到達おめでとうございます！
明日は1日目からリスタートされます。*
`獣の足跡 X 1
呼符 X 1
5月交換券(2024) X 1
`*カルデア・サマーアドベンチャー！ アンケート復刻版 開幕記念 ログインボーナス*
*開催期間中、1日1回 最大21回 ログインボーナスをプレゼント！*
`白銀の果実 X 1
`_2024-05-29 04:33:11_
--------
*c4367785448f14f322bc85a193c5a201*
`登陆天数: 6天 / 643天
等级: 130
石头: 1995
呼符: 0
体力: 13588.943333333333 / 138
友情点: 0 / 468700`
*連続ログイン6日目
※ログインが途切れるか、7日到達すると
1日目から再開されます*
`聖晶石 X 2
5月交換券(2024) X 1
`*カルデア・サマーアドベンチャー！ アンケート復刻版 開幕記念 ログインボーナス*
*開催期間中、1日1回 最大21回 ログインボーナスをプレゼント！*
`白銀の果実 X 1
`_2024-05-29 04:33:19_
--------
*c257623655d934c73fd403e2f22c3bfd*
`登陆天数: 6天 / 644天
等级: 130
石头: 1598
呼符: 0
体力: 13588.97 / 138
友情点: 0 / 467935`
*連続ログイン6日目
※ログインが途切れるか、7日到達すると
1日目から再開されます*
`聖晶石 X 2
5月交換券(2024) X 1
`*カルデア・サマーアドベンチャー！ アンケート復刻版 開幕記念 ログインボーナス*
*開催期間中、1日1回 最大21回 ログインボーナスをプレゼント！*
`白銀の果実 X 1
`_2024-05-29 04:33:27_
--------
*a82ce897c907901143f2fb826a17df4d*
`登陆天数: 6天 / 644天
等级: 130
石头: 3981
呼符: 0
体力: 13588.996666666666 / 138
友情点: 0 / 465900`
*連続ログイン6日目
※ログインが途切れるか、7日到達すると
1日目から再開されます*
`聖晶石 X 2
5月交換券(2024) X 1
`*カルデア・サマーアドベンチャー！ アンケート復刻版 開幕記念 ログインボーナス*
*開催期間中、1日1回 最大21回 ログインボーナスをプレゼント！*
`白銀の果実 X 1
`_2024-05-29 04:33:35_
--------
*70b4a0cba6a0eb00591e93a745c5d404*
`登陆天数: 6天 / 643天
等级: 130
石头: 1686
呼符: 0
体力: 13589.023333333333 / 138
友情点: 0 / 468470`
*連続ログイン6日目
※ログインが途切れるか、7日到達すると
1日目から再開されます*
`聖晶石 X 2
5月交換券(2024) X 1
`*カルデア・サマーアドベンチャー！ アンケート復刻版 開幕記念 ログインボーナス*
*開催期間中、1日1回 最大21回 ログインボーナスをプレゼント！*
`白銀の果実 X 1
`_2024-05-29 04:33:43_
--------
*ea1ff75ddead5c7b8d08e386d6379714*
`登陆天数: 6天 / 644天
等级: 130
石头: 3227
呼符: 0
体力: 13589.05 / 138
友情点: 0 / 467825`
*連続ログイン6日目
※ログインが途切れるか、7日到達すると
1日目から再開されます*
`聖晶石 X 2
5月交換券(2024) X 1
`*カルデア・サマーアドベンチャー！ アンケート復刻版 開幕記念 ログインボーナス*
*開催期間中、1日1回 最大21回 ログインボーナスをプレゼント！*
`白銀の果実 X 1
`_2024-05-29 04:33:51_
--------
*478514723839ea9e29a744e90ca4b143*
`登陆天数: 6天 / 644天
等级: 130
石头: 1486
呼符: 0
体力: 13589.076666666666 / 138
友情点: 0 / 466280`
*連続ログイン6日目
※ログインが途切れるか、7日到達すると
1日目から再開されます*
`聖晶石 X 2
5月交換券(2024) X 1
`*カルデア・サマーアドベンチャー！ アンケート復刻版 開幕記念 ログインボーナス*
*開催期間中、1日1回 最大21回 ログインボーナスをプレゼント！*
`白銀の果実 X 1
`_2024-05-29 04:33:59_
--------
*b4bfad4ccc318593c2522ac454a1e6ad*
`登陆天数: 6天 / 644天
等级: 130
石头: 1855
呼符: 0
体力: 13589.103333333333 / 138
友情点: 0 / 466640`
*連続ログイン6日目
※ログインが途切れるか、7日到達すると
1日目から再開されます*
`聖晶石 X 2
5月交換券(2024) X 1
`*カルデア・サマーアドベンチャー！ アンケート復刻版 開幕記念 ログインボーナス*
*開催期間中、1日1回 最大21回 ログインボーナスをプレゼント！*
`白銀の果実 X 1
`_2024-05-29 04:34:07_
--------
*fdb1d96dd08409d71345c27b8af9b6c0*
`登陆天数: 6天 / 643天
等级: 130
石头: 1943
呼符: 0
体力: 13589.13 / 138
友情点: 0 / 468455`
*連続ログイン6日目
※ログインが途切れるか、7日到達すると
1日目から再開されます*
`聖晶石 X 2
5月交換券(2024) X 1
`*カルデア・サマーアドベンチャー！ アンケート復刻版 開幕記念 ログインボーナス*
*開催期間中、1日1回 最大21回 ログインボーナスをプレゼント！*
`白銀の果実 X 1
`_2024-05-29 04:34:15_
--------
*47a2d117b23eb832c49a40d89544290c*
`登陆天数: 6天 / 644天
等级: 130
石头: 3208
呼符: 0
体力: 13589.15 / 138
友情点: 0 / 466215`
*連続ログイン6日目
※ログインが途切れるか、7日到達すると
1日目から再開されます*
`聖晶石 X 2
5月交換券(2024) X 1
`*カルデア・サマーアドベンチャー！ アンケート復刻版 開幕記念 ログインボーナス*
*開催期間中、1日1回 最大21回 ログインボーナスをプレゼント！*
`白銀の果実 X 1
`_2024-05-29 04:34:23_
--------
*90e092e44c74be9a75ba4dbaf4d2c1ce*
`登陆天数: 6天 / 643天
等级: 130
石头: 3614
呼符: 0
体力: 13589.18 / 138
友情点: 0 / 468875`
*連続ログイン6日目
※ログインが途切れるか、7日到達すると
1日目から再開されます*
`聖晶石 X 2
5月交換券(2024) X 1
`*カルデア・サマーアドベンチャー！ アンケート復刻版 開幕記念 ログインボーナス*
*開催期間中、1日1回 最大21回 ログインボーナスをプレゼント！*
`白銀の果実 X 1
`_2024-05-29 04:34:31_
--------
*5a46e6df6ebbaa6c9264fbf7a7f4cf97*
`登陆天数: 6天 / 644天
等级: 130
石头: 4014
呼符: 111
体力: 13589.206666666667 / 138
友情点: 0 / 466950`
*連続ログイン6日目
※ログインが途切れるか、7日到達すると
1日目から再開されます*
`聖晶石 X 2
5月交換券(2024) X 1
`*カルデア・サマーアドベンチャー！ アンケート復刻版 開幕記念 ログインボーナス*
*開催期間中、1日1回 最大21回 ログインボーナスをプレゼント！*
`白銀の果実 X 1
`_2024-05-29 04:34:39_
--------
*ee79bb4c5b33d955003f95a531ac2abb*
`登陆天数: 7天 / 645天
等级: 130
石头: 3707
呼符: 0
体力: 13589.233333333334 / 138
友情点: 0 / 465595`
*連続ログイン7日間到達おめでとうございます！
明日は1日目からリスタートされます。*
`獣の足跡 X 1
呼符 X 1
5月交換券(2024) X 1
`*カルデア・サマーアドベンチャー！ アンケート復刻版 開幕記念 ログインボーナス*
*開催期間中、1日1回 最大21回 ログインボーナスをプレゼント！*
`白銀の果実 X 1
`_2024-05-29 04:34:47_
--------
*866f77448c8f03f74fef9cba8c3a97de*
`登陆天数: 6天 / 643天
等级: 130
石头: 3524
呼符: 0
体力: 13589.26 / 138
友情点: 0 / 468490`
*連続ログイン6日目
※ログインが途切れるか、7日到達すると
1日目から再開されます*
`聖晶石 X 2
5月交換券(2024) X 1
`*カルデア・サマーアドベンチャー！ アンケート復刻版 開幕記念 ログインボーナス*
*開催期間中、1日1回 最大21回 ログインボーナスをプレゼント！*
`白銀の果実 X 1
`_2024-05-29 04:34:55_
--------
*995e5288ee374474556d524ec90e46cb*
`登陆天数: 6天 / 644天
等级: 130
石头: 3201
呼符: 0
体力: 13589.286666666667 / 138
友情点: 0 / 467285`
*連続ログイン6日目
※ログインが途切れるか、7日到達すると
1日目から再開されます*
`聖晶石 X 2
5月交換券(2024) X 1
`*カルデア・サマーアドベンチャー！ アンケート復刻版 開幕記念 ログインボーナス*
*開催期間中、1日1回 最大21回 ログインボーナスをプレゼント！*
`白銀の果実 X 1
`_2024-05-29 04:35:02_
--------
*78e8ba6a5a0d44ed7d17d0455f9deaab*
`登陆天数: 6天 / 644天
等级: 130
石头: 2269
呼符: 0
体力: 13589.313333333334 / 138
友情点: 0 / 467105`
*連続ログイン6日目
※ログインが途切れるか、7日到達すると
1日目から再開されます*
`聖晶石 X 2
5月交換券(2024) X 1
`*カルデア・サマーアドベンチャー！ アンケート復刻版 開幕記念 ログインボーナス*
*開催期間中、1日1回 最大21回 ログインボーナスをプレゼント！*
`白銀の果実 X 1
`_2024-05-29 04:35:10_
--------
*0fe35c1d66efe9a5c562f7be6832cc84*
`登陆天数: 6天 / 643天
等级: 130
石头: 2746
呼符: 0
体力: 13589.34 / 138
友情点: 0 / 469535`
*連続ログイン6日目
※ログインが途切れるか、7日到達すると
1日目から再開されます*
`聖晶石 X 2
5月交換券(2024) X 1
`*カルデア・サマーアドベンチャー！ アンケート復刻版 開幕記念 ログインボーナス*
*開催期間中、1日1回 最大21回 ログインボーナスをプレゼント！*
`白銀の果実 X 1
`_2024-05-29 04:35:18_
--------
*11d64e0c78adf2c2eba1dd909c3710bd*
`登陆天数: 6天 / 644天
等级: 130
石头: 3232
呼符: 0
体力: 13589.363333333333 / 138
友情点: 0 / 466585`
*連続ログイン6日目
※ログインが途切れるか、7日到達すると
1日目から再開されます*
`聖晶石 X 2
5月交換券(2024) X 1
`*カルデア・サマーアドベンチャー！ アンケート復刻版 開幕記念 ログインボーナス*
*開催期間中、1日1回 最大21回 ログインボーナスをプレゼント！*
`白銀の果実 X 1
`_2024-05-29 04:35:26_
--------
*6701533d571ef06f528eb4e9f47a56e9*
`登陆天数: 6天 / 643天
等级: 130
石头: 3376
呼符: 0
体力: 13589.39 / 138
友情点: 0 / 467505`
*連続ログイン6日目
※ログインが途切れるか、7日到達すると
1日目から再開されます*
`聖晶石 X 2
5月交換券(2024) X 1
`*カルデア・サマーアドベンチャー！ アンケート復刻版 開幕記念 ログインボーナス*
*開催期間中、1日1回 最大21回 ログインボーナスをプレゼント！*
`白銀の果実 X 1
`_2024-05-29 04:35:34_
--------
*77b2a7d9dfee6d1a826cd458068c8a29*
`登陆天数: 6天 / 643天
等级: 130
石头: 2295
呼符: 0
体力: 13589.413333333334 / 138
友情点: 0 / 468745`
*連続ログイン6日目
※ログインが途切れるか、7日到達すると
1日目から再開されます*
`聖晶石 X 2
5月交換券(2024) X 1
`*カルデア・サマーアドベンチャー！ アンケート復刻版 開幕記念 ログインボーナス*
*開催期間中、1日1回 最大21回 ログインボーナスをプレゼント！*
`白銀の果実 X 1
`_2024-05-29 04:35:42_
--------
*59682f4c579b953bcd460b9d3fe88aa0*
`登陆天数: 6天 / 643天
等级: 130
石头: 3704
呼符: 0
体力: 13589.443333333333 / 138
友情点: 0 / 468010`
*連続ログイン6日目
※ログインが途切れるか、7日到達すると
1日目から再開されます*
`聖晶石 X 2
5月交換券(2024) X 1
`*カルデア・サマーアドベンチャー！ アンケート復刻版 開幕記念 ログインボーナス*
*開催期間中、1日1回 最大21回 ログインボーナスをプレゼント！*
`白銀の果実 X 1
`_2024-05-29 04:35:50_
--------
*b35193aed167f327d78ce0adfe1fbe77*
`登陆天数: 6天 / 644天
等级: 130
石头: 3800
呼符: 0
体力: 13589.466666666667 / 138
友情点: 0 / 466740`
*連続ログイン6日目
※ログインが途切れるか、7日到達すると
1日目から再開されます*
`聖晶石 X 2
5月交換券(2024) X 1
`*カルデア・サマーアドベンチャー！ アンケート復刻版 開幕記念 ログインボーナス*
*開催期間中、1日1回 最大21回 ログインボーナスをプレゼント！*
`白銀の果実 X 1
`_2024-05-29 04:35:58_
--------
*1fd04e05f7c95407c1334e333f8827d4*
`登陆天数: 6天 / 644天
等级: 130
石头: 4013
呼符: 102
体力: 13589.493333333334 / 138
友情点: 0 / 466990`
*連続ログイン6日目
※ログインが途切れるか、7日到達すると
1日目から再開されます*
`聖晶石 X 2
5月交換券(2024) X 1
`*カルデア・サマーアドベンチャー！ アンケート復刻版 開幕記念 ログインボーナス*
*開催期間中、1日1回 最大21回 ログインボーナスをプレゼント！*
`白銀の果実 X 1
`_2024-05-29 04:36:06_
--------
*1fd2eeaf22ed15eb34d527f8039d05b3*
`登陆天数: 6天 / 644天
等级: 130
石头: 1852
呼符: 0
体力: 13589.52 / 138
友情点: 0 / 465590`
*連続ログイン6日目
※ログインが途切れるか、7日到達すると
1日目から再開されます*
`聖晶石 X 2
5月交換券(2024) X 1
`*カルデア・サマーアドベンチャー！ アンケート復刻版 開幕記念 ログインボーナス*
*開催期間中、1日1回 最大21回 ログインボーナスをプレゼント！*
`白銀の果実 X 1
`_2024-05-29 04:36:13_
--------
*3f76fb1b9d7997e3de2308c5bcdb8bc9*
`登陆天数: 6天 / 644天
等级: 130
石头: 977
呼符: 0
体力: 13589.55 / 138
友情点: 0 / 466650`
*連続ログイン6日目
※ログインが途切れるか、7日到達すると
1日目から再開されます*
`聖晶石 X 2
5月交換券(2024) X 1
`*カルデア・サマーアドベンチャー！ アンケート復刻版 開幕記念 ログインボーナス*
*開催期間中、1日1回 最大21回 ログインボーナスをプレゼント！*
`白銀の果実 X 1
`_2024-05-29 04:36:21_
--------
*eee0b3e6b7dd5703c4549bfa3a139a10*
`登陆天数: 6天 / 643天
等级: 130
石头: 2957
呼符: 0
体力: 13589.576666666666 / 138
友情点: 0 / 470450`
*連続ログイン6日目
※ログインが途切れるか、7日到達すると
1日目から再開されます*
`聖晶石 X 2
5月交換券(2024) X 1
`*カルデア・サマーアドベンチャー！ アンケート復刻版 開幕記念 ログインボーナス*
*開催期間中、1日1回 最大21回 ログインボーナスをプレゼント！*
`白銀の果実 X 1
`_2024-05-29 04:36:29_
--------
*5589a8db0379b23ecb493bb071f3643a*
`登陆天数: 6天 / 644天
等级: 130
石头: 1536
呼符: 0
体力: 13589.596666666666 / 138
友情点: 0 / 467370`
*連続ログイン6日目
※ログインが途切れるか、7日到達すると
1日目から再開されます*
`聖晶石 X 2
5月交換券(2024) X 1
`*カルデア・サマーアドベンチャー！ アンケート復刻版 開幕記念 ログインボーナス*
*開催期間中、1日1回 最大21回 ログインボーナスをプレゼント！*
`白銀の果実 X 1
`_2024-05-29 04:36:37_
--------
*7d8db48a0e244c1ca890386554c54d41*
`登陆天数: 6天 / 644天
等级: 130
石头: 2297
呼符: 0
体力: 13589.626666666667 / 138
友情点: 0 / 466385`
*連続ログイン6日目
※ログインが途切れるか、7日到達すると
1日目から再開されます*
`聖晶石 X 2
5月交換券(2024) X 1
`*カルデア・サマーアドベンチャー！ アンケート復刻版 開幕記念 ログインボーナス*
*開催期間中、1日1回 最大21回 ログインボーナスをプレゼント！*
`白銀の果実 X 1
`_2024-05-29 04:36:45_
--------
*40e66032777d96dac6c12b5868720c71*
`登陆天数: 6天 / 643天
等级: 130
石头: 2716
呼符: 0
体力: 13589.65 / 138
友情点: 0 / 467950`
*連続ログイン6日目
※ログインが途切れるか、7日到達すると
1日目から再開されます*
`聖晶石 X 2
5月交換券(2024) X 1
`*カルデア・サマーアドベンチャー！ アンケート復刻版 開幕記念 ログインボーナス*
*開催期間中、1日1回 最大21回 ログインボーナスをプレゼント！*
`白銀の果実 X 1
`_2024-05-29 04:36:52_
--------
*030fdcab94fa6dcd3d0219c1aa3fec91*
`登陆天数: 7天 / 644天
等级: 130
石头: 3889
呼符: 0
体力: 13589.68 / 138
友情点: 0 / 468660`
*連続ログイン7日間到達おめでとうございます！
明日は1日目からリスタートされます。*
`獣の足跡 X 1
呼符 X 1
5月交換券(2024) X 1
`*カルデア・サマーアドベンチャー！ アンケート復刻版 開幕記念 ログインボーナス*
*開催期間中、1日1回 最大21回 ログインボーナスをプレゼント！*
`白銀の果実 X 1
`_2024-05-29 04:37:00_
--------
*f2a6b5bd7d042d36f194d7b594e4c4fd*
`登陆天数: 6天 / 644天
等级: 130
石头: 2420
呼符: 0
体力: 13589.703333333333 / 138
友情点: 0 / 466795`
*連続ログイン6日目
※ログインが途切れるか、7日到達すると
1日目から再開されます*
`聖晶石 X 2
5月交換券(2024) X 1
`*カルデア・サマーアドベンチャー！ アンケート復刻版 開幕記念 ログインボーナス*
*開催期間中、1日1回 最大21回 ログインボーナスをプレゼント！*
`白銀の果実 X 1
`_2024-05-29 04:37:08_
--------
*6d2ccd6698dd732baa728d78688685bc*
`登陆天数: 6天 / 644天
等级: 130
石头: 2538
呼符: 0
体力: 13589.726666666667 / 138
友情点: 0 / 466480`
*連続ログイン6日目
※ログインが途切れるか、7日到達すると
1日目から再開されます*
`聖晶石 X 2
5月交換券(2024) X 1
`*カルデア・サマーアドベンチャー！ アンケート復刻版 開幕記念 ログインボーナス*
*開催期間中、1日1回 最大21回 ログインボーナスをプレゼント！*
`白銀の果実 X 1
`_2024-05-29 04:37:16_
--------
*a77d5d0e3f3c3dad5999df7d38ff4f65*
`登陆天数: 7天 / 644天
等级: 130
石头: 1249
呼符: 0
体力: 13589.753333333334 / 138
友情点: 0 / 471145`
*連続ログイン7日間到達おめでとうございます！
明日は1日目からリスタートされます。*
`獣の足跡 X 1
呼符 X 1
5月交換券(2024) X 1
`*カルデア・サマーアドベンチャー！ アンケート復刻版 開幕記念 ログインボーナス*
*開催期間中、1日1回 最大21回 ログインボーナスをプレゼント！*
`白銀の果実 X 1
`_2024-05-29 04:37:24_
--------
*4162af9638b581515341913075e8610c*
`登陆天数: 6天 / 643天
等级: 130
石头: 2895
呼符: 0
体力: 13589.78 / 138
友情点: 0 / 467945`
*連続ログイン6日目
※ログインが途切れるか、7日到達すると
1日目から再開されます*
`聖晶石 X 2
5月交換券(2024) X 1
`*カルデア・サマーアドベンチャー！ アンケート復刻版 開幕記念 ログインボーナス*
*開催期間中、1日1回 最大21回 ログインボーナスをプレゼント！*
`白銀の果実 X 1
`_2024-05-29 04:37:32_
--------
*31175a3486342431844afc154a4b3f8b*
`登陆天数: 6天 / 644天
等级: 130
石头: 2178
呼符: 0
体力: 13589.806666666667 / 138
友情点: 0 / 467160`
*連続ログイン6日目
※ログインが途切れるか、7日到達すると
1日目から再開されます*
`聖晶石 X 2
5月交換券(2024) X 1
`*カルデア・サマーアドベンチャー！ アンケート復刻版 開幕記念 ログインボーナス*
*開催期間中、1日1回 最大21回 ログインボーナスをプレゼント！*
`白銀の果実 X 1
`_2024-05-29 04:37:39_
--------
*c2e37c4cf95319ea9d8c787bc14b974c*
`登陆天数: 6天 / 643天
等级: 130
石头: 3080
呼符: 0
体力: 13589.836666666666 / 138
友情点: 0 / 468590`
*連続ログイン6日目
※ログインが途切れるか、7日到達すると
1日目から再開されます*
`聖晶石 X 2
5月交換券(2024) X 1
`*カルデア・サマーアドベンチャー！ アンケート復刻版 開幕記念 ログインボーナス*
*開催期間中、1日1回 最大21回 ログインボーナスをプレゼント！*
`白銀の果実 X 1
`_2024-05-29 04:37:47_
--------
*786d1d2e9f0942360cba24b47db52490*
`登陆天数: 6天 / 643天
等级: 130
石头: 3163
呼符: 0
体力: 13589.86 / 138
友情点: 0 / 469000`
*連続ログイン6日目
※ログインが途切れるか、7日到達すると
1日目から再開されます*
`聖晶石 X 2
5月交換券(2024) X 1
`*カルデア・サマーアドベンチャー！ アンケート復刻版 開幕記念 ログインボーナス*
*開催期間中、1日1回 最大21回 ログインボーナスをプレゼント！*
`白銀の果実 X 1
`_2024-05-29 04:37:55_
--------
*6162d018cc4f591e6d1cb3e2ef8191d1*
`登陆天数: 6天 / 644天
等级: 130
石头: 3847
呼符: 0
体力: 13589.886666666667 / 138
友情点: 0 / 466290`
*連続ログイン6日目
※ログインが途切れるか、7日到達すると
1日目から再開されます*
`聖晶石 X 2
5月交換券(2024) X 1
`*カルデア・サマーアドベンチャー！ アンケート復刻版 開幕記念 ログインボーナス*
*開催期間中、1日1回 最大21回 ログインボーナスをプレゼント！*
`白銀の果実 X 1
`_2024-05-29 04:38:03_
--------
*646195caefa28ade965b91c400057f01*
`登陆天数: 6天 / 643天
等级: 130
石头: 1806
呼符: 0
体力: 13589.91 / 138
友情点: 0 / 469900`
*連続ログイン6日目
※ログインが途切れるか、7日到達すると
1日目から再開されます*
`聖晶石 X 2
5月交換券(2024) X 1
`*カルデア・サマーアドベンチャー！ アンケート復刻版 開幕記念 ログインボーナス*
*開催期間中、1日1回 最大21回 ログインボーナスをプレゼント！*
`白銀の果実 X 1
`_2024-05-29 04:38:11_
--------
*3d5a228f1082bc550818e18f7971fe57*
`登陆天数: 6天 / 644天
等级: 130
石头: 2271
呼符: 0
体力: 13589.936666666666 / 138
友情点: 0 / 467010`
_2024-05-29 04:38:19_
--------
