【登录信息】
*31b243358b364f62610ba7677254fc68*
`登陆天数: 40天 / 678天
等级: 130
石头: 2750
呼符: 19
体力: 26.043333333333337 / 138
友情点: 0 / 463310`
_2024-07-01 04:11:14_
--------
*9466fbda39330496bc7fe0f505be466d*
`登陆天数: 40天 / 678天
等级: 130
石头: 1160
呼符: 19
体力: 26.010000000000005 / 138
友情点: 0 / 480855`
_2024-07-01 04:11:22_
--------
*6747c1001f4172edf19a5dca8032589e*
`登陆天数: 39天 / 676天
等级: 130
石头: 2116
呼符: 19
体力: 25.976666666666674 / 138
友情点: 0 / 481440`
_2024-07-01 04:11:30_
--------
*14bbc0295aa961661501c11d525b2f83*
`登陆天数: 39天 / 676天
等级: 130
石头: 2062
呼符: 19
体力: 25.950000000000003 / 138
友情点: 0 / 481595`
_2024-07-01 04:11:38_
--------
*7aa0af62f290929944b1b91344476fc1*
`登陆天数: 39天 / 677天
等级: 130
石头: 1070
呼符: 19
体力: 25.92 / 138
友情点: 0 / 479895`
_2024-07-01 04:11:45_
--------
*88566b7a44c500e7f18bdffddac6995d*
`登陆天数: 40天 / 677天
等级: 130
石头: 3621
呼符: 19
体力: 25.89 / 138
友情点: 0 / 403785`
_2024-07-01 04:11:53_
--------
*d6f3f22b5d094917fa2e4ce0c2fb30e6*
`登陆天数: 39天 / 676天
等级: 130
石头: 3819
呼符: 19
体力: 25.86 / 138
友情点: 0 / 420480`
_2024-07-01 04:12:01_
--------
*3066a1ca0a948c4849e81dd256133b61*
`登陆天数: 39天 / 676天
等级: 130
石头: 1996
呼符: 19
体力: 25.83 / 138
友情点: 0 / 483755`
_2024-07-01 04:12:09_
--------
*ed2cbea17334e7c90948f4c4ee35c290*
`登陆天数: 39天 / 677天
等级: 130
石头: 3707
呼符: 19
体力: 25.799999999999997 / 138
友情点: 0 / 407100`
_2024-07-01 04:12:16_
--------
*d8a46aa86df01ac54eb57e13c24c84b5*
`登陆天数: 39天 / 677天
等级: 130
石头: 3376
呼符: 19
体力: 25.769999999999996 / 138
友情点: 0 / 431405`
_2024-07-01 04:12:24_
--------
*60ad9bacd38edf21c49a7b5cdf6122e3*
`登陆天数: 40天 / 678天
等级: 130
石头: 3231
呼符: 19
体力: 25.739999999999995 / 138
友情点: 0 / 441475`
_2024-07-01 04:12:32_
--------
*c4367785448f14f322bc85a193c5a201*
`登陆天数: 39天 / 676天
等级: 130
石头: 2086
呼符: 19
体力: 25.71333333333334 / 138
友情点: 0 / 480700`
_2024-07-01 04:12:39_
--------
*c257623655d934c73fd403e2f22c3bfd*
`登陆天数: 39天 / 677天
等级: 130
石头: 1687
呼符: 19
体力: 25.683333333333337 / 138
友情点: 0 / 481935`
_2024-07-01 04:12:47_
--------
*a82ce897c907901143f2fb826a17df4d*
`登陆天数: 39天 / 677天
等级: 130
石头: 4070
呼符: 19
体力: 25.650000000000006 / 138
友情点: 0 / 403900`
_2024-07-01 04:12:55_
--------
*70b4a0cba6a0eb00591e93a745c5d404*
`登陆天数: 39天 / 676天
等级: 130
石头: 1777
呼符: 19
体力: 25.620000000000005 / 138
友情点: 0 / 480470`
_2024-07-01 04:13:03_
--------
*ea1ff75ddead5c7b8d08e386d6379714*
`登陆天数: 39天 / 677天
等级: 130
石头: 3316
呼符: 19
体力: 25.590000000000003 / 138
友情点: 0 / 441825`
_2024-07-01 04:13:10_
--------
*478514723839ea9e29a744e90ca4b143*
`登陆天数: 39天 / 677天
等级: 130
石头: 1575
呼符: 19
体力: 25.560000000000002 / 138
友情点: 0 / 480280`
_2024-07-01 04:13:18_
--------
*b4bfad4ccc318593c2522ac454a1e6ad*
`登陆天数: 39天 / 677天
等级: 130
石头: 1944
呼符: 19
体力: 25.53 / 138
友情点: 0 / 480640`
_2024-07-01 04:13:26_
--------
*fdb1d96dd08409d71345c27b8af9b6c0*
`登陆天数: 39天 / 676天
等级: 130
石头: 2034
呼符: 19
体力: 25.5 / 138
友情点: 0 / 480455`
_2024-07-01 04:13:34_
--------
*47a2d117b23eb832c49a40d89544290c*
`登陆天数: 39天 / 677天
等级: 130
石头: 3297
呼符: 19
体力: 25.47333333333333 / 138
友情点: 0 / 444215`
_2024-07-01 04:13:42_
--------
*90e092e44c74be9a75ba4dbaf4d2c1ce*
`登陆天数: 39天 / 676天
等级: 130
石头: 3705
呼符: 19
体力: 25.443333333333328 / 138
友情点: 0 / 426875`
_2024-07-01 04:13:49_
--------
*5a46e6df6ebbaa6c9264fbf7a7f4cf97*
`登陆天数: 39天 / 677天
等级: 130
石头: 4103
呼符: 130
体力: 25.413333333333327 / 138
友情点: 0 / 384950`
_2024-07-01 04:13:57_
--------
*ee79bb4c5b33d955003f95a531ac2abb*
`登陆天数: 40天 / 678天
等级: 130
石头: 3796
呼符: 19
体力: 25.38333333333334 / 138
友情点: 0 / 397595`
_2024-07-01 04:14:04_
--------
*866f77448c8f03f74fef9cba8c3a97de*
`登陆天数: 39天 / 676天
等级: 130
石头: 3615
呼符: 19
体力: 25.35333333333334 / 138
友情点: 0 / 428490`
_2024-07-01 04:14:12_
--------
*995e5288ee374474556d524ec90e46cb*
`登陆天数: 39天 / 677天
等级: 130
石头: 3290
呼符: 19
体力: 25.323333333333338 / 138
友情点: 0 / 439285`
_2024-07-01 04:14:20_
--------
*78e8ba6a5a0d44ed7d17d0455f9deaab*
`登陆天数: 39天 / 677天
等级: 130
石头: 2358
呼符: 19
体力: 25.293333333333337 / 138
友情点: 0 / 461105`
_2024-07-01 04:14:28_
--------
*0fe35c1d66efe9a5c562f7be6832cc84*
`登陆天数: 39天 / 676天
等级: 130
石头: 2837
呼符: 19
体力: 25.260000000000005 / 138
友情点: 0 / 455535`
_2024-07-01 04:14:35_
--------
*11d64e0c78adf2c2eba1dd909c3710bd*
`登陆天数: 39天 / 677天
等级: 130
石头: 3321
呼符: 19
体力: 25.230000000000004 / 138
友情点: 0 / 424585`
_2024-07-01 04:14:43_
--------
*6701533d571ef06f528eb4e9f47a56e9*
`登陆天数: 39天 / 676天
等级: 130
石头: 3467
呼符: 19
体力: 25.200000000000003 / 138
友情点: 0 / 427505`
_2024-07-01 04:14:50_
--------
*77b2a7d9dfee6d1a826cd458068c8a29*
`登陆天数: 39天 / 676天
等级: 130
石头: 2386
呼符: 19
体力: 25.173333333333332 / 138
友情点: 0 / 480745`
_2024-07-01 04:14:58_
--------
*59682f4c579b953bcd460b9d3fe88aa0*
`登陆天数: 39天 / 676天
等级: 130
石头: 3795
呼符: 19
体力: 25.14 / 138
友情点: 0 / 410010`
_2024-07-01 04:15:06_
--------
*b35193aed167f327d78ce0adfe1fbe77*
`登陆天数: 39天 / 677天
等级: 130
石头: 3889
呼符: 19
体力: 25.11333333333333 / 138
友情点: 0 / 408740`
_2024-07-01 04:15:14_
--------
*1fd04e05f7c95407c1334e333f8827d4*
`登陆天数: 39天 / 677天
等级: 130
石头: 4102
呼符: 121
体力: 25.08 / 138
友情点: 0 / 372990`
_2024-07-01 04:15:21_
--------
*1fd2eeaf22ed15eb34d527f8039d05b3*
`登陆天数: 39天 / 677天
等级: 130
石头: 1941
呼符: 19
体力: 25.049999999999997 / 138
友情点: 0 / 479590`
_2024-07-01 04:15:29_
--------
*3f76fb1b9d7997e3de2308c5bcdb8bc9*
`登陆天数: 39天 / 677天
等级: 130
石头: 1066
呼符: 19
体力: 25.019999999999996 / 138
友情点: 0 / 480650`
_2024-07-01 04:15:36_
--------
*eee0b3e6b7dd5703c4549bfa3a139a10*
`登陆天数: 39天 / 676天
等级: 130
石头: 3048
呼符: 19
体力: 24.99333333333334 / 138
友情点: 0 / 454450`
_2024-07-01 04:15:44_
--------
*5589a8db0379b23ecb493bb071f3643a*
`登陆天数: 39天 / 677天
等级: 130
石头: 1625
呼符: 19
体力: 24.959999999999994 / 138
友情点: 0 / 481370`
_2024-07-01 04:15:52_
--------
*7d8db48a0e244c1ca890386554c54d41*
`登陆天数: 39天 / 677天
等级: 130
石头: 2386
呼符: 19
体力: 24.930000000000007 / 138
友情点: 0 / 480385`
_2024-07-01 04:16:00_
--------
*40e66032777d96dac6c12b5868720c71*
`登陆天数: 39天 / 676天
等级: 130
石头: 2807
呼符: 19
体力: 24.903333333333336 / 138
友情点: 0 / 459950`
_2024-07-01 04:16:07_
--------
*030fdcab94fa6dcd3d0219c1aa3fec91*
`登陆天数: 40天 / 677天
等级: 130
石头: 3980
呼符: 19
体力: 24.873333333333335 / 138
友情点: 0 / 374660`
_2024-07-01 04:16:15_
--------
*f2a6b5bd7d042d36f194d7b594e4c4fd*
`登陆天数: 39天 / 677天
等级: 130
石头: 2509
呼符: 19
体力: 24.843333333333334 / 138
友情点: 0 / 480795`
_2024-07-01 04:16:23_
--------
*6d2ccd6698dd732baa728d78688685bc*
`登陆天数: 39天 / 677天
等级: 130
石头: 2627
呼符: 19
体力: 24.813333333333333 / 138
友情点: 0 / 460480`
_2024-07-01 04:16:31_
--------
*a77d5d0e3f3c3dad5999df7d38ff4f65*
`登陆天数: 40天 / 677天
等级: 130
石头: 1340
呼符: 19
体力: 24.78666666666666 / 138
友情点: 0 / 483145`
_2024-07-01 04:16:38_
--------
*4162af9638b581515341913075e8610c*
`登陆天数: 39天 / 676天
等级: 130
石头: 2986
呼符: 19
体力: 24.760000000000005 / 138
友情点: 0 / 453945`
_2024-07-01 04:16:46_
--------
*31175a3486342431844afc154a4b3f8b*
`登陆天数: 39天 / 677天
等级: 130
石头: 2267
呼符: 19
体力: 24.730000000000004 / 138
友情点: 0 / 481160`
_2024-07-01 04:16:54_
--------
*c2e37c4cf95319ea9d8c787bc14b974c*
`登陆天数: 39天 / 676天
等级: 130
石头: 3171
呼符: 19
体力: 24.700000000000003 / 138
友情点: 0 / 448590`
_2024-07-01 04:17:02_
--------
*786d1d2e9f0942360cba24b47db52490*
`登陆天数: 39天 / 676天
等级: 130
石头: 3254
呼符: 19
体力: 24.673333333333332 / 138
友情点: 0 / 435000`
_2024-07-01 04:17:09_
--------
*6162d018cc4f591e6d1cb3e2ef8191d1*
`登陆天数: 39天 / 677天
等级: 130
石头: 3936
呼符: 19
体力: 24.64333333333333 / 138
友情点: 0 / 398290`
_2024-07-01 04:17:17_
--------
*646195caefa28ade965b91c400057f01*
`登陆天数: 39天 / 676天
等级: 130
石头: 1897
呼符: 19
体力: 24.61333333333333 / 138
友情点: 0 / 481900`
_2024-07-01 04:17:25_
--------
*3d5a228f1082bc550818e18f7971fe57*
`登陆天数: 39天 / 677天
等级: 130
石头: 2271
呼符: 0
体力: 23089.783333333333 / 138
友情点: 0 / 467010`
_2024-07-01 04:17:33_
--------
