【登录信息】
*31b243358b364f62610ba7677254fc68*
`登陆天数: 18天 / 656天
等级: 130
石头: 2711
呼符: 9
体力: 29.239999999999995 / 138
友情点: 0 / 465310`
_2024-06-09 04:30:16_
--------
*9466fbda39330496bc7fe0f505be466d*
`登陆天数: 18天 / 656天
等级: 130
石头: 1121
呼符: 9
体力: 29.206666666666663 / 138
友情点: 0 / 474855`
_2024-06-09 04:30:24_
--------
*6747c1001f4172edf19a5dca8032589e*
`登陆天数: 17天 / 654天
等级: 130
石头: 2076
呼符: 9
体力: 29.176666666666662 / 138
友情点: 0 / 475440`
_2024-06-09 04:30:32_
--------
*14bbc0295aa961661501c11d525b2f83*
`登陆天数: 17天 / 654天
等级: 130
石头: 2022
呼符: 9
体力: 29.14666666666666 / 138
友情点: 0 / 475595`
_2024-06-09 04:30:39_
--------
*7aa0af62f290929944b1b91344476fc1*
`登陆天数: 17天 / 655天
等级: 130
石头: 1030
呼符: 9
体力: 29.11666666666666 / 138
友情点: 0 / 473895`
_2024-06-09 04:30:47_
--------
*88566b7a44c500e7f18bdffddac6995d*
`登陆天数: 18天 / 655天
等级: 130
石头: 3582
呼符: 9
体力: 29.08333333333333 / 138
友情点: 0 / 463785`
_2024-06-09 04:30:55_
--------
*d6f3f22b5d094917fa2e4ce0c2fb30e6*
`登陆天数: 17天 / 654天
等级: 130
石头: 3779
呼符: 9
体力: 29.053333333333327 / 138
友情点: 0 / 464480`
_2024-06-09 04:31:03_
--------
*3066a1ca0a948c4849e81dd256133b61*
`登陆天数: 17天 / 654天
等级: 130
石头: 1956
呼符: 9
体力: 29.019999999999996 / 138
友情点: 0 / 477755`
_2024-06-09 04:31:11_
--------
*ed2cbea17334e7c90948f4c4ee35c290*
`登陆天数: 17天 / 655天
等级: 130
石头: 3667
呼符: 9
体力: 28.99333333333334 / 138
友情点: 0 / 465100`
_2024-06-09 04:31:19_
--------
*d8a46aa86df01ac54eb57e13c24c84b5*
`登陆天数: 17天 / 655天
等级: 130
石头: 3336
呼符: 9
体力: 28.96333333333334 / 138
友情点: 0 / 463405`
_2024-06-09 04:31:26_
--------
*60ad9bacd38edf21c49a7b5cdf6122e3*
`登陆天数: 18天 / 656天
等级: 130
石头: 3192
呼符: 9
体力: 28.926666666666662 / 138
友情点: 0 / 465475`
_2024-06-09 04:31:34_
--------
*c4367785448f14f322bc85a193c5a201*
`登陆天数: 17天 / 654天
等级: 130
石头: 2046
呼符: 9
体力: 28.89666666666666 / 138
友情点: 0 / 474700`
_2024-06-09 04:31:41_
--------
*c257623655d934c73fd403e2f22c3bfd*
`登陆天数: 17天 / 655天
等级: 130
石头: 1647
呼符: 9
体力: 28.86666666666666 / 138
友情点: 0 / 475935`
_2024-06-09 04:31:49_
--------
*a82ce897c907901143f2fb826a17df4d*
`登陆天数: 17天 / 655天
等级: 130
石头: 4030
呼符: 9
体力: 28.83333333333333 / 138
友情点: 0 / 463900`
_2024-06-09 04:31:57_
--------
*70b4a0cba6a0eb00591e93a745c5d404*
`登陆天数: 17天 / 654天
等级: 130
石头: 1737
呼符: 9
体力: 28.803333333333327 / 138
友情点: 0 / 474470`
_2024-06-09 04:32:05_
--------
*ea1ff75ddead5c7b8d08e386d6379714*
`登陆天数: 17天 / 655天
等级: 130
石头: 3276
呼符: 9
体力: 28.773333333333326 / 138
友情点: 0 / 465825`
_2024-06-09 04:32:12_
--------
*478514723839ea9e29a744e90ca4b143*
`登陆天数: 17天 / 655天
等级: 130
石头: 1535
呼符: 9
体力: 28.74333333333334 / 138
友情点: 0 / 474280`
_2024-06-09 04:32:20_
--------
*b4bfad4ccc318593c2522ac454a1e6ad*
`登陆天数: 17天 / 655天
等级: 130
石头: 1904
呼符: 9
体力: 28.71333333333334 / 138
友情点: 0 / 474640`
_2024-06-09 04:32:28_
--------
*fdb1d96dd08409d71345c27b8af9b6c0*
`登陆天数: 17天 / 654天
等级: 130
石头: 1994
呼符: 9
体力: 28.676666666666662 / 138
友情点: 0 / 474455`
_2024-06-09 04:32:36_
--------
*47a2d117b23eb832c49a40d89544290c*
`登陆天数: 17天 / 655天
等级: 130
石头: 3257
呼符: 9
体力: 28.64666666666666 / 138
友情点: 0 / 464215`
_2024-06-09 04:32:44_
--------
*90e092e44c74be9a75ba4dbaf4d2c1ce*
`登陆天数: 17天 / 654天
等级: 130
石头: 3665
呼符: 9
体力: 28.61333333333333 / 138
友情点: 0 / 464875`
_2024-06-09 04:32:51_
--------
*5a46e6df6ebbaa6c9264fbf7a7f4cf97*
`登陆天数: 17天 / 655天
等级: 130
石头: 4063
呼符: 120
体力: 28.58 / 138
友情点: 0 / 462950`
_2024-06-09 04:32:59_
--------
*ee79bb4c5b33d955003f95a531ac2abb*
`登陆天数: 18天 / 656天
等级: 130
石头: 3757
呼符: 9
体力: 28.546666666666667 / 138
友情点: 0 / 461595`
_2024-06-09 04:33:07_
--------
*866f77448c8f03f74fef9cba8c3a97de*
`登陆天数: 17天 / 654天
等级: 130
石头: 3575
呼符: 9
体力: 28.513333333333335 / 138
友情点: 0 / 462490`
_2024-06-09 04:33:14_
--------
*995e5288ee374474556d524ec90e46cb*
`登陆天数: 17天 / 655天
等级: 130
石头: 3250
呼符: 9
体力: 28.480000000000004 / 138
友情点: 0 / 463285`
_2024-06-09 04:33:22_
--------
*78e8ba6a5a0d44ed7d17d0455f9deaab*
`登陆天数: 17天 / 655天
等级: 130
石头: 2318
呼符: 9
体力: 28.446666666666673 / 138
友情点: 0 / 463105`
_2024-06-09 04:33:30_
--------
*0fe35c1d66efe9a5c562f7be6832cc84*
`登陆天数: 17天 / 654天
等级: 130
石头: 2797
呼符: 9
体力: 28.41666666666667 / 138
友情点: 0 / 463535`
_2024-06-09 04:33:37_
--------
*11d64e0c78adf2c2eba1dd909c3710bd*
`登陆天数: 17天 / 655天
等级: 130
石头: 3281
呼符: 9
体力: 28.379999999999995 / 138
友情点: 0 / 462585`
_2024-06-09 04:33:45_
--------
*6701533d571ef06f528eb4e9f47a56e9*
`登陆天数: 17天 / 654天
等级: 130
石头: 3427
呼符: 9
体力: 28.349999999999994 / 138
友情点: 0 / 461505`
_2024-06-09 04:33:53_
--------
*77b2a7d9dfee6d1a826cd458068c8a29*
`登陆天数: 17天 / 654天
等级: 130
石头: 2346
呼符: 9
体力: 28.316666666666663 / 138
友情点: 0 / 474745`
_2024-06-09 04:34:00_
--------
*59682f4c579b953bcd460b9d3fe88aa0*
`登陆天数: 17天 / 654天
等级: 130
石头: 3755
呼符: 9
体力: 28.290000000000006 / 138
友情点: 0 / 462010`
_2024-06-09 04:34:08_
--------
*b35193aed167f327d78ce0adfe1fbe77*
`登陆天数: 17天 / 655天
等级: 130
石头: 3849
呼符: 9
体力: 28.25333333333333 / 138
友情点: 0 / 462740`
_2024-06-09 04:34:16_
--------
*1fd04e05f7c95407c1334e333f8827d4*
`登陆天数: 17天 / 655天
等级: 130
石头: 4062
呼符: 111
体力: 28.22333333333333 / 138
友情点: 0 / 462990`
_2024-06-09 04:34:24_
--------
*1fd2eeaf22ed15eb34d527f8039d05b3*
`登陆天数: 17天 / 655天
等级: 130
石头: 1901
呼符: 9
体力: 28.189999999999998 / 138
友情点: 0 / 473590`
_2024-06-09 04:34:32_
--------
*3f76fb1b9d7997e3de2308c5bcdb8bc9*
`登陆天数: 17天 / 655天
等级: 130
石头: 1026
呼符: 9
体力: 28.159999999999997 / 138
友情点: 0 / 474650`
_2024-06-09 04:34:40_
--------
*eee0b3e6b7dd5703c4549bfa3a139a10*
`登陆天数: 17天 / 654天
等级: 130
石头: 3008
呼符: 9
体力: 28.13333333333334 / 138
友情点: 0 / 464450`
_2024-06-09 04:34:48_
--------
*5589a8db0379b23ecb493bb071f3643a*
`登陆天数: 17天 / 655天
等级: 130
石头: 1585
呼符: 9
体力: 28.099999999999994 / 138
友情点: 0 / 475370`
_2024-06-09 04:34:55_
--------
*7d8db48a0e244c1ca890386554c54d41*
`登陆天数: 17天 / 655天
等级: 130
石头: 2346
呼符: 9
体力: 28.066666666666663 / 138
友情点: 0 / 474385`
_2024-06-09 04:35:03_
--------
*40e66032777d96dac6c12b5868720c71*
`登陆天数: 17天 / 654天
等级: 130
石头: 2767
呼符: 9
体力: 28.03666666666666 / 138
友情点: 0 / 461950`
_2024-06-09 04:35:11_
--------
*030fdcab94fa6dcd3d0219c1aa3fec91*
`登陆天数: 18天 / 655天
等级: 130
石头: 3941
呼符: 9
体力: 28.00666666666666 / 138
友情点: 0 / 462660`
_2024-06-09 04:35:18_
--------
*f2a6b5bd7d042d36f194d7b594e4c4fd*
`登陆天数: 17天 / 655天
等级: 130
石头: 2469
呼符: 9
体力: 27.976666666666674 / 138
友情点: 0 / 474795`
_2024-06-09 04:35:26_
--------
*6d2ccd6698dd732baa728d78688685bc*
`登陆天数: 17天 / 655天
等级: 130
石头: 2587
呼符: 9
体力: 27.939999999999998 / 138
友情点: 0 / 462480`
_2024-06-09 04:35:34_
--------
*a77d5d0e3f3c3dad5999df7d38ff4f65*
`登陆天数: 18天 / 655天
等级: 130
石头: 1301
呼符: 9
体力: 27.909999999999997 / 138
友情点: 0 / 477145`
_2024-06-09 04:35:41_
--------
*4162af9638b581515341913075e8610c*
`登陆天数: 17天 / 654天
等级: 130
石头: 2946
呼符: 9
体力: 27.879999999999995 / 138
友情点: 0 / 461945`
_2024-06-09 04:35:49_
--------
*31175a3486342431844afc154a4b3f8b*
`登陆天数: 17天 / 655天
等级: 130
石头: 2227
呼符: 9
体力: 27.849999999999994 / 138
友情点: 0 / 475160`
_2024-06-09 04:35:57_
--------
*c2e37c4cf95319ea9d8c787bc14b974c*
`登陆天数: 17天 / 654天
等级: 130
石头: 3131
呼符: 9
体力: 27.816666666666663 / 138
友情点: 0 / 462590`
_2024-06-09 04:36:05_
--------
*786d1d2e9f0942360cba24b47db52490*
`登陆天数: 17天 / 654天
等级: 130
石头: 3214
呼符: 9
体力: 27.78666666666666 / 138
友情点: 0 / 463000`
_2024-06-09 04:36:13_
--------
*6162d018cc4f591e6d1cb3e2ef8191d1*
`登陆天数: 17天 / 655天
等级: 130
石头: 3896
呼符: 9
体力: 27.75 / 138
友情点: 0 / 462290`
_2024-06-09 04:36:20_
--------
*646195caefa28ade965b91c400057f01*
`登陆天数: 17天 / 654天
等级: 130
石头: 1857
呼符: 9
体力: 27.72 / 138
友情点: 0 / 475900`
_2024-06-09 04:36:28_
--------
*3d5a228f1082bc550818e18f7971fe57*
`登陆天数: 17天 / 655天
等级: 130
石头: 2271
呼符: 0
体力: 16757.593333333334 / 138
友情点: 0 / 467010`
_2024-06-09 04:36:36_
--------
