【登录信息】
*31b243358b364f62610ba7677254fc68*
`登陆天数: 19天 / 657天
等级: 130
石头: 2711
呼符: 9
体力: 30.773333333333326 / 138
友情点: 0 / 459310`
_2024-06-10 04:33:56_
--------
*9466fbda39330496bc7fe0f505be466d*
`登陆天数: 19天 / 657天
等级: 130
石头: 1121
呼符: 9
体力: 30.74333333333334 / 138
友情点: 0 / 474855`
_2024-06-10 04:34:04_
--------
*6747c1001f4172edf19a5dca8032589e*
`登陆天数: 18天 / 655天
等级: 130
石头: 2077
呼符: 9
体力: 30.71666666666667 / 138
友情点: 0 / 475440`
_2024-06-10 04:34:13_
--------
*14bbc0295aa961661501c11d525b2f83*
`登陆天数: 18天 / 655天
等级: 130
石头: 2023
呼符: 9
体力: 30.693333333333328 / 138
友情点: 0 / 475595`
_2024-06-10 04:34:21_
--------
*7aa0af62f290929944b1b91344476fc1*
`登陆天数: 18天 / 656天
等级: 130
石头: 1031
呼符: 9
体力: 30.66666666666667 / 138
友情点: 0 / 473895`
_2024-06-10 04:34:29_
--------
*88566b7a44c500e7f18bdffddac6995d*
`登陆天数: 19天 / 656天
等级: 130
石头: 3582
呼符: 9
体力: 30.64333333333333 / 138
友情点: 0 / 457785`
_2024-06-10 04:34:36_
--------
*d6f3f22b5d094917fa2e4ce0c2fb30e6*
`登陆天数: 18天 / 655天
等级: 130
石头: 3780
呼符: 9
体力: 30.61666666666666 / 138
友情点: 0 / 458480`
_2024-06-10 04:34:44_
--------
*3066a1ca0a948c4849e81dd256133b61*
`登陆天数: 18天 / 655天
等级: 130
石头: 1957
呼符: 9
体力: 30.586666666666673 / 138
友情点: 0 / 477755`
_2024-06-10 04:34:52_
--------
*ed2cbea17334e7c90948f4c4ee35c290*
`登陆天数: 18天 / 656天
等级: 130
石头: 3668
呼符: 9
体力: 30.563333333333333 / 138
友情点: 0 / 459100`
_2024-06-10 04:35:00_
--------
*d8a46aa86df01ac54eb57e13c24c84b5*
`登陆天数: 18天 / 656天
等级: 130
石头: 3337
呼符: 9
体力: 30.53666666666666 / 138
友情点: 0 / 457405`
_2024-06-10 04:35:08_
--------
*60ad9bacd38edf21c49a7b5cdf6122e3*
`登陆天数: 19天 / 657天
等级: 130
石头: 3192
呼符: 9
体力: 30.50666666666666 / 138
友情点: 0 / 459475`
_2024-06-10 04:35:16_
--------
*c4367785448f14f322bc85a193c5a201*
`登陆天数: 18天 / 655天
等级: 130
石头: 2047
呼符: 9
体力: 30.480000000000004 / 138
友情点: 0 / 474700`
_2024-06-10 04:35:24_
--------
*c257623655d934c73fd403e2f22c3bfd*
`登陆天数: 18天 / 656天
等级: 130
石头: 1648
呼符: 9
体力: 30.453333333333333 / 138
友情点: 0 / 475935`
_2024-06-10 04:35:32_
--------
*a82ce897c907901143f2fb826a17df4d*
`登陆天数: 18天 / 656天
等级: 130
石头: 4031
呼符: 9
体力: 30.430000000000007 / 138
友情点: 0 / 457900`
_2024-06-10 04:35:40_
--------
*70b4a0cba6a0eb00591e93a745c5d404*
`登陆天数: 18天 / 655天
等级: 130
石头: 1738
呼符: 9
体力: 30.403333333333336 / 138
友情点: 0 / 474470`
_2024-06-10 04:35:48_
--------
*ea1ff75ddead5c7b8d08e386d6379714*
`登陆天数: 18天 / 656天
等级: 130
石头: 3277
呼符: 9
体力: 30.376666666666665 / 138
友情点: 0 / 459825`
_2024-06-10 04:35:56_
--------
*478514723839ea9e29a744e90ca4b143*
`登陆天数: 18天 / 656天
等级: 130
石头: 1536
呼符: 9
体力: 30.349999999999994 / 138
友情点: 0 / 474280`
_2024-06-10 04:36:05_
--------
*b4bfad4ccc318593c2522ac454a1e6ad*
`登陆天数: 18天 / 656天
等级: 130
石头: 1905
呼符: 9
体力: 30.323333333333338 / 138
友情点: 0 / 474640`
_2024-06-10 04:36:12_
--------
*fdb1d96dd08409d71345c27b8af9b6c0*
`登陆天数: 18天 / 655天
等级: 130
石头: 1995
呼符: 9
体力: 30.296666666666667 / 138
友情点: 0 / 474455`
_2024-06-10 04:36:20_
--------
*47a2d117b23eb832c49a40d89544290c*
`登陆天数: 18天 / 656天
等级: 130
石头: 3258
呼符: 9
体力: 30.269999999999996 / 138
友情点: 0 / 458215`
_2024-06-10 04:36:28_
--------
*90e092e44c74be9a75ba4dbaf4d2c1ce*
`登陆天数: 18天 / 655天
等级: 130
石头: 3666
呼符: 9
体力: 30.24333333333334 / 138
友情点: 0 / 458875`
_2024-06-10 04:36:36_
--------
*5a46e6df6ebbaa6c9264fbf7a7f4cf97*
`登陆天数: 18天 / 656天
等级: 130
石头: 4064
呼符: 120
体力: 30.21666666666667 / 138
友情点: 0 / 456950`
_2024-06-10 04:36:44_
--------
*ee79bb4c5b33d955003f95a531ac2abb*
`登陆天数: 19天 / 657天
等级: 130
石头: 3757
呼符: 9
体力: 30.189999999999998 / 138
友情点: 0 / 455595`
_2024-06-10 04:36:52_
--------
*866f77448c8f03f74fef9cba8c3a97de*
`登陆天数: 18天 / 655天
等级: 130
石头: 3576
呼符: 9
体力: 30.163333333333327 / 138
友情点: 0 / 456490`
_2024-06-10 04:37:01_
--------
*995e5288ee374474556d524ec90e46cb*
`登陆天数: 18天 / 656天
等级: 130
石头: 3251
呼符: 9
体力: 30.13666666666667 / 138
友情点: 0 / 457285`
_2024-06-10 04:37:09_
--------
*78e8ba6a5a0d44ed7d17d0455f9deaab*
`登陆天数: 18天 / 656天
等级: 130
石头: 2319
呼符: 9
体力: 30.10666666666667 / 138
友情点: 0 / 457105`
_2024-06-10 04:37:17_
--------
*0fe35c1d66efe9a5c562f7be6832cc84*
`登陆天数: 18天 / 655天
等级: 130
石头: 2798
呼符: 9
体力: 30.08 / 138
友情点: 0 / 457535`
_2024-06-10 04:37:25_
--------
*11d64e0c78adf2c2eba1dd909c3710bd*
`登陆天数: 18天 / 656天
等级: 130
石头: 3282
呼符: 9
体力: 30.053333333333327 / 138
友情点: 0 / 456585`
_2024-06-10 04:37:32_
--------
*6701533d571ef06f528eb4e9f47a56e9*
`登陆天数: 18天 / 655天
等级: 130
石头: 3428
呼符: 9
体力: 30.02666666666667 / 138
友情点: 0 / 455505`
_2024-06-10 04:37:40_
--------
*77b2a7d9dfee6d1a826cd458068c8a29*
`登陆天数: 18天 / 655天
等级: 130
石头: 2347
呼符: 9
体力: 30.0 / 138
友情点: 0 / 474745`
_2024-06-10 04:37:48_
--------
*59682f4c579b953bcd460b9d3fe88aa0*
`登陆天数: 18天 / 655天
等级: 130
石头: 3756
呼符: 9
体力: 29.97333333333333 / 138
友情点: 0 / 456010`
_2024-06-10 04:37:56_
--------
*b35193aed167f327d78ce0adfe1fbe77*
`登陆天数: 18天 / 656天
等级: 130
石头: 3850
呼符: 9
体力: 29.950000000000003 / 138
友情点: 0 / 456740`
_2024-06-10 04:38:04_
--------
*1fd04e05f7c95407c1334e333f8827d4*
`登陆天数: 18天 / 656天
等级: 130
石头: 4063
呼符: 111
体力: 29.923333333333332 / 138
友情点: 0 / 456990`
_2024-06-10 04:38:12_
--------
*1fd2eeaf22ed15eb34d527f8039d05b3*
`登陆天数: 18天 / 656天
等级: 130
石头: 1902
呼符: 9
体力: 29.89666666666666 / 138
友情点: 0 / 473590`
_2024-06-10 04:38:20_
--------
*3f76fb1b9d7997e3de2308c5bcdb8bc9*
`登陆天数: 18天 / 656天
等级: 130
石头: 1027
呼符: 9
体力: 29.870000000000005 / 138
友情点: 0 / 474650`
_2024-06-10 04:38:28_
--------
*eee0b3e6b7dd5703c4549bfa3a139a10*
`登陆天数: 18天 / 655天
等级: 130
石头: 3009
呼符: 9
体力: 29.843333333333334 / 138
友情点: 0 / 458450`
_2024-06-10 04:38:36_
--------
*5589a8db0379b23ecb493bb071f3643a*
`登陆天数: 18天 / 656天
等级: 130
石头: 1586
呼符: 9
体力: 29.813333333333333 / 138
友情点: 0 / 475370`
_2024-06-10 04:38:44_
--------
*7d8db48a0e244c1ca890386554c54d41*
`登陆天数: 18天 / 656天
等级: 130
石头: 2347
呼符: 9
体力: 29.790000000000006 / 138
友情点: 0 / 474385`
_2024-06-10 04:38:51_
--------
*40e66032777d96dac6c12b5868720c71*
`登陆天数: 18天 / 655天
等级: 130
石头: 2768
呼符: 9
体力: 29.766666666666666 / 138
友情点: 0 / 455950`
_2024-06-10 04:38:59_
--------
*030fdcab94fa6dcd3d0219c1aa3fec91*
`登陆天数: 19天 / 656天
等级: 130
石头: 3941
呼符: 9
体力: 29.739999999999995 / 138
友情点: 0 / 456660`
_2024-06-10 04:39:08_
--------
*f2a6b5bd7d042d36f194d7b594e4c4fd*
`登陆天数: 18天 / 656天
等级: 130
石头: 2470
呼符: 9
体力: 29.709999999999994 / 138
友情点: 0 / 474795`
_2024-06-10 04:39:15_
--------
*6d2ccd6698dd732baa728d78688685bc*
`登陆天数: 18天 / 656天
等级: 130
石头: 2588
呼符: 9
体力: 29.686666666666667 / 138
友情点: 0 / 456480`
_2024-06-10 04:39:23_
--------
*a77d5d0e3f3c3dad5999df7d38ff4f65*
`登陆天数: 19天 / 656天
等级: 130
石头: 1301
呼符: 9
体力: 29.659999999999997 / 138
友情点: 0 / 477145`
_2024-06-10 04:39:32_
--------
*4162af9638b581515341913075e8610c*
`登陆天数: 18天 / 655天
等级: 130
石头: 2947
呼符: 9
体力: 29.63333333333334 / 138
友情点: 0 / 455945`
_2024-06-10 04:39:40_
--------
*31175a3486342431844afc154a4b3f8b*
`登陆天数: 18天 / 656天
等级: 130
石头: 2228
呼符: 9
体力: 29.60666666666667 / 138
友情点: 0 / 475160`
_2024-06-10 04:39:47_
--------
*c2e37c4cf95319ea9d8c787bc14b974c*
`登陆天数: 18天 / 655天
等级: 130
石头: 3132
呼符: 9
体力: 29.58333333333333 / 138
友情点: 0 / 456590`
_2024-06-10 04:39:56_
--------
*786d1d2e9f0942360cba24b47db52490*
`登陆天数: 18天 / 655天
等级: 130
石头: 3215
呼符: 9
体力: 29.556666666666672 / 138
友情点: 0 / 457000`
_2024-06-10 04:40:04_
--------
*6162d018cc4f591e6d1cb3e2ef8191d1*
`登陆天数: 18天 / 656天
等级: 130
石头: 3897
呼符: 9
体力: 29.53333333333333 / 138
友情点: 0 / 456290`
_2024-06-10 04:40:12_
--------
*646195caefa28ade965b91c400057f01*
`登陆天数: 18天 / 655天
等级: 130
石头: 1858
呼符: 9
体力: 29.50666666666666 / 138
友情点: 0 / 475900`
_2024-06-10 04:40:20_
--------
*3d5a228f1082bc550818e18f7971fe57*
`登陆天数: 18天 / 656天
等级: 130
石头: 2271
呼符: 0
体力: 17046.37 / 138
友情点: 0 / 467010`
_2024-06-10 04:40:28_
--------
