【登录信息】
*31b243358b364f62610ba7677254fc68*
`登陆天数: 20天 / 658天
等级: 130
石头: 2713
呼符: 9
体力: 30.52666666666667 / 138
友情点: 0 / 457310`
_2024-06-11 04:32:47_
--------
*9466fbda39330496bc7fe0f505be466d*
`登陆天数: 20天 / 658天
等级: 130
石头: 1123
呼符: 9
体力: 30.5 / 138
友情点: 0 / 474855`
_2024-06-11 04:32:55_
--------
*6747c1001f4172edf19a5dca8032589e*
`登陆天数: 19天 / 656天
等级: 130
石头: 2077
呼符: 9
体力: 30.47 / 138
友情点: 0 / 475440`
_2024-06-11 04:33:03_
--------
*14bbc0295aa961661501c11d525b2f83*
`登陆天数: 19天 / 656天
等级: 130
石头: 2023
呼符: 9
体力: 30.439999999999998 / 138
友情点: 0 / 475595`
_2024-06-11 04:33:11_
--------
*7aa0af62f290929944b1b91344476fc1*
`登陆天数: 19天 / 657天
等级: 130
石头: 1031
呼符: 9
体力: 30.41666666666667 / 138
友情点: 0 / 473895`
_2024-06-11 04:33:20_
--------
*88566b7a44c500e7f18bdffddac6995d*
`登陆天数: 20天 / 657天
等级: 130
石头: 3584
呼符: 9
体力: 30.39 / 138
友情点: 0 / 451785`
_2024-06-11 04:33:28_
--------
*d6f3f22b5d094917fa2e4ce0c2fb30e6*
`登陆天数: 19天 / 656天
等级: 130
石头: 3780
呼符: 9
体力: 30.36 / 138
友情点: 0 / 452480`
_2024-06-11 04:33:36_
--------
*3066a1ca0a948c4849e81dd256133b61*
`登陆天数: 19天 / 656天
等级: 130
石头: 1957
呼符: 9
体力: 30.33333333333333 / 138
友情点: 0 / 477755`
_2024-06-11 04:33:45_
--------
*ed2cbea17334e7c90948f4c4ee35c290*
`登陆天数: 19天 / 657天
等级: 130
石头: 3668
呼符: 9
体力: 30.303333333333327 / 138
友情点: 0 / 453100`
_2024-06-11 04:33:53_
--------
*d8a46aa86df01ac54eb57e13c24c84b5*
`登陆天数: 19天 / 657天
等级: 130
石头: 3337
呼符: 9
体力: 30.273333333333326 / 138
友情点: 0 / 451405`
_2024-06-11 04:34:01_
--------
*60ad9bacd38edf21c49a7b5cdf6122e3*
`登陆天数: 20天 / 658天
等级: 130
石头: 3194
呼符: 9
体力: 30.24333333333334 / 138
友情点: 0 / 453475`
_2024-06-11 04:34:09_
--------
*c4367785448f14f322bc85a193c5a201*
`登陆天数: 19天 / 656天
等级: 130
石头: 2047
呼符: 9
体力: 30.21333333333334 / 138
友情点: 0 / 474700`
_2024-06-11 04:34:17_
--------
*c257623655d934c73fd403e2f22c3bfd*
`登陆天数: 19天 / 657天
等级: 130
石头: 1648
呼符: 9
体力: 30.183333333333337 / 138
友情点: 0 / 475935`
_2024-06-11 04:34:25_
--------
*a82ce897c907901143f2fb826a17df4d*
`登陆天数: 19天 / 657天
等级: 130
石头: 4031
呼符: 9
体力: 30.156666666666666 / 138
友情点: 0 / 451900`
_2024-06-11 04:34:33_
--------
*70b4a0cba6a0eb00591e93a745c5d404*
`登陆天数: 19天 / 656天
等级: 130
石头: 1738
呼符: 9
体力: 30.123333333333335 / 138
友情点: 0 / 474470`
_2024-06-11 04:34:42_
--------
*ea1ff75ddead5c7b8d08e386d6379714*
`登陆天数: 19天 / 657天
等级: 130
石头: 3277
呼符: 9
体力: 30.096666666666664 / 138
友情点: 0 / 453825`
_2024-06-11 04:34:50_
--------
*478514723839ea9e29a744e90ca4b143*
`登陆天数: 19天 / 657天
等级: 130
石头: 1536
呼符: 9
体力: 30.066666666666663 / 138
友情点: 0 / 474280`
_2024-06-11 04:34:58_
--------
*b4bfad4ccc318593c2522ac454a1e6ad*
`登陆天数: 19天 / 657天
等级: 130
石头: 1905
呼符: 9
体力: 30.03666666666666 / 138
友情点: 0 / 474640`
_2024-06-11 04:35:06_
--------
*fdb1d96dd08409d71345c27b8af9b6c0*
`登陆天数: 19天 / 656天
等级: 130
石头: 1995
呼符: 9
体力: 30.010000000000005 / 138
友情点: 0 / 474455`
_2024-06-11 04:35:13_
--------
*47a2d117b23eb832c49a40d89544290c*
`登陆天数: 19天 / 657天
等级: 130
石头: 3258
呼符: 9
体力: 29.980000000000004 / 138
友情点: 0 / 452215`
_2024-06-11 04:35:21_
--------
*90e092e44c74be9a75ba4dbaf4d2c1ce*
`登陆天数: 19天 / 656天
等级: 130
石头: 3666
呼符: 9
体力: 29.950000000000003 / 138
友情点: 0 / 452875`
_2024-06-11 04:35:29_
--------
*5a46e6df6ebbaa6c9264fbf7a7f4cf97*
`登陆天数: 19天 / 657天
等级: 130
石头: 4064
呼符: 120
体力: 29.92 / 138
友情点: 0 / 450950`
_2024-06-11 04:35:37_
--------
*ee79bb4c5b33d955003f95a531ac2abb*
`登陆天数: 20天 / 658天
等级: 130
石头: 3759
呼符: 9
体力: 29.89333333333333 / 138
友情点: 0 / 449595`
_2024-06-11 04:35:45_
--------
*866f77448c8f03f74fef9cba8c3a97de*
`登陆天数: 19天 / 656天
等级: 130
石头: 3576
呼符: 9
体力: 29.86333333333333 / 138
友情点: 0 / 450490`
_2024-06-11 04:35:53_
--------
*995e5288ee374474556d524ec90e46cb*
`登陆天数: 19天 / 657天
等级: 130
石头: 3251
呼符: 9
体力: 29.83333333333333 / 138
友情点: 0 / 451285`
_2024-06-11 04:36:01_
--------
*78e8ba6a5a0d44ed7d17d0455f9deaab*
`登陆天数: 19天 / 657天
等级: 130
石头: 2319
呼符: 9
体力: 29.799999999999997 / 138
友情点: 0 / 455105`
_2024-06-11 04:36:09_
--------
*0fe35c1d66efe9a5c562f7be6832cc84*
`登陆天数: 19天 / 656天
等级: 130
石头: 2798
呼符: 9
体力: 29.769999999999996 / 138
友情点: 0 / 451535`
_2024-06-11 04:36:17_
--------
*11d64e0c78adf2c2eba1dd909c3710bd*
`登陆天数: 19天 / 657天
等级: 130
石头: 3282
呼符: 9
体力: 29.74333333333334 / 138
友情点: 0 / 450585`
_2024-06-11 04:36:25_
--------
*6701533d571ef06f528eb4e9f47a56e9*
`登陆天数: 19天 / 656天
等级: 130
石头: 3428
呼符: 9
体力: 29.709999999999994 / 138
友情点: 0 / 449505`
_2024-06-11 04:36:33_
--------
*77b2a7d9dfee6d1a826cd458068c8a29*
`登陆天数: 19天 / 656天
等级: 130
石头: 2347
呼符: 9
体力: 29.676666666666662 / 138
友情点: 0 / 474745`
_2024-06-11 04:36:41_
--------
*59682f4c579b953bcd460b9d3fe88aa0*
`登陆天数: 19天 / 656天
等级: 130
石头: 3756
呼符: 9
体力: 29.650000000000006 / 138
友情点: 0 / 450010`
_2024-06-11 04:36:49_
--------
*b35193aed167f327d78ce0adfe1fbe77*
`登陆天数: 19天 / 657天
等级: 130
石头: 3850
呼符: 9
体力: 29.623333333333335 / 138
友情点: 0 / 450740`
_2024-06-11 04:36:58_
--------
*1fd04e05f7c95407c1334e333f8827d4*
`登陆天数: 19天 / 657天
等级: 130
石头: 4063
呼符: 111
体力: 29.596666666666664 / 138
友情点: 0 / 450990`
_2024-06-11 04:37:06_
--------
*1fd2eeaf22ed15eb34d527f8039d05b3*
`登陆天数: 19天 / 657天
等级: 130
石头: 1902
呼符: 9
体力: 29.566666666666663 / 138
友情点: 0 / 473590`
_2024-06-11 04:37:14_
--------
*3f76fb1b9d7997e3de2308c5bcdb8bc9*
`登陆天数: 19天 / 657天
等级: 130
石头: 1027
呼符: 9
体力: 29.540000000000006 / 138
友情点: 0 / 474650`
_2024-06-11 04:37:22_
--------
*eee0b3e6b7dd5703c4549bfa3a139a10*
`登陆天数: 19天 / 656天
等级: 130
石头: 3009
呼符: 9
体力: 29.510000000000005 / 138
友情点: 0 / 452450`
_2024-06-11 04:37:30_
--------
*5589a8db0379b23ecb493bb071f3643a*
`登陆天数: 19天 / 657天
等级: 130
石头: 1586
呼符: 9
体力: 29.476666666666674 / 138
友情点: 0 / 475370`
_2024-06-11 04:37:38_
--------
*7d8db48a0e244c1ca890386554c54d41*
`登陆天数: 19天 / 657天
等级: 130
石头: 2347
呼符: 9
体力: 29.450000000000003 / 138
友情点: 0 / 474385`
_2024-06-11 04:37:46_
--------
*40e66032777d96dac6c12b5868720c71*
`登陆天数: 19天 / 656天
等级: 130
石头: 2768
呼符: 9
体力: 29.42 / 138
友情点: 0 / 453950`
_2024-06-11 04:37:55_
--------
*030fdcab94fa6dcd3d0219c1aa3fec91*
`登陆天数: 20天 / 657天
等级: 130
石头: 3943
呼符: 9
体力: 29.39666666666666 / 138
友情点: 0 / 450660`
_2024-06-11 04:38:03_
--------
*f2a6b5bd7d042d36f194d7b594e4c4fd*
`登陆天数: 19天 / 657天
等级: 130
石头: 2470
呼符: 9
体力: 29.370000000000005 / 138
友情点: 0 / 474795`
_2024-06-11 04:38:11_
--------
*6d2ccd6698dd732baa728d78688685bc*
`登陆天数: 19天 / 657天
等级: 130
石头: 2588
呼符: 9
体力: 29.340000000000003 / 138
友情点: 0 / 454480`
_2024-06-11 04:38:19_
--------
*a77d5d0e3f3c3dad5999df7d38ff4f65*
`登陆天数: 20天 / 657天
等级: 130
石头: 1303
呼符: 9
体力: 29.313333333333333 / 138
友情点: 0 / 477145`
_2024-06-11 04:38:27_
--------
*4162af9638b581515341913075e8610c*
`登陆天数: 19天 / 656天
等级: 130
石头: 2947
呼符: 9
体力: 29.28666666666666 / 138
友情点: 0 / 449945`
_2024-06-11 04:38:35_
--------
*31175a3486342431844afc154a4b3f8b*
`登陆天数: 19天 / 657天
等级: 130
石头: 2228
呼符: 9
体力: 29.25666666666666 / 138
友情点: 0 / 475160`
_2024-06-11 04:38:43_
--------
*c2e37c4cf95319ea9d8c787bc14b974c*
`登陆天数: 19天 / 656天
等级: 130
石头: 3132
呼符: 9
体力: 29.226666666666674 / 138
友情点: 0 / 450590`
_2024-06-11 04:38:51_
--------
*786d1d2e9f0942360cba24b47db52490*
`登陆天数: 19天 / 656天
等级: 130
石头: 3215
呼符: 9
体力: 29.193333333333328 / 138
友情点: 0 / 451000`
_2024-06-11 04:38:59_
--------
*6162d018cc4f591e6d1cb3e2ef8191d1*
`登陆天数: 19天 / 657天
等级: 130
石头: 3897
呼符: 9
体力: 29.163333333333327 / 138
友情点: 0 / 450290`
_2024-06-11 04:39:07_
--------
*646195caefa28ade965b91c400057f01*
`登陆天数: 19天 / 656天
等级: 130
石头: 1858
呼符: 9
体力: 29.13333333333334 / 138
友情点: 0 / 475900`
_2024-06-11 04:39:15_
--------
*3d5a228f1082bc550818e18f7971fe57*
`登陆天数: 19天 / 657天
等级: 130
石头: 2271
呼符: 0
体力: 17334.15 / 138
友情点: 0 / 467010`
_2024-06-11 04:39:23_
--------
