【登录信息】
*31b243358b364f62610ba7677254fc68*
`登陆天数: 21天 / 659天
等级: 130
石头: 2713
呼符: 10
体力: 29.959999999999994 / 138
友情点: 0 / 457310`
_2024-06-12 04:30:38_
--------
*9466fbda39330496bc7fe0f505be466d*
`登陆天数: 21天 / 659天
等级: 130
石头: 1123
呼符: 10
体力: 29.926666666666662 / 138
友情点: 0 / 474855`
_2024-06-12 04:30:46_
--------
*6747c1001f4172edf19a5dca8032589e*
`登陆天数: 20天 / 657天
等级: 130
石头: 2079
呼符: 9
体力: 29.89666666666666 / 138
友情点: 0 / 475440`
_2024-06-12 04:30:54_
--------
*14bbc0295aa961661501c11d525b2f83*
`登陆天数: 20天 / 657天
等级: 130
石头: 2025
呼符: 9
体力: 29.86666666666666 / 138
友情点: 0 / 475595`
_2024-06-12 04:31:01_
--------
*7aa0af62f290929944b1b91344476fc1*
`登陆天数: 20天 / 658天
等级: 130
石头: 1033
呼符: 9
体力: 29.83333333333333 / 138
友情点: 0 / 473895`
_2024-06-12 04:31:09_
--------
*88566b7a44c500e7f18bdffddac6995d*
`登陆天数: 21天 / 658天
等级: 130
石头: 3584
呼符: 10
体力: 29.803333333333327 / 138
友情点: 0 / 445785`
_2024-06-12 04:31:17_
--------
*d6f3f22b5d094917fa2e4ce0c2fb30e6*
`登陆天数: 20天 / 657天
等级: 130
石头: 3782
呼符: 9
体力: 29.773333333333326 / 138
友情点: 0 / 446480`
_2024-06-12 04:31:25_
--------
*3066a1ca0a948c4849e81dd256133b61*
`登陆天数: 20天 / 657天
等级: 130
石头: 1959
呼符: 9
体力: 29.74333333333334 / 138
友情点: 0 / 477755`
_2024-06-12 04:31:32_
--------
*ed2cbea17334e7c90948f4c4ee35c290*
`登陆天数: 20天 / 658天
等级: 130
石头: 3670
呼符: 9
体力: 29.71333333333334 / 138
友情点: 0 / 447100`
_2024-06-12 04:31:40_
--------
*d8a46aa86df01ac54eb57e13c24c84b5*
`登陆天数: 20天 / 658天
等级: 130
石头: 3339
呼符: 9
体力: 29.683333333333337 / 138
友情点: 0 / 445405`
_2024-06-12 04:31:48_
--------
*60ad9bacd38edf21c49a7b5cdf6122e3*
`登陆天数: 21天 / 659天
等级: 130
石头: 3194
呼符: 10
体力: 29.653333333333336 / 138
友情点: 0 / 447475`
_2024-06-12 04:31:55_
--------
*c4367785448f14f322bc85a193c5a201*
`登陆天数: 20天 / 657天
等级: 130
石头: 2049
呼符: 9
体力: 29.620000000000005 / 138
友情点: 0 / 474700`
_2024-06-12 04:32:03_
--------
*c257623655d934c73fd403e2f22c3bfd*
`登陆天数: 20天 / 658天
等级: 130
石头: 1650
呼符: 9
体力: 29.593333333333334 / 138
友情点: 0 / 475935`
_2024-06-12 04:32:11_
--------
*a82ce897c907901143f2fb826a17df4d*
`登陆天数: 20天 / 658天
等级: 130
石头: 4033
呼符: 9
体力: 29.569999999999993 / 138
友情点: 0 / 445900`
_2024-06-12 04:32:18_
--------
*70b4a0cba6a0eb00591e93a745c5d404*
`登陆天数: 20天 / 657天
等级: 130
石头: 1740
呼符: 9
体力: 29.540000000000006 / 138
友情点: 0 / 474470`
_2024-06-12 04:32:26_
--------
*ea1ff75ddead5c7b8d08e386d6379714*
`登陆天数: 20天 / 658天
等级: 130
石头: 3279
呼符: 9
体力: 29.513333333333335 / 138
友情点: 0 / 447825`
_2024-06-12 04:32:34_
--------
*478514723839ea9e29a744e90ca4b143*
`登陆天数: 20天 / 658天
等级: 130
石头: 1538
呼符: 9
体力: 29.486666666666665 / 138
友情点: 0 / 474280`
_2024-06-12 04:32:41_
--------
*b4bfad4ccc318593c2522ac454a1e6ad*
`登陆天数: 20天 / 658天
等级: 130
石头: 1907
呼符: 9
体力: 29.456666666666663 / 138
友情点: 0 / 474640`
_2024-06-12 04:32:49_
--------
*fdb1d96dd08409d71345c27b8af9b6c0*
`登陆天数: 20天 / 657天
等级: 130
石头: 1997
呼符: 9
体力: 29.433333333333337 / 138
友情点: 0 / 474455`
_2024-06-12 04:32:57_
--------
*47a2d117b23eb832c49a40d89544290c*
`登陆天数: 20天 / 658天
等级: 130
石头: 3260
呼符: 9
体力: 29.409999999999997 / 138
友情点: 0 / 446215`
_2024-06-12 04:33:04_
--------
*90e092e44c74be9a75ba4dbaf4d2c1ce*
`登陆天数: 20天 / 657天
等级: 130
石头: 3668
呼符: 9
体力: 29.373333333333335 / 138
友情点: 0 / 446875`
_2024-06-12 04:33:12_
--------
*5a46e6df6ebbaa6c9264fbf7a7f4cf97*
`登陆天数: 20天 / 658天
等级: 130
石头: 4066
呼符: 120
体力: 29.343333333333334 / 138
友情点: 0 / 444950`
_2024-06-12 04:33:19_
--------
*ee79bb4c5b33d955003f95a531ac2abb*
`登陆天数: 21天 / 659天
等级: 130
石头: 3759
呼符: 10
体力: 29.310000000000002 / 138
友情点: 0 / 443595`
_2024-06-12 04:33:27_
--------
*866f77448c8f03f74fef9cba8c3a97de*
`登陆天数: 20天 / 657天
等级: 130
石头: 3578
呼符: 9
体力: 29.28 / 138
友情点: 0 / 444490`
_2024-06-12 04:33:35_
--------
*995e5288ee374474556d524ec90e46cb*
`登陆天数: 20天 / 658天
等级: 130
石头: 3253
呼符: 9
体力: 29.24666666666667 / 138
友情点: 0 / 445285`
_2024-06-12 04:33:42_
--------
*78e8ba6a5a0d44ed7d17d0455f9deaab*
`登陆天数: 20天 / 658天
等级: 130
石头: 2321
呼符: 9
体力: 29.21333333333334 / 138
友情点: 0 / 455105`
_2024-06-12 04:33:50_
--------
*0fe35c1d66efe9a5c562f7be6832cc84*
`登陆天数: 20天 / 657天
等级: 130
石头: 2800
呼符: 9
体力: 29.189999999999998 / 138
友情点: 0 / 449535`
_2024-06-12 04:33:57_
--------
*11d64e0c78adf2c2eba1dd909c3710bd*
`登陆天数: 20天 / 658天
等级: 130
石头: 3284
呼符: 9
体力: 29.159999999999997 / 138
友情点: 0 / 444585`
_2024-06-12 04:34:05_
--------
*6701533d571ef06f528eb4e9f47a56e9*
`登陆天数: 20天 / 657天
等级: 130
石头: 3430
呼符: 9
体力: 29.126666666666665 / 138
友情点: 0 / 443505`
_2024-06-12 04:34:13_
--------
*77b2a7d9dfee6d1a826cd458068c8a29*
`登陆天数: 20天 / 657天
等级: 130
石头: 2349
呼符: 9
体力: 29.096666666666664 / 138
友情点: 0 / 474745`
_2024-06-12 04:34:20_
--------
*59682f4c579b953bcd460b9d3fe88aa0*
`登陆天数: 20天 / 657天
等级: 130
石头: 3758
呼符: 9
体力: 29.066666666666663 / 138
友情点: 0 / 444010`
_2024-06-12 04:34:28_
--------
*b35193aed167f327d78ce0adfe1fbe77*
`登陆天数: 20天 / 658天
等级: 130
石头: 3852
呼符: 9
体力: 29.03666666666666 / 138
友情点: 0 / 444740`
_2024-06-12 04:34:36_
--------
*1fd04e05f7c95407c1334e333f8827d4*
`登陆天数: 20天 / 658天
等级: 130
石头: 4065
呼符: 111
体力: 29.00666666666666 / 138
友情点: 0 / 444990`
_2024-06-12 04:34:43_
--------
*1fd2eeaf22ed15eb34d527f8039d05b3*
`登陆天数: 20天 / 658天
等级: 130
石头: 1904
呼符: 9
体力: 28.980000000000004 / 138
友情点: 0 / 473590`
_2024-06-12 04:34:51_
--------
*3f76fb1b9d7997e3de2308c5bcdb8bc9*
`登陆天数: 20天 / 658天
等级: 130
石头: 1029
呼符: 9
体力: 28.953333333333333 / 138
友情点: 0 / 474650`
_2024-06-12 04:34:58_
--------
*eee0b3e6b7dd5703c4549bfa3a139a10*
`登陆天数: 20天 / 657天
等级: 130
石头: 3011
呼符: 9
体力: 28.926666666666662 / 138
友情点: 0 / 448450`
_2024-06-12 04:35:06_
--------
*5589a8db0379b23ecb493bb071f3643a*
`登陆天数: 20天 / 658天
等级: 130
石头: 1588
呼符: 9
体力: 28.89666666666666 / 138
友情点: 0 / 475370`
_2024-06-12 04:35:13_
--------
*7d8db48a0e244c1ca890386554c54d41*
`登陆天数: 20天 / 658天
等级: 130
石头: 2349
呼符: 9
体力: 28.86333333333333 / 138
友情点: 0 / 474385`
_2024-06-12 04:35:21_
--------
*40e66032777d96dac6c12b5868720c71*
`登陆天数: 20天 / 657天
等级: 130
石头: 2770
呼符: 9
体力: 28.836666666666673 / 138
友情点: 0 / 453950`
_2024-06-12 04:35:29_
--------
*030fdcab94fa6dcd3d0219c1aa3fec91*
`登陆天数: 21天 / 658天
等级: 130
石头: 3943
呼符: 10
体力: 28.810000000000002 / 138
友情点: 0 / 444660`
_2024-06-12 04:35:36_
--------
*f2a6b5bd7d042d36f194d7b594e4c4fd*
`登陆天数: 20天 / 658天
等级: 130
石头: 2472
呼符: 9
体力: 28.78333333333333 / 138
友情点: 0 / 474795`
_2024-06-12 04:35:45_
--------
*6d2ccd6698dd732baa728d78688685bc*
`登陆天数: 20天 / 658天
等级: 130
石头: 2590
呼符: 9
体力: 28.75666666666666 / 138
友情点: 0 / 454480`
_2024-06-12 04:35:52_
--------
*a77d5d0e3f3c3dad5999df7d38ff4f65*
`登陆天数: 21天 / 658天
等级: 130
石头: 1303
呼符: 10
体力: 28.730000000000004 / 138
友情点: 0 / 477145`
_2024-06-12 04:36:00_
--------
*4162af9638b581515341913075e8610c*
`登陆天数: 20天 / 657天
等级: 130
石头: 2949
呼符: 9
体力: 28.706666666666663 / 138
友情点: 0 / 447945`
_2024-06-12 04:36:07_
--------
*31175a3486342431844afc154a4b3f8b*
`登陆天数: 20天 / 658天
等级: 130
石头: 2230
呼符: 9
体力: 28.683333333333337 / 138
友情点: 0 / 475160`
_2024-06-12 04:36:15_
--------
*c2e37c4cf95319ea9d8c787bc14b974c*
`登陆天数: 20天 / 657天
等级: 130
石头: 3134
呼符: 9
体力: 28.653333333333336 / 138
友情点: 0 / 444590`
_2024-06-12 04:36:23_
--------
*786d1d2e9f0942360cba24b47db52490*
`登陆天数: 20天 / 657天
等级: 130
石头: 3217
呼符: 9
体力: 28.626666666666665 / 138
友情点: 0 / 445000`
_2024-06-12 04:36:30_
--------
*6162d018cc4f591e6d1cb3e2ef8191d1*
`登陆天数: 20天 / 658天
等级: 130
石头: 3899
呼符: 9
体力: 28.596666666666664 / 138
友情点: 0 / 444290`
_2024-06-12 04:36:38_
--------
*646195caefa28ade965b91c400057f01*
`登陆天数: 20天 / 657天
等级: 130
石头: 1860
呼符: 9
体力: 28.569999999999993 / 138
友情点: 0 / 475900`
_2024-06-12 04:36:46_
--------
*3d5a228f1082bc550818e18f7971fe57*
`登陆天数: 20天 / 658天
等级: 130
石头: 2271
呼符: 0
体力: 17621.653333333332 / 138
友情点: 0 / 467010`
_2024-06-12 04:36:53_
--------
