【登录信息】
*31b243358b364f62610ba7677254fc68*
`登陆天数: 22天 / 660天
等级: 130
石头: 2713
呼符: 10
体力: 30.38666666666667 / 138
友情点: 0 / 459310`
_2024-06-13 04:31:41_
--------
*9466fbda39330496bc7fe0f505be466d*
`登陆天数: 22天 / 660天
等级: 130
石头: 1123
呼符: 10
体力: 30.35333333333334 / 138
友情点: 0 / 476855`
_2024-06-13 04:31:49_
--------
*6747c1001f4172edf19a5dca8032589e*
`登陆天数: 21天 / 658天
等级: 130
石头: 2079
呼符: 10
体力: 30.323333333333338 / 138
友情点: 0 / 475440`
_2024-06-13 04:31:56_
--------
*14bbc0295aa961661501c11d525b2f83*
`登陆天数: 21天 / 658天
等级: 130
石头: 2025
呼符: 10
体力: 30.296666666666667 / 138
友情点: 0 / 475595`
_2024-06-13 04:32:04_
--------
*7aa0af62f290929944b1b91344476fc1*
`登陆天数: 21天 / 659天
等级: 130
石头: 1033
呼符: 10
体力: 30.266666666666666 / 138
友情点: 0 / 473895`
_2024-06-13 04:32:12_
--------
*88566b7a44c500e7f18bdffddac6995d*
`登陆天数: 22天 / 659天
等级: 130
石头: 3584
呼符: 10
体力: 30.239999999999995 / 138
友情点: 0 / 441785`
_2024-06-13 04:32:20_
--------
*d6f3f22b5d094917fa2e4ce0c2fb30e6*
`登陆天数: 21天 / 658天
等级: 130
石头: 3782
呼符: 10
体力: 30.209999999999994 / 138
友情点: 0 / 440480`
_2024-06-13 04:32:27_
--------
*3066a1ca0a948c4849e81dd256133b61*
`登陆天数: 21天 / 658天
等级: 130
石头: 1959
呼符: 10
体力: 30.180000000000007 / 138
友情点: 0 / 477755`
_2024-06-13 04:32:35_
--------
*ed2cbea17334e7c90948f4c4ee35c290*
`登陆天数: 21天 / 659天
等级: 130
石头: 3670
呼符: 10
体力: 30.153333333333336 / 138
友情点: 0 / 441100`
_2024-06-13 04:32:43_
--------
*d8a46aa86df01ac54eb57e13c24c84b5*
`登陆天数: 21天 / 659天
等级: 130
石头: 3339
呼符: 10
体力: 30.126666666666665 / 138
友情点: 0 / 439405`
_2024-06-13 04:32:51_
--------
*60ad9bacd38edf21c49a7b5cdf6122e3*
`登陆天数: 22天 / 660天
等级: 130
石头: 3194
呼符: 10
体力: 30.096666666666664 / 138
友情点: 0 / 443475`
_2024-06-13 04:32:58_
--------
*c4367785448f14f322bc85a193c5a201*
`登陆天数: 21天 / 658天
等级: 130
石头: 2049
呼符: 10
体力: 30.066666666666663 / 138
友情点: 0 / 474700`
_2024-06-13 04:33:06_
--------
*c257623655d934c73fd403e2f22c3bfd*
`登陆天数: 21天 / 659天
等级: 130
石头: 1650
呼符: 10
体力: 30.03333333333333 / 138
友情点: 0 / 475935`
_2024-06-13 04:33:14_
--------
*a82ce897c907901143f2fb826a17df4d*
`登陆天数: 21天 / 659天
等级: 130
石头: 4033
呼符: 10
体力: 30.00666666666666 / 138
友情点: 0 / 439900`
_2024-06-13 04:33:22_
--------
*70b4a0cba6a0eb00591e93a745c5d404*
`登陆天数: 21天 / 658天
等级: 130
石头: 1740
呼符: 10
体力: 29.976666666666674 / 138
友情点: 0 / 474470`
_2024-06-13 04:33:29_
--------
*ea1ff75ddead5c7b8d08e386d6379714*
`登陆天数: 21天 / 659天
等级: 130
石头: 3279
呼符: 10
体力: 29.950000000000003 / 138
友情点: 0 / 441825`
_2024-06-13 04:33:37_
--------
*478514723839ea9e29a744e90ca4b143*
`登陆天数: 21天 / 659天
等级: 130
石头: 1538
呼符: 10
体力: 29.92 / 138
友情点: 0 / 474280`
_2024-06-13 04:33:45_
--------
*b4bfad4ccc318593c2522ac454a1e6ad*
`登陆天数: 21天 / 659天
等级: 130
石头: 1907
呼符: 10
体力: 29.89666666666666 / 138
友情点: 0 / 474640`
_2024-06-13 04:33:53_
--------
*fdb1d96dd08409d71345c27b8af9b6c0*
`登陆天数: 21天 / 658天
等级: 130
石头: 1997
呼符: 10
体力: 29.86666666666666 / 138
友情点: 0 / 474455`
_2024-06-13 04:34:01_
--------
*47a2d117b23eb832c49a40d89544290c*
`登陆天数: 21天 / 659天
等级: 130
石头: 3260
呼符: 10
体力: 29.843333333333334 / 138
友情点: 0 / 440215`
_2024-06-13 04:34:09_
--------
*90e092e44c74be9a75ba4dbaf4d2c1ce*
`登陆天数: 21天 / 658天
等级: 130
石头: 3668
呼符: 10
体力: 29.813333333333333 / 138
友情点: 0 / 440875`
_2024-06-13 04:34:16_
--------
*5a46e6df6ebbaa6c9264fbf7a7f4cf97*
`登陆天数: 21天 / 659天
等级: 130
石头: 4066
呼符: 121
体力: 29.78 / 138
友情点: 0 / 438950`
_2024-06-13 04:34:24_
--------
*ee79bb4c5b33d955003f95a531ac2abb*
`登陆天数: 22天 / 660天
等级: 130
石头: 3759
呼符: 10
体力: 29.75 / 138
友情点: 0 / 439595`
_2024-06-13 04:34:32_
--------
*866f77448c8f03f74fef9cba8c3a97de*
`登陆天数: 21天 / 658天
等级: 130
石头: 3578
呼符: 10
体力: 29.72333333333333 / 138
友情点: 0 / 438490`
_2024-06-13 04:34:39_
--------
*995e5288ee374474556d524ec90e46cb*
`登陆天数: 21天 / 659天
等级: 130
石头: 3253
呼符: 10
体力: 29.693333333333328 / 138
友情点: 0 / 439285`
_2024-06-13 04:34:47_
--------
*78e8ba6a5a0d44ed7d17d0455f9deaab*
`登陆天数: 21天 / 659天
等级: 130
石头: 2321
呼符: 10
体力: 29.663333333333327 / 138
友情点: 0 / 455105`
_2024-06-13 04:34:55_
--------
*0fe35c1d66efe9a5c562f7be6832cc84*
`登陆天数: 21天 / 658天
等级: 130
石头: 2800
呼符: 10
体力: 29.63666666666667 / 138
友情点: 0 / 449535`
_2024-06-13 04:35:03_
--------
*11d64e0c78adf2c2eba1dd909c3710bd*
`登陆天数: 21天 / 659天
等级: 130
石头: 3284
呼符: 10
体力: 29.61333333333333 / 138
友情点: 0 / 438585`
_2024-06-13 04:35:11_
--------
*6701533d571ef06f528eb4e9f47a56e9*
`登陆天数: 21天 / 658天
等级: 130
石头: 3430
呼符: 10
体力: 29.58 / 138
友情点: 0 / 437505`
_2024-06-13 04:35:19_
--------
*77b2a7d9dfee6d1a826cd458068c8a29*
`登陆天数: 21天 / 658天
等级: 130
石头: 2349
呼符: 10
体力: 29.549999999999997 / 138
友情点: 0 / 474745`
_2024-06-13 04:35:26_
--------
*59682f4c579b953bcd460b9d3fe88aa0*
`登陆天数: 21天 / 658天
等级: 130
石头: 3758
呼符: 10
体力: 29.523333333333326 / 138
友情点: 0 / 438010`
_2024-06-13 04:35:34_
--------
*b35193aed167f327d78ce0adfe1fbe77*
`登陆天数: 21天 / 659天
等级: 130
石头: 3852
呼符: 10
体力: 29.489999999999995 / 138
友情点: 0 / 438740`
_2024-06-13 04:35:42_
--------
*1fd04e05f7c95407c1334e333f8827d4*
`登陆天数: 21天 / 659天
等级: 130
石头: 4065
呼符: 112
体力: 29.46666666666667 / 138
友情点: 0 / 438990`
_2024-06-13 04:35:50_
--------
*1fd2eeaf22ed15eb34d527f8039d05b3*
`登陆天数: 21天 / 659天
等级: 130
石头: 1904
呼符: 10
体力: 29.436666666666667 / 138
友情点: 0 / 473590`
_2024-06-13 04:35:58_
--------
*3f76fb1b9d7997e3de2308c5bcdb8bc9*
`登陆天数: 21天 / 659天
等级: 130
石头: 1029
呼符: 10
体力: 29.409999999999997 / 138
友情点: 0 / 474650`
_2024-06-13 04:36:05_
--------
*eee0b3e6b7dd5703c4549bfa3a139a10*
`登陆天数: 21天 / 658天
等级: 130
石头: 3011
呼符: 10
体力: 29.38666666666667 / 138
友情点: 0 / 448450`
_2024-06-13 04:36:13_
--------
*5589a8db0379b23ecb493bb071f3643a*
`登陆天数: 21天 / 659天
等级: 130
石头: 1588
呼符: 10
体力: 29.36 / 138
友情点: 0 / 475370`
_2024-06-13 04:36:21_
--------
*7d8db48a0e244c1ca890386554c54d41*
`登陆天数: 21天 / 659天
等级: 130
石头: 2349
呼符: 10
体力: 29.33333333333333 / 138
友情点: 0 / 474385`
_2024-06-13 04:36:29_
--------
*40e66032777d96dac6c12b5868720c71*
`登陆天数: 21天 / 658天
等级: 130
石头: 2770
呼符: 10
体力: 29.306666666666672 / 138
友情点: 0 / 453950`
_2024-06-13 04:36:36_
--------
*030fdcab94fa6dcd3d0219c1aa3fec91*
`登陆天数: 22天 / 659天
等级: 130
石头: 3943
呼符: 10
体力: 29.28333333333333 / 138
友情点: 0 / 440660`
_2024-06-13 04:36:44_
--------
*f2a6b5bd7d042d36f194d7b594e4c4fd*
`登陆天数: 21天 / 659天
等级: 130
石头: 2472
呼符: 10
体力: 29.25333333333333 / 138
友情点: 0 / 474795`
_2024-06-13 04:36:52_
--------
*6d2ccd6698dd732baa728d78688685bc*
`登陆天数: 21天 / 659天
等级: 130
石头: 2590
呼符: 10
体力: 29.226666666666674 / 138
友情点: 0 / 454480`
_2024-06-13 04:37:00_
--------
*a77d5d0e3f3c3dad5999df7d38ff4f65*
`登陆天数: 22天 / 659天
等级: 130
石头: 1303
呼符: 10
体力: 29.196666666666673 / 138
友情点: 0 / 479145`
_2024-06-13 04:37:08_
--------
*4162af9638b581515341913075e8610c*
`登陆天数: 21天 / 658天
等级: 130
石头: 2949
呼符: 10
体力: 29.173333333333332 / 138
友情点: 0 / 447945`
_2024-06-13 04:37:16_
--------
*31175a3486342431844afc154a4b3f8b*
`登陆天数: 21天 / 659天
等级: 130
石头: 2230
呼符: 10
体力: 29.14333333333333 / 138
友情点: 0 / 475160`
_2024-06-13 04:37:23_
--------
*c2e37c4cf95319ea9d8c787bc14b974c*
`登陆天数: 21天 / 658天
等级: 130
石头: 3134
呼符: 10
体力: 29.120000000000005 / 138
友情点: 0 / 442590`
_2024-06-13 04:37:31_
--------
*786d1d2e9f0942360cba24b47db52490*
`登陆天数: 21天 / 658天
等级: 130
石头: 3217
呼符: 10
体力: 29.093333333333334 / 138
友情点: 0 / 439000`
_2024-06-13 04:37:39_
--------
*6162d018cc4f591e6d1cb3e2ef8191d1*
`登陆天数: 21天 / 659天
等级: 130
石头: 3899
呼符: 10
体力: 29.060000000000002 / 138
友情点: 0 / 438290`
_2024-06-13 04:37:47_
--------
*646195caefa28ade965b91c400057f01*
`登陆天数: 21天 / 658天
等级: 130
石头: 1860
呼符: 10
体力: 29.03333333333333 / 138
友情点: 0 / 475900`
_2024-06-13 04:37:54_
--------
*3d5a228f1082bc550818e18f7971fe57*
`登陆天数: 21天 / 659天
等级: 130
石头: 2271
呼符: 0
体力: 17909.883333333335 / 138
友情点: 0 / 467010`
_2024-06-13 04:38:02_
--------
