【登录信息】
*31b243358b364f62610ba7677254fc68*
`登陆天数: 23天 / 661天
等级: 130
石头: 2714
呼符: 10
体力: 30.206666666666663 / 138
友情点: 0 / 459310`
_2024-06-14 04:30:52_
--------
*9466fbda39330496bc7fe0f505be466d*
`登陆天数: 23天 / 661天
等级: 130
石头: 1124
呼符: 10
体力: 30.180000000000007 / 138
友情点: 0 / 476855`
_2024-06-14 04:30:59_
--------
*6747c1001f4172edf19a5dca8032589e*
`登陆天数: 22天 / 659天
等级: 130
石头: 2079
呼符: 10
体力: 30.156666666666666 / 138
友情点: 0 / 477440`
_2024-06-14 04:31:07_
--------
*14bbc0295aa961661501c11d525b2f83*
`登陆天数: 22天 / 659天
等级: 130
石头: 2025
呼符: 10
体力: 30.13333333333334 / 138
友情点: 0 / 477595`
_2024-06-14 04:31:16_
--------
*7aa0af62f290929944b1b91344476fc1*
`登陆天数: 22天 / 660天
等级: 130
石头: 1033
呼符: 10
体力: 30.11 / 138
友情点: 0 / 475895`
_2024-06-14 04:31:24_
--------
*88566b7a44c500e7f18bdffddac6995d*
`登陆天数: 23天 / 660天
等级: 130
石头: 3585
呼符: 10
体力: 30.08333333333333 / 138
友情点: 0 / 435785`
_2024-06-14 04:31:32_
--------
*d6f3f22b5d094917fa2e4ce0c2fb30e6*
`登陆天数: 22天 / 659天
等级: 130
石头: 3782
呼符: 10
体力: 30.056666666666672 / 138
友情点: 0 / 436480`
_2024-06-14 04:31:40_
--------
*3066a1ca0a948c4849e81dd256133b61*
`登陆天数: 22天 / 659天
等级: 130
石头: 1959
呼符: 10
体力: 30.03 / 138
友情点: 0 / 479755`
_2024-06-14 04:31:48_
--------
*ed2cbea17334e7c90948f4c4ee35c290*
`登陆天数: 22天 / 660天
等级: 130
石头: 3670
呼符: 10
体力: 30.00666666666666 / 138
友情点: 0 / 437100`
_2024-06-14 04:31:56_
--------
*d8a46aa86df01ac54eb57e13c24c84b5*
`登陆天数: 22天 / 660天
等级: 130
石头: 3339
呼符: 10
体力: 29.980000000000004 / 138
友情点: 0 / 435405`
_2024-06-14 04:32:04_
--------
*60ad9bacd38edf21c49a7b5cdf6122e3*
`登陆天数: 23天 / 661天
等级: 130
石头: 3195
呼符: 10
体力: 29.956666666666663 / 138
友情点: 0 / 437475`
_2024-06-14 04:32:12_
--------
*c4367785448f14f322bc85a193c5a201*
`登陆天数: 22天 / 659天
等级: 130
石头: 2049
呼符: 10
体力: 29.926666666666662 / 138
友情点: 0 / 476700`
_2024-06-14 04:32:20_
--------
*c257623655d934c73fd403e2f22c3bfd*
`登陆天数: 22天 / 660天
等级: 130
石头: 1650
呼符: 10
体力: 29.900000000000006 / 138
友情点: 0 / 477935`
_2024-06-14 04:32:28_
--------
*a82ce897c907901143f2fb826a17df4d*
`登陆天数: 22天 / 660天
等级: 130
石头: 4033
呼符: 10
体力: 29.876666666666665 / 138
友情点: 0 / 435900`
_2024-06-14 04:32:36_
--------
*70b4a0cba6a0eb00591e93a745c5d404*
`登陆天数: 22天 / 659天
等级: 130
石头: 1740
呼符: 10
体力: 29.849999999999994 / 138
友情点: 0 / 476470`
_2024-06-14 04:32:44_
--------
*ea1ff75ddead5c7b8d08e386d6379714*
`登陆天数: 22天 / 660天
等级: 130
石头: 3279
呼符: 10
体力: 29.826666666666668 / 138
友情点: 0 / 437825`
_2024-06-14 04:32:52_
--------
*478514723839ea9e29a744e90ca4b143*
`登陆天数: 22天 / 660天
等级: 130
石头: 1538
呼符: 10
体力: 29.799999999999997 / 138
友情点: 0 / 476280`
_2024-06-14 04:33:00_
--------
*b4bfad4ccc318593c2522ac454a1e6ad*
`登陆天数: 22天 / 660天
等级: 130
石头: 1907
呼符: 10
体力: 29.77666666666667 / 138
友情点: 0 / 476640`
_2024-06-14 04:33:08_
--------
*fdb1d96dd08409d71345c27b8af9b6c0*
`登陆天数: 22天 / 659天
等级: 130
石头: 1997
呼符: 10
体力: 29.75333333333333 / 138
友情点: 0 / 476455`
_2024-06-14 04:33:16_
--------
*47a2d117b23eb832c49a40d89544290c*
`登陆天数: 22天 / 660天
等级: 130
石头: 3260
呼符: 10
体力: 29.730000000000004 / 138
友情点: 0 / 440215`
_2024-06-14 04:33:23_
--------
*90e092e44c74be9a75ba4dbaf4d2c1ce*
`登陆天数: 22天 / 659天
等级: 130
石头: 3668
呼符: 10
体力: 29.706666666666663 / 138
友情点: 0 / 436875`
_2024-06-14 04:33:32_
--------
*5a46e6df6ebbaa6c9264fbf7a7f4cf97*
`登陆天数: 22天 / 660天
等级: 130
石头: 4066
呼符: 121
体力: 29.676666666666662 / 138
友情点: 0 / 434950`
_2024-06-14 04:33:40_
--------
*ee79bb4c5b33d955003f95a531ac2abb*
`登陆天数: 23天 / 661天
等级: 130
石头: 3760
呼符: 10
体力: 29.650000000000006 / 138
友情点: 0 / 433595`
_2024-06-14 04:33:48_
--------
*866f77448c8f03f74fef9cba8c3a97de*
`登陆天数: 22天 / 659天
等级: 130
石头: 3578
呼符: 10
体力: 29.626666666666665 / 138
友情点: 0 / 434490`
_2024-06-14 04:33:56_
--------
*995e5288ee374474556d524ec90e46cb*
`登陆天数: 22天 / 660天
等级: 130
石头: 3253
呼符: 10
体力: 29.599999999999994 / 138
友情点: 0 / 435285`
_2024-06-14 04:34:04_
--------
*78e8ba6a5a0d44ed7d17d0455f9deaab*
`登陆天数: 22天 / 660天
等级: 130
石头: 2321
呼符: 10
体力: 29.573333333333338 / 138
友情点: 0 / 457105`
_2024-06-14 04:34:12_
--------
*0fe35c1d66efe9a5c562f7be6832cc84*
`登陆天数: 22天 / 659天
等级: 130
石头: 2800
呼符: 10
体力: 29.549999999999997 / 138
友情点: 0 / 451535`
_2024-06-14 04:34:20_
--------
*11d64e0c78adf2c2eba1dd909c3710bd*
`登陆天数: 22天 / 660天
等级: 130
石头: 3284
呼符: 10
体力: 29.52666666666667 / 138
友情点: 0 / 434585`
_2024-06-14 04:34:28_
--------
*6701533d571ef06f528eb4e9f47a56e9*
`登陆天数: 22天 / 659天
等级: 130
石头: 3430
呼符: 10
体力: 29.5 / 138
友情点: 0 / 433505`
_2024-06-14 04:34:36_
--------
*77b2a7d9dfee6d1a826cd458068c8a29*
`登陆天数: 22天 / 659天
等级: 130
石头: 2349
呼符: 10
体力: 29.47333333333333 / 138
友情点: 0 / 476745`
_2024-06-14 04:34:44_
--------
*59682f4c579b953bcd460b9d3fe88aa0*
`登陆天数: 22天 / 659天
等级: 130
石头: 3758
呼符: 10
体力: 29.446666666666673 / 138
友情点: 0 / 434010`
_2024-06-14 04:34:52_
--------
*b35193aed167f327d78ce0adfe1fbe77*
`登陆天数: 22天 / 660天
等级: 130
石头: 3852
呼符: 10
体力: 29.426666666666662 / 138
友情点: 0 / 434740`
_2024-06-14 04:35:00_
--------
*1fd04e05f7c95407c1334e333f8827d4*
`登陆天数: 22天 / 660天
等级: 130
石头: 4065
呼符: 112
体力: 29.400000000000006 / 138
友情点: 0 / 434990`
_2024-06-14 04:35:08_
--------
*1fd2eeaf22ed15eb34d527f8039d05b3*
`登陆天数: 22天 / 660天
等级: 130
石头: 1904
呼符: 10
体力: 29.370000000000005 / 138
友情点: 0 / 475590`
_2024-06-14 04:35:16_
--------
*3f76fb1b9d7997e3de2308c5bcdb8bc9*
`登陆天数: 22天 / 660天
等级: 130
石头: 1029
呼符: 10
体力: 29.346666666666664 / 138
友情点: 0 / 476650`
_2024-06-14 04:35:24_
--------
*eee0b3e6b7dd5703c4549bfa3a139a10*
`登陆天数: 22天 / 659天
等级: 130
石头: 3011
呼符: 10
体力: 29.323333333333338 / 138
友情点: 0 / 450450`
_2024-06-14 04:35:32_
--------
*5589a8db0379b23ecb493bb071f3643a*
`登陆天数: 22天 / 660天
等级: 130
石头: 1588
呼符: 10
体力: 29.303333333333327 / 138
友情点: 0 / 477370`
_2024-06-14 04:35:40_
--------
*7d8db48a0e244c1ca890386554c54d41*
`登陆天数: 22天 / 660天
等级: 130
石头: 2349
呼符: 10
体力: 29.27666666666667 / 138
友情点: 0 / 476385`
_2024-06-14 04:35:48_
--------
*40e66032777d96dac6c12b5868720c71*
`登陆天数: 22天 / 659天
等级: 130
石头: 2770
呼符: 10
体力: 29.25333333333333 / 138
友情点: 0 / 455950`
_2024-06-14 04:35:56_
--------
*030fdcab94fa6dcd3d0219c1aa3fec91*
`登陆天数: 23天 / 660天
等级: 130
石头: 3944
呼符: 10
体力: 29.230000000000004 / 138
友情点: 0 / 434660`
_2024-06-14 04:36:04_
--------
*f2a6b5bd7d042d36f194d7b594e4c4fd*
`登陆天数: 22天 / 660天
等级: 130
石头: 2472
呼符: 10
体力: 29.206666666666663 / 138
友情点: 0 / 476795`
_2024-06-14 04:36:12_
--------
*6d2ccd6698dd732baa728d78688685bc*
`登陆天数: 22天 / 660天
等级: 130
石头: 2590
呼符: 10
体力: 29.183333333333337 / 138
友情点: 0 / 456480`
_2024-06-14 04:36:20_
--------
*a77d5d0e3f3c3dad5999df7d38ff4f65*
`登陆天数: 23天 / 660天
等级: 130
石头: 1304
呼符: 10
体力: 29.159999999999997 / 138
友情点: 0 / 479145`
_2024-06-14 04:36:28_
--------
*4162af9638b581515341913075e8610c*
`登陆天数: 22天 / 659天
等级: 130
石头: 2949
呼符: 10
体力: 29.13666666666667 / 138
友情点: 0 / 449945`
_2024-06-14 04:36:36_
--------
*31175a3486342431844afc154a4b3f8b*
`登陆天数: 22天 / 660天
等级: 130
石头: 2230
呼符: 10
体力: 29.11333333333333 / 138
友情点: 0 / 477160`
_2024-06-14 04:36:44_
--------
*c2e37c4cf95319ea9d8c787bc14b974c*
`登陆天数: 22天 / 659天
等级: 130
石头: 3134
呼符: 10
体力: 29.090000000000003 / 138
友情点: 0 / 444590`
_2024-06-14 04:36:53_
--------
*786d1d2e9f0942360cba24b47db52490*
`登陆天数: 22天 / 659天
等级: 130
石头: 3217
呼符: 10
体力: 29.066666666666663 / 138
友情点: 0 / 435000`
_2024-06-14 04:37:01_
--------
*6162d018cc4f591e6d1cb3e2ef8191d1*
`登陆天数: 22天 / 660天
等级: 130
石头: 3899
呼符: 10
体力: 29.040000000000006 / 138
友情点: 0 / 434290`
_2024-06-14 04:37:09_
--------
*646195caefa28ade965b91c400057f01*
`登陆天数: 22天 / 659天
等级: 130
石头: 1860
呼符: 10
体力: 29.013333333333335 / 138
友情点: 0 / 477900`
_2024-06-14 04:37:17_
--------
*3d5a228f1082bc550818e18f7971fe57*
`登陆天数: 22天 / 660天
等级: 130
石头: 2271
呼符: 0
体力: 18197.756666666668 / 138
友情点: 0 / 467010`
_2024-06-14 04:37:25_
--------
