【登录信息】
*31b243358b364f62610ba7677254fc68*
`登陆天数: 25天 / 663天
等级: 130
石头: 2715
呼符: 10
体力: 29.96666666666667 / 138
友情点: 0 / 459310`
_2024-06-16 04:29:18_
--------
*9466fbda39330496bc7fe0f505be466d*
`登陆天数: 25天 / 663天
等级: 130
石头: 1125
呼符: 10
体力: 29.936666666666667 / 138
友情点: 0 / 476855`
_2024-06-16 04:29:26_
--------
*6747c1001f4172edf19a5dca8032589e*
`登陆天数: 24天 / 661天
等级: 130
石头: 2080
呼符: 10
体力: 29.909999999999997 / 138
友情点: 0 / 477440`
_2024-06-16 04:29:34_
--------
*14bbc0295aa961661501c11d525b2f83*
`登陆天数: 24天 / 661天
等级: 130
石头: 2026
呼符: 10
体力: 29.879999999999995 / 138
友情点: 0 / 477595`
_2024-06-16 04:29:42_
--------
*7aa0af62f290929944b1b91344476fc1*
`登陆天数: 24天 / 662天
等级: 130
石头: 1034
呼符: 10
体力: 29.849999999999994 / 138
友情点: 0 / 475895`
_2024-06-16 04:29:50_
--------
*88566b7a44c500e7f18bdffddac6995d*
`登陆天数: 25天 / 662天
等级: 130
石头: 3586
呼符: 10
体力: 29.816666666666663 / 138
友情点: 0 / 423785`
_2024-06-16 04:29:58_
--------
*d6f3f22b5d094917fa2e4ce0c2fb30e6*
`登陆天数: 24天 / 661天
等级: 130
石头: 3783
呼符: 10
体力: 29.78666666666666 / 138
友情点: 0 / 424480`
_2024-06-16 04:30:07_
--------
*3066a1ca0a948c4849e81dd256133b61*
`登陆天数: 24天 / 661天
等级: 130
石头: 1960
呼符: 10
体力: 29.75666666666666 / 138
友情点: 0 / 479755`
_2024-06-16 04:30:15_
--------
*ed2cbea17334e7c90948f4c4ee35c290*
`登陆天数: 24天 / 662天
等级: 130
石头: 3671
呼符: 10
体力: 29.726666666666674 / 138
友情点: 0 / 425100`
_2024-06-16 04:30:24_
--------
*d8a46aa86df01ac54eb57e13c24c84b5*
`登陆天数: 24天 / 662天
等级: 130
石头: 3340
呼符: 10
体力: 29.696666666666673 / 138
友情点: 0 / 427405`
_2024-06-16 04:30:32_
--------
*60ad9bacd38edf21c49a7b5cdf6122e3*
`登陆天数: 25天 / 663天
等级: 130
石头: 3196
呼符: 10
体力: 29.66666666666667 / 138
友情点: 0 / 437475`
_2024-06-16 04:30:40_
--------
*c4367785448f14f322bc85a193c5a201*
`登陆天数: 24天 / 661天
等级: 130
石头: 2050
呼符: 10
体力: 29.64 / 138
友情点: 0 / 476700`
_2024-06-16 04:30:48_
--------
*c257623655d934c73fd403e2f22c3bfd*
`登陆天数: 24天 / 662天
等级: 130
石头: 1651
呼符: 10
体力: 29.61 / 138
友情点: 0 / 477935`
_2024-06-16 04:30:56_
--------
*a82ce897c907901143f2fb826a17df4d*
`登陆天数: 24天 / 662天
等级: 130
石头: 4034
呼符: 10
体力: 29.58 / 138
友情点: 0 / 423900`
_2024-06-16 04:31:03_
--------
*70b4a0cba6a0eb00591e93a745c5d404*
`登陆天数: 24天 / 661天
等级: 130
石头: 1741
呼符: 10
体力: 29.549999999999997 / 138
友情点: 0 / 476470`
_2024-06-16 04:31:12_
--------
*ea1ff75ddead5c7b8d08e386d6379714*
`登陆天数: 24天 / 662天
等级: 130
石头: 3280
呼符: 10
体力: 29.52666666666667 / 138
友情点: 0 / 437825`
_2024-06-16 04:31:20_
--------
*478514723839ea9e29a744e90ca4b143*
`登陆天数: 24天 / 662天
等级: 130
石头: 1539
呼符: 10
体力: 29.49666666666667 / 138
友情点: 0 / 476280`
_2024-06-16 04:31:28_
--------
*b4bfad4ccc318593c2522ac454a1e6ad*
`登陆天数: 24天 / 662天
等级: 130
石头: 1908
呼符: 10
体力: 29.46666666666667 / 138
友情点: 0 / 476640`
_2024-06-16 04:31:36_
--------
*fdb1d96dd08409d71345c27b8af9b6c0*
`登陆天数: 24天 / 661天
等级: 130
石头: 1998
呼符: 10
体力: 29.439999999999998 / 138
友情点: 0 / 476455`
_2024-06-16 04:31:44_
--------
*47a2d117b23eb832c49a40d89544290c*
`登陆天数: 24天 / 662天
等级: 130
石头: 3261
呼符: 10
体力: 29.409999999999997 / 138
友情点: 0 / 440215`
_2024-06-16 04:31:52_
--------
*90e092e44c74be9a75ba4dbaf4d2c1ce*
`登陆天数: 24天 / 661天
等级: 130
石头: 3669
呼符: 10
体力: 29.38333333333334 / 138
友情点: 0 / 424875`
_2024-06-16 04:32:00_
--------
*5a46e6df6ebbaa6c9264fbf7a7f4cf97*
`登陆天数: 24天 / 662天
等级: 130
石头: 4067
呼符: 121
体力: 29.35333333333334 / 138
友情点: 0 / 422950`
_2024-06-16 04:32:08_
--------
*ee79bb4c5b33d955003f95a531ac2abb*
`登陆天数: 25天 / 663天
等级: 130
石头: 3761
呼符: 10
体力: 29.323333333333338 / 138
友情点: 0 / 421595`
_2024-06-16 04:32:16_
--------
*866f77448c8f03f74fef9cba8c3a97de*
`登陆天数: 24天 / 661天
等级: 130
石头: 3579
呼符: 10
体力: 29.293333333333337 / 138
友情点: 0 / 424490`
_2024-06-16 04:32:24_
--------
*995e5288ee374474556d524ec90e46cb*
`登陆天数: 24天 / 662天
等级: 130
石头: 3254
呼符: 10
体力: 29.260000000000005 / 138
友情点: 0 / 435285`
_2024-06-16 04:32:32_
--------
*78e8ba6a5a0d44ed7d17d0455f9deaab*
`登陆天数: 24天 / 662天
等级: 130
石头: 2322
呼符: 10
体力: 29.233333333333334 / 138
友情点: 0 / 457105`
_2024-06-16 04:32:40_
--------
*0fe35c1d66efe9a5c562f7be6832cc84*
`登陆天数: 24天 / 661天
等级: 130
石头: 2801
呼符: 10
体力: 29.206666666666663 / 138
友情点: 0 / 451535`
_2024-06-16 04:32:48_
--------
*11d64e0c78adf2c2eba1dd909c3710bd*
`登陆天数: 24天 / 662天
等级: 130
石头: 3285
呼符: 10
体力: 29.180000000000007 / 138
友情点: 0 / 422585`
_2024-06-16 04:32:56_
--------
*6701533d571ef06f528eb4e9f47a56e9*
`登陆天数: 24天 / 661天
等级: 130
石头: 3431
呼符: 10
体力: 29.14666666666666 / 138
友情点: 0 / 423505`
_2024-06-16 04:33:05_
--------
*77b2a7d9dfee6d1a826cd458068c8a29*
`登陆天数: 24天 / 661天
等级: 130
石头: 2350
呼符: 10
体力: 29.120000000000005 / 138
友情点: 0 / 476745`
_2024-06-16 04:33:13_
--------
*59682f4c579b953bcd460b9d3fe88aa0*
`登陆天数: 24天 / 661天
等级: 130
石头: 3759
呼符: 10
体力: 29.093333333333334 / 138
友情点: 0 / 422010`
_2024-06-16 04:33:21_
--------
*b35193aed167f327d78ce0adfe1fbe77*
`登陆天数: 24天 / 662天
等级: 130
石头: 3853
呼符: 10
体力: 29.066666666666663 / 138
友情点: 0 / 422740`
_2024-06-16 04:33:29_
--------
*1fd04e05f7c95407c1334e333f8827d4*
`登陆天数: 24天 / 662天
等级: 130
石头: 4066
呼符: 112
体力: 29.03666666666666 / 138
友情点: 0 / 422990`
_2024-06-16 04:33:37_
--------
*1fd2eeaf22ed15eb34d527f8039d05b3*
`登陆天数: 24天 / 662天
等级: 130
石头: 1905
呼符: 10
体力: 29.00666666666666 / 138
友情点: 0 / 475590`
_2024-06-16 04:33:46_
--------
*3f76fb1b9d7997e3de2308c5bcdb8bc9*
`登陆天数: 24天 / 662天
等级: 130
石头: 1030
呼符: 10
体力: 28.980000000000004 / 138
友情点: 0 / 476650`
_2024-06-16 04:33:54_
--------
*eee0b3e6b7dd5703c4549bfa3a139a10*
`登陆天数: 24天 / 661天
等级: 130
石头: 3012
呼符: 10
体力: 28.950000000000003 / 138
友情点: 0 / 450450`
_2024-06-16 04:34:02_
--------
*5589a8db0379b23ecb493bb071f3643a*
`登陆天数: 24天 / 662天
等级: 130
石头: 1589
呼符: 10
体力: 28.923333333333332 / 138
友情点: 0 / 477370`
_2024-06-16 04:34:10_
--------
*7d8db48a0e244c1ca890386554c54d41*
`登陆天数: 24天 / 662天
等级: 130
石头: 2350
呼符: 10
体力: 28.89666666666666 / 138
友情点: 0 / 476385`
_2024-06-16 04:34:18_
--------
*40e66032777d96dac6c12b5868720c71*
`登陆天数: 24天 / 661天
等级: 130
石头: 2771
呼符: 10
体力: 28.870000000000005 / 138
友情点: 0 / 455950`
_2024-06-16 04:34:26_
--------
*030fdcab94fa6dcd3d0219c1aa3fec91*
`登陆天数: 25天 / 662天
等级: 130
石头: 3945
呼符: 10
体力: 28.843333333333334 / 138
友情点: 0 / 422660`
_2024-06-16 04:34:34_
--------
*f2a6b5bd7d042d36f194d7b594e4c4fd*
`登陆天数: 24天 / 662天
等级: 130
石头: 2473
呼符: 10
体力: 28.813333333333333 / 138
友情点: 0 / 476795`
_2024-06-16 04:34:43_
--------
*6d2ccd6698dd732baa728d78688685bc*
`登陆天数: 24天 / 662天
等级: 130
石头: 2591
呼符: 10
体力: 28.78666666666666 / 138
友情点: 0 / 456480`
_2024-06-16 04:34:51_
--------
*a77d5d0e3f3c3dad5999df7d38ff4f65*
`登陆天数: 25天 / 662天
等级: 130
石头: 1305
呼符: 10
体力: 28.760000000000005 / 138
友情点: 0 / 479145`
_2024-06-16 04:34:59_
--------
*4162af9638b581515341913075e8610c*
`登陆天数: 24天 / 661天
等级: 130
石头: 2950
呼符: 10
体力: 28.733333333333334 / 138
友情点: 0 / 449945`
_2024-06-16 04:35:08_
--------
*31175a3486342431844afc154a4b3f8b*
`登陆天数: 24天 / 662天
等级: 130
石头: 2231
呼符: 10
体力: 28.706666666666663 / 138
友情点: 0 / 477160`
_2024-06-16 04:35:16_
--------
*c2e37c4cf95319ea9d8c787bc14b974c*
`登陆天数: 24天 / 661天
等级: 130
石头: 3135
呼符: 10
体力: 28.683333333333337 / 138
友情点: 0 / 444590`
_2024-06-16 04:35:24_
--------
*786d1d2e9f0942360cba24b47db52490*
`登陆天数: 24天 / 661天
等级: 130
石头: 3218
呼符: 10
体力: 28.656666666666666 / 138
友情点: 0 / 431000`
_2024-06-16 04:35:32_
--------
*6162d018cc4f591e6d1cb3e2ef8191d1*
`登陆天数: 24天 / 662天
等级: 130
石头: 3900
呼符: 10
体力: 28.629999999999995 / 138
友情点: 0 / 422290`
_2024-06-16 04:35:41_
--------
*646195caefa28ade965b91c400057f01*
`登陆天数: 24天 / 661天
等级: 130
石头: 1861
呼符: 10
体力: 28.599999999999994 / 138
友情点: 0 / 477900`
_2024-06-16 04:35:49_
--------
*3d5a228f1082bc550818e18f7971fe57*
`登陆天数: 24天 / 662天
等级: 130
石头: 2271
呼符: 0
体力: 18773.463333333333 / 138
友情点: 0 / 467010`
_2024-06-16 04:35:57_
--------
