【登录信息】
*31b243358b364f62610ba7677254fc68*
`登陆天数: 26天 / 664天
等级: 130
石头: 2715
呼符: 10
体力: 30.36 / 138
友情点: 0 / 459310`
_2024-06-17 04:33:15_
--------
*9466fbda39330496bc7fe0f505be466d*
`登陆天数: 26天 / 664天
等级: 130
石头: 1125
呼符: 10
体力: 30.326666666666668 / 138
友情点: 0 / 476855`
_2024-06-17 04:33:23_
--------
*6747c1001f4172edf19a5dca8032589e*
`登陆天数: 25天 / 662天
等级: 130
石头: 2081
呼符: 10
体力: 30.296666666666667 / 138
友情点: 0 / 477440`
_2024-06-17 04:33:30_
--------
*14bbc0295aa961661501c11d525b2f83*
`登陆天数: 25天 / 662天
等级: 130
石头: 2027
呼符: 10
体力: 30.263333333333335 / 138
友情点: 0 / 477595`
_2024-06-17 04:33:38_
--------
*7aa0af62f290929944b1b91344476fc1*
`登陆天数: 25天 / 663天
等级: 130
石头: 1035
呼符: 10
体力: 30.230000000000004 / 138
友情点: 0 / 475895`
_2024-06-17 04:33:46_
--------
*88566b7a44c500e7f18bdffddac6995d*
`登陆天数: 26天 / 663天
等级: 130
石头: 3586
呼符: 10
体力: 30.203333333333333 / 138
友情点: 0 / 417785`
_2024-06-17 04:33:53_
--------
*d6f3f22b5d094917fa2e4ce0c2fb30e6*
`登陆天数: 25天 / 662天
等级: 130
石头: 3784
呼符: 10
体力: 30.17 / 138
友情点: 0 / 418480`
_2024-06-17 04:34:01_
--------
*3066a1ca0a948c4849e81dd256133b61*
`登陆天数: 25天 / 662天
等级: 130
石头: 1961
呼符: 10
体力: 30.13666666666667 / 138
友情点: 0 / 479755`
_2024-06-17 04:34:08_
--------
*ed2cbea17334e7c90948f4c4ee35c290*
`登陆天数: 25天 / 663天
等级: 130
石头: 3672
呼符: 10
体力: 30.11 / 138
友情点: 0 / 419100`
_2024-06-17 04:34:16_
--------
*d8a46aa86df01ac54eb57e13c24c84b5*
`登陆天数: 25天 / 663天
等级: 130
石头: 3341
呼符: 10
体力: 30.073333333333338 / 138
友情点: 0 / 427405`
_2024-06-17 04:34:24_
--------
*60ad9bacd38edf21c49a7b5cdf6122e3*
`登陆天数: 26天 / 664天
等级: 130
石头: 3196
呼符: 10
体力: 30.043333333333337 / 138
友情点: 0 / 437475`
_2024-06-17 04:34:32_
--------
*c4367785448f14f322bc85a193c5a201*
`登陆天数: 25天 / 662天
等级: 130
石头: 2051
呼符: 10
体力: 30.016666666666666 / 138
友情点: 0 / 476700`
_2024-06-17 04:34:39_
--------
*c257623655d934c73fd403e2f22c3bfd*
`登陆天数: 25天 / 663天
等级: 130
石头: 1652
呼符: 10
体力: 29.983333333333334 / 138
友情点: 0 / 477935`
_2024-06-17 04:34:47_
--------
*a82ce897c907901143f2fb826a17df4d*
`登陆天数: 25天 / 663天
等级: 130
石头: 4035
呼符: 10
体力: 29.953333333333333 / 138
友情点: 0 / 417900`
_2024-06-17 04:34:54_
--------
*70b4a0cba6a0eb00591e93a745c5d404*
`登陆天数: 25天 / 662天
等级: 130
石头: 1742
呼符: 10
体力: 29.92 / 138
友情点: 0 / 476470`
_2024-06-17 04:35:02_
--------
*ea1ff75ddead5c7b8d08e386d6379714*
`登陆天数: 25天 / 663天
等级: 130
石头: 3281
呼符: 10
体力: 29.89 / 138
友情点: 0 / 437825`
_2024-06-17 04:35:10_
--------
*478514723839ea9e29a744e90ca4b143*
`登陆天数: 25天 / 663天
等级: 130
石头: 1540
呼符: 10
体力: 29.86333333333333 / 138
友情点: 0 / 476280`
_2024-06-17 04:35:18_
--------
*b4bfad4ccc318593c2522ac454a1e6ad*
`登陆天数: 25天 / 663天
等级: 130
石头: 1909
呼符: 10
体力: 29.83333333333333 / 138
友情点: 0 / 476640`
_2024-06-17 04:35:26_
--------
*fdb1d96dd08409d71345c27b8af9b6c0*
`登陆天数: 25天 / 662天
等级: 130
石头: 1999
呼符: 10
体力: 29.803333333333327 / 138
友情点: 0 / 476455`
_2024-06-17 04:35:33_
--------
*47a2d117b23eb832c49a40d89544290c*
`登陆天数: 25天 / 663天
等级: 130
石头: 3262
呼符: 10
体力: 29.773333333333326 / 138
友情点: 0 / 440215`
_2024-06-17 04:35:41_
--------
*90e092e44c74be9a75ba4dbaf4d2c1ce*
`登陆天数: 25天 / 662天
等级: 130
石头: 3670
呼符: 10
体力: 29.74333333333334 / 138
友情点: 0 / 422875`
_2024-06-17 04:35:48_
--------
*5a46e6df6ebbaa6c9264fbf7a7f4cf97*
`登陆天数: 25天 / 663天
等级: 130
石头: 4068
呼符: 121
体力: 29.71333333333334 / 138
友情点: 0 / 416950`
_2024-06-17 04:35:56_
--------
*ee79bb4c5b33d955003f95a531ac2abb*
`登陆天数: 26天 / 664天
等级: 130
石头: 3761
呼符: 10
体力: 29.683333333333337 / 138
友情点: 0 / 415595`
_2024-06-17 04:36:04_
--------
*866f77448c8f03f74fef9cba8c3a97de*
`登陆天数: 25天 / 662天
等级: 130
石头: 3580
呼符: 10
体力: 29.650000000000006 / 138
友情点: 0 / 424490`
_2024-06-17 04:36:11_
--------
*995e5288ee374474556d524ec90e46cb*
`登陆天数: 25天 / 663天
等级: 130
石头: 3255
呼符: 10
体力: 29.61666666666666 / 138
友情点: 0 / 435285`
_2024-06-17 04:36:19_
--------
*78e8ba6a5a0d44ed7d17d0455f9deaab*
`登陆天数: 25天 / 663天
等级: 130
石头: 2323
呼符: 10
体力: 29.590000000000003 / 138
友情点: 0 / 457105`
_2024-06-17 04:36:27_
--------
*0fe35c1d66efe9a5c562f7be6832cc84*
`登陆天数: 25天 / 662天
等级: 130
石头: 2802
呼符: 10
体力: 29.560000000000002 / 138
友情点: 0 / 451535`
_2024-06-17 04:36:34_
--------
*11d64e0c78adf2c2eba1dd909c3710bd*
`登陆天数: 25天 / 663天
等级: 130
石头: 3286
呼符: 10
体力: 29.52666666666667 / 138
友情点: 0 / 420585`
_2024-06-17 04:36:42_
--------
*6701533d571ef06f528eb4e9f47a56e9*
`登陆天数: 25天 / 662天
等级: 130
石头: 3432
呼符: 10
体力: 29.49666666666667 / 138
友情点: 0 / 423505`
_2024-06-17 04:36:50_
--------
*77b2a7d9dfee6d1a826cd458068c8a29*
`登陆天数: 25天 / 662天
等级: 130
石头: 2351
呼符: 10
体力: 29.47 / 138
友情点: 0 / 476745`
_2024-06-17 04:36:57_
--------
*59682f4c579b953bcd460b9d3fe88aa0*
`登陆天数: 25天 / 662天
等级: 130
石头: 3760
呼符: 10
体力: 29.439999999999998 / 138
友情点: 0 / 416010`
_2024-06-17 04:37:05_
--------
*b35193aed167f327d78ce0adfe1fbe77*
`登陆天数: 25天 / 663天
等级: 130
石头: 3854
呼符: 10
体力: 29.406666666666666 / 138
友情点: 0 / 416740`
_2024-06-17 04:37:12_
--------
*1fd04e05f7c95407c1334e333f8827d4*
`登陆天数: 25天 / 663天
等级: 130
石头: 4067
呼符: 112
体力: 29.376666666666665 / 138
友情点: 0 / 416990`
_2024-06-17 04:37:20_
--------
*1fd2eeaf22ed15eb34d527f8039d05b3*
`登陆天数: 25天 / 663天
等级: 130
石头: 1906
呼符: 10
体力: 29.346666666666664 / 138
友情点: 0 / 475590`
_2024-06-17 04:37:28_
--------
*3f76fb1b9d7997e3de2308c5bcdb8bc9*
`登陆天数: 25天 / 663天
等级: 130
石头: 1031
呼符: 10
体力: 29.316666666666663 / 138
友情点: 0 / 476650`
_2024-06-17 04:37:36_
--------
*eee0b3e6b7dd5703c4549bfa3a139a10*
`登陆天数: 25天 / 662天
等级: 130
石头: 3013
呼符: 10
体力: 29.28666666666666 / 138
友情点: 0 / 450450`
_2024-06-17 04:37:44_
--------
*5589a8db0379b23ecb493bb071f3643a*
`登陆天数: 25天 / 663天
等级: 130
石头: 1590
呼符: 10
体力: 29.25666666666666 / 138
友情点: 0 / 477370`
_2024-06-17 04:37:51_
--------
*7d8db48a0e244c1ca890386554c54d41*
`登陆天数: 25天 / 663天
等级: 130
石头: 2351
呼符: 10
体力: 29.226666666666674 / 138
友情点: 0 / 476385`
_2024-06-17 04:37:59_
--------
*40e66032777d96dac6c12b5868720c71*
`登陆天数: 25天 / 662天
等级: 130
石头: 2772
呼符: 10
体力: 29.200000000000003 / 138
友情点: 0 / 455950`
_2024-06-17 04:38:06_
--------
*030fdcab94fa6dcd3d0219c1aa3fec91*
`登陆天数: 26天 / 663天
等级: 130
石头: 3945
呼符: 10
体力: 29.16666666666667 / 138
友情点: 0 / 416660`
_2024-06-17 04:38:14_
--------
*f2a6b5bd7d042d36f194d7b594e4c4fd*
`登陆天数: 25天 / 663天
等级: 130
石头: 2474
呼符: 10
体力: 29.14 / 138
友情点: 0 / 476795`
_2024-06-17 04:38:21_
--------
*6d2ccd6698dd732baa728d78688685bc*
`登陆天数: 25天 / 663天
等级: 130
石头: 2592
呼符: 10
体力: 29.10666666666667 / 138
友情点: 0 / 456480`
_2024-06-17 04:38:29_
--------
*a77d5d0e3f3c3dad5999df7d38ff4f65*
`登陆天数: 26天 / 663天
等级: 130
石头: 1305
呼符: 10
体力: 29.08 / 138
友情点: 0 / 479145`
_2024-06-17 04:38:37_
--------
*4162af9638b581515341913075e8610c*
`登陆天数: 25天 / 662天
等级: 130
石头: 2951
呼符: 10
体力: 29.049999999999997 / 138
友情点: 0 / 449945`
_2024-06-17 04:38:44_
--------
*31175a3486342431844afc154a4b3f8b*
`登陆天数: 25天 / 663天
等级: 130
石头: 2232
呼符: 10
体力: 29.023333333333326 / 138
友情点: 0 / 477160`
_2024-06-17 04:38:52_
--------
*c2e37c4cf95319ea9d8c787bc14b974c*
`登陆天数: 25天 / 662天
等级: 130
石头: 3136
呼符: 10
体力: 28.99333333333334 / 138
友情点: 0 / 444590`
_2024-06-17 04:38:59_
--------
*786d1d2e9f0942360cba24b47db52490*
`登陆天数: 25天 / 662天
等级: 130
石头: 3219
呼符: 10
体力: 28.96333333333334 / 138
友情点: 0 / 431000`
_2024-06-17 04:39:07_
--------
*6162d018cc4f591e6d1cb3e2ef8191d1*
`登陆天数: 25天 / 663天
等级: 130
石头: 3901
呼符: 10
体力: 28.936666666666667 / 138
友情点: 0 / 416290`
_2024-06-17 04:39:15_
--------
*646195caefa28ade965b91c400057f01*
`登陆天数: 25天 / 662天
等级: 130
石头: 1862
呼符: 10
体力: 28.909999999999997 / 138
友情点: 0 / 477900`
_2024-06-17 04:39:22_
--------
*3d5a228f1082bc550818e18f7971fe57*
`登陆天数: 25天 / 663天
等级: 130
石头: 2271
呼符: 0
体力: 19062.173333333332 / 138
友情点: 0 / 467010`
_2024-06-17 04:39:30_
--------
