【登录信息】
*31b243358b364f62610ba7677254fc68*
`登陆天数: 27天 / 665天
等级: 130
石头: 2717
呼符: 10
体力: 29.730000000000004 / 138
友情点: 0 / 459310`
_2024-06-18 04:30:24_
--------
*9466fbda39330496bc7fe0f505be466d*
`登陆天数: 27天 / 665天
等级: 130
石头: 1127
呼符: 10
体力: 29.703333333333333 / 138
友情点: 0 / 476855`
_2024-06-18 04:30:32_
--------
*6747c1001f4172edf19a5dca8032589e*
`登陆天数: 26天 / 663天
等级: 130
石头: 2081
呼符: 10
体力: 29.676666666666662 / 138
友情点: 0 / 477440`
_2024-06-18 04:30:40_
--------
*14bbc0295aa961661501c11d525b2f83*
`登陆天数: 26天 / 663天
等级: 130
石头: 2027
呼符: 10
体力: 29.650000000000006 / 138
友情点: 0 / 477595`
_2024-06-18 04:30:48_
--------
*7aa0af62f290929944b1b91344476fc1*
`登陆天数: 26天 / 664天
等级: 130
石头: 1035
呼符: 10
体力: 29.620000000000005 / 138
友情点: 0 / 475895`
_2024-06-18 04:30:57_
--------
*88566b7a44c500e7f18bdffddac6995d*
`登陆天数: 27天 / 664天
等级: 130
石头: 3588
呼符: 10
体力: 29.593333333333334 / 138
友情点: 0 / 411785`
_2024-06-18 04:31:05_
--------
*d6f3f22b5d094917fa2e4ce0c2fb30e6*
`登陆天数: 26天 / 663天
等级: 130
石头: 3784
呼符: 10
体力: 29.569999999999993 / 138
友情点: 0 / 416480`
_2024-06-18 04:31:13_
--------
*3066a1ca0a948c4849e81dd256133b61*
`登陆天数: 26天 / 663天
等级: 130
石头: 1961
呼符: 10
体力: 29.540000000000006 / 138
友情点: 0 / 479755`
_2024-06-18 04:31:21_
--------
*ed2cbea17334e7c90948f4c4ee35c290*
`登陆天数: 26天 / 664天
等级: 130
石头: 3672
呼符: 10
体力: 29.510000000000005 / 138
友情点: 0 / 413100`
_2024-06-18 04:31:30_
--------
*d8a46aa86df01ac54eb57e13c24c84b5*
`登陆天数: 26天 / 664天
等级: 130
石头: 3341
呼符: 10
体力: 29.480000000000004 / 138
友情点: 0 / 427405`
_2024-06-18 04:31:38_
--------
*60ad9bacd38edf21c49a7b5cdf6122e3*
`登陆天数: 27天 / 665天
等级: 130
石头: 3198
呼符: 10
体力: 29.453333333333333 / 138
友情点: 0 / 437475`
_2024-06-18 04:31:46_
--------
*c4367785448f14f322bc85a193c5a201*
`登陆天数: 26天 / 663天
等级: 130
石头: 2051
呼符: 10
体力: 29.423333333333332 / 138
友情点: 0 / 476700`
_2024-06-18 04:31:54_
--------
*c257623655d934c73fd403e2f22c3bfd*
`登陆天数: 26天 / 664天
等级: 130
石头: 1652
呼符: 10
体力: 29.39666666666666 / 138
友情点: 0 / 477935`
_2024-06-18 04:32:02_
--------
*a82ce897c907901143f2fb826a17df4d*
`登陆天数: 26天 / 664天
等级: 130
石头: 4035
呼符: 10
体力: 29.36666666666666 / 138
友情点: 0 / 411900`
_2024-06-18 04:32:11_
--------
*70b4a0cba6a0eb00591e93a745c5d404*
`登陆天数: 26天 / 663天
等级: 130
石头: 1742
呼符: 10
体力: 29.33333333333333 / 138
友情点: 0 / 476470`
_2024-06-18 04:32:19_
--------
*ea1ff75ddead5c7b8d08e386d6379714*
`登陆天数: 26天 / 664天
等级: 130
石头: 3281
呼符: 10
体力: 29.310000000000002 / 138
友情点: 0 / 437825`
_2024-06-18 04:32:27_
--------
*478514723839ea9e29a744e90ca4b143*
`登陆天数: 26天 / 664天
等级: 130
石头: 1540
呼符: 10
体力: 29.27666666666667 / 138
友情点: 0 / 476280`
_2024-06-18 04:32:35_
--------
*b4bfad4ccc318593c2522ac454a1e6ad*
`登陆天数: 26天 / 664天
等级: 130
石头: 1909
呼符: 10
体力: 29.25333333333333 / 138
友情点: 0 / 476640`
_2024-06-18 04:32:43_
--------
*fdb1d96dd08409d71345c27b8af9b6c0*
`登陆天数: 26天 / 663天
等级: 130
石头: 1999
呼符: 10
体力: 29.22333333333333 / 138
友情点: 0 / 476455`
_2024-06-18 04:32:51_
--------
*47a2d117b23eb832c49a40d89544290c*
`登陆天数: 26天 / 664天
等级: 130
石头: 3262
呼符: 10
体力: 29.200000000000003 / 138
友情点: 0 / 440215`
_2024-06-18 04:32:59_
--------
*90e092e44c74be9a75ba4dbaf4d2c1ce*
`登陆天数: 26天 / 663天
等级: 130
石头: 3670
呼符: 10
体力: 29.173333333333332 / 138
友情点: 0 / 422875`
_2024-06-18 04:33:07_
--------
*5a46e6df6ebbaa6c9264fbf7a7f4cf97*
`登陆天数: 26天 / 664天
等级: 130
石头: 4068
呼符: 121
体力: 29.14666666666666 / 138
友情点: 0 / 410950`
_2024-06-18 04:33:15_
--------
*ee79bb4c5b33d955003f95a531ac2abb*
`登陆天数: 27天 / 665天
等级: 130
石头: 3763
呼符: 10
体力: 29.11666666666666 / 138
友情点: 0 / 409595`
_2024-06-18 04:33:23_
--------
*866f77448c8f03f74fef9cba8c3a97de*
`登陆天数: 26天 / 663天
等级: 130
石头: 3580
呼符: 10
体力: 29.086666666666673 / 138
友情点: 0 / 424490`
_2024-06-18 04:33:31_
--------
*995e5288ee374474556d524ec90e46cb*
`登陆天数: 26天 / 664天
等级: 130
石头: 3255
呼符: 10
体力: 29.056666666666672 / 138
友情点: 0 / 435285`
_2024-06-18 04:33:40_
--------
*78e8ba6a5a0d44ed7d17d0455f9deaab*
`登陆天数: 26天 / 664天
等级: 130
石头: 2323
呼符: 10
体力: 29.02666666666667 / 138
友情点: 0 / 457105`
_2024-06-18 04:33:48_
--------
*0fe35c1d66efe9a5c562f7be6832cc84*
`登陆天数: 26天 / 663天
等级: 130
石头: 2802
呼符: 10
体力: 28.99666666666667 / 138
友情点: 0 / 451535`
_2024-06-18 04:33:56_
--------
*11d64e0c78adf2c2eba1dd909c3710bd*
`登陆天数: 26天 / 664天
等级: 130
石头: 3286
呼符: 10
体力: 28.97 / 138
友情点: 0 / 420585`
_2024-06-18 04:34:04_
--------
*6701533d571ef06f528eb4e9f47a56e9*
`登陆天数: 26天 / 663天
等级: 130
石头: 3432
呼符: 10
体力: 28.939999999999998 / 138
友情点: 0 / 423505`
_2024-06-18 04:34:12_
--------
*77b2a7d9dfee6d1a826cd458068c8a29*
`登陆天数: 26天 / 663天
等级: 130
石头: 2351
呼符: 10
体力: 28.913333333333327 / 138
友情点: 0 / 476745`
_2024-06-18 04:34:20_
--------
*59682f4c579b953bcd460b9d3fe88aa0*
`登陆天数: 26天 / 663天
等级: 130
石头: 3760
呼符: 10
体力: 28.88666666666667 / 138
友情点: 0 / 410010`
_2024-06-18 04:34:28_
--------
*b35193aed167f327d78ce0adfe1fbe77*
`登陆天数: 26天 / 664天
等级: 130
石头: 3854
呼符: 10
体力: 28.85666666666667 / 138
友情点: 0 / 410740`
_2024-06-18 04:34:37_
--------
*1fd04e05f7c95407c1334e333f8827d4*
`登陆天数: 26天 / 664天
等级: 130
石头: 4067
呼符: 112
体力: 28.83 / 138
友情点: 0 / 410990`
_2024-06-18 04:34:45_
--------
*1fd2eeaf22ed15eb34d527f8039d05b3*
`登陆天数: 26天 / 664天
等级: 130
石头: 1906
呼符: 10
体力: 28.799999999999997 / 138
友情点: 0 / 475590`
_2024-06-18 04:34:53_
--------
*3f76fb1b9d7997e3de2308c5bcdb8bc9*
`登陆天数: 26天 / 664天
等级: 130
石头: 1031
呼符: 10
体力: 28.769999999999996 / 138
友情点: 0 / 476650`
_2024-06-18 04:35:01_
--------
*eee0b3e6b7dd5703c4549bfa3a139a10*
`登陆天数: 26天 / 663天
等级: 130
石头: 3013
呼符: 10
体力: 28.74333333333334 / 138
友情点: 0 / 450450`
_2024-06-18 04:35:09_
--------
*5589a8db0379b23ecb493bb071f3643a*
`登陆天数: 26天 / 664天
等级: 130
石头: 1590
呼符: 10
体力: 28.709999999999994 / 138
友情点: 0 / 477370`
_2024-06-18 04:35:17_
--------
*7d8db48a0e244c1ca890386554c54d41*
`登陆天数: 26天 / 664天
等级: 130
石头: 2351
呼符: 10
体力: 28.680000000000007 / 138
友情点: 0 / 476385`
_2024-06-18 04:35:25_
--------
*40e66032777d96dac6c12b5868720c71*
`登陆天数: 26天 / 663天
等级: 130
石头: 2772
呼符: 10
体力: 28.650000000000006 / 138
友情点: 0 / 455950`
_2024-06-18 04:35:33_
--------
*030fdcab94fa6dcd3d0219c1aa3fec91*
`登陆天数: 27天 / 664天
等级: 130
石头: 3947
呼符: 10
体力: 28.626666666666665 / 138
友情点: 0 / 410660`
_2024-06-18 04:35:41_
--------
*f2a6b5bd7d042d36f194d7b594e4c4fd*
`登陆天数: 26天 / 664天
等级: 130
石头: 2474
呼符: 10
体力: 28.596666666666664 / 138
友情点: 0 / 476795`
_2024-06-18 04:35:49_
--------
*6d2ccd6698dd732baa728d78688685bc*
`登陆天数: 26天 / 664天
等级: 130
石头: 2592
呼符: 10
体力: 28.569999999999993 / 138
友情点: 0 / 456480`
_2024-06-18 04:35:57_
--------
*a77d5d0e3f3c3dad5999df7d38ff4f65*
`登陆天数: 27天 / 664天
等级: 130
石头: 1307
呼符: 10
体力: 28.540000000000006 / 138
友情点: 0 / 479145`
_2024-06-18 04:36:05_
--------
*4162af9638b581515341913075e8610c*
`登陆天数: 26天 / 663天
等级: 130
石头: 2951
呼符: 10
体力: 28.513333333333335 / 138
友情点: 0 / 449945`
_2024-06-18 04:36:13_
--------
*31175a3486342431844afc154a4b3f8b*
`登陆天数: 26天 / 664天
等级: 130
石头: 2232
呼符: 10
体力: 28.483333333333334 / 138
友情点: 0 / 477160`
_2024-06-18 04:36:21_
--------
*c2e37c4cf95319ea9d8c787bc14b974c*
`登陆天数: 26天 / 663天
等级: 130
石头: 3136
呼符: 10
体力: 28.456666666666663 / 138
友情点: 0 / 444590`
_2024-06-18 04:36:29_
--------
*786d1d2e9f0942360cba24b47db52490*
`登陆天数: 26天 / 663天
等级: 130
石头: 3219
呼符: 10
体力: 28.426666666666662 / 138
友情点: 0 / 431000`
_2024-06-18 04:36:37_
--------
*6162d018cc4f591e6d1cb3e2ef8191d1*
`登陆天数: 26天 / 664天
等级: 130
石头: 3901
呼符: 10
体力: 28.400000000000006 / 138
友情点: 0 / 410290`
_2024-06-18 04:36:46_
--------
*646195caefa28ade965b91c400057f01*
`登陆天数: 26天 / 663天
等级: 130
石头: 1862
呼符: 10
体力: 28.373333333333335 / 138
友情点: 0 / 477900`
_2024-06-18 04:36:54_
--------
*3d5a228f1082bc550818e18f7971fe57*
`登陆天数: 26天 / 664天
等级: 130
石头: 2271
呼符: 0
体力: 19349.683333333334 / 138
友情点: 0 / 467010`
_2024-06-18 04:37:02_
--------
