【登录信息】
*31b243358b364f62610ba7677254fc68*
`登陆天数: 29天 / 667天
等级: 130
石头: 2723
呼符: 11
体力: 29.819999999999993 / 138
友情点: 0 / 461310`
_2024-06-20 04:29:09_
--------
*9466fbda39330496bc7fe0f505be466d*
`登陆天数: 29天 / 667天
等级: 130
石头: 1133
呼符: 11
体力: 29.790000000000006 / 138
友情点: 0 / 478855`
_2024-06-20 04:29:16_
--------
*6747c1001f4172edf19a5dca8032589e*
`登陆天数: 28天 / 665天
等级: 130
石头: 2089
呼符: 11
体力: 29.75333333333333 / 138
友情点: 0 / 477440`
_2024-06-20 04:29:24_
--------
*14bbc0295aa961661501c11d525b2f83*
`登陆天数: 28天 / 665天
等级: 130
石头: 2035
呼符: 11
体力: 29.72 / 138
友情点: 0 / 477595`
_2024-06-20 04:29:32_
--------
*7aa0af62f290929944b1b91344476fc1*
`登陆天数: 28天 / 666天
等级: 130
石头: 1043
呼符: 11
体力: 29.686666666666667 / 138
友情点: 0 / 475895`
_2024-06-20 04:29:39_
--------
*88566b7a44c500e7f18bdffddac6995d*
`登陆天数: 29天 / 666天
等级: 130
石头: 3594
呼符: 11
体力: 29.653333333333336 / 138
友情点: 0 / 401785`
_2024-06-20 04:29:47_
--------
*d6f3f22b5d094917fa2e4ce0c2fb30e6*
`登陆天数: 28天 / 665天
等级: 130
石头: 3792
呼符: 11
体力: 29.623333333333335 / 138
友情点: 0 / 416480`
_2024-06-20 04:29:55_
--------
*3066a1ca0a948c4849e81dd256133b61*
`登陆天数: 28天 / 665天
等级: 130
石头: 1969
呼符: 11
体力: 29.590000000000003 / 138
友情点: 0 / 479755`
_2024-06-20 04:30:02_
--------
*ed2cbea17334e7c90948f4c4ee35c290*
`登陆天数: 28天 / 666天
等级: 130
石头: 3680
呼符: 11
体力: 29.556666666666672 / 138
友情点: 0 / 403100`
_2024-06-20 04:30:10_
--------
*d8a46aa86df01ac54eb57e13c24c84b5*
`登陆天数: 28天 / 666天
等级: 130
石头: 3349
呼符: 11
体力: 29.52666666666667 / 138
友情点: 0 / 427405`
_2024-06-20 04:30:18_
--------
*60ad9bacd38edf21c49a7b5cdf6122e3*
`登陆天数: 29天 / 667天
等级: 130
石头: 3204
呼符: 11
体力: 29.49666666666667 / 138
友情点: 0 / 439475`
_2024-06-20 04:30:25_
--------
*c4367785448f14f322bc85a193c5a201*
`登陆天数: 28天 / 665天
等级: 130
石头: 2059
呼符: 11
体力: 29.46666666666667 / 138
友情点: 0 / 476700`
_2024-06-20 04:30:33_
--------
*c257623655d934c73fd403e2f22c3bfd*
`登陆天数: 28天 / 666天
等级: 130
石头: 1660
呼符: 11
体力: 29.436666666666667 / 138
友情点: 0 / 477935`
_2024-06-20 04:30:41_
--------
*a82ce897c907901143f2fb826a17df4d*
`登陆天数: 28天 / 666天
等级: 130
石头: 4043
呼符: 11
体力: 29.406666666666666 / 138
友情点: 0 / 399900`
_2024-06-20 04:30:49_
--------
*70b4a0cba6a0eb00591e93a745c5d404*
`登陆天数: 28天 / 665天
等级: 130
石头: 1750
呼符: 11
体力: 29.373333333333335 / 138
友情点: 0 / 476470`
_2024-06-20 04:30:56_
--------
*ea1ff75ddead5c7b8d08e386d6379714*
`登陆天数: 28天 / 666天
等级: 130
石头: 3289
呼符: 11
体力: 29.340000000000003 / 138
友情点: 0 / 437825`
_2024-06-20 04:31:04_
--------
*478514723839ea9e29a744e90ca4b143*
`登陆天数: 28天 / 666天
等级: 130
石头: 1548
呼符: 11
体力: 29.313333333333333 / 138
友情点: 0 / 476280`
_2024-06-20 04:31:12_
--------
*b4bfad4ccc318593c2522ac454a1e6ad*
`登陆天数: 28天 / 666天
等级: 130
石头: 1917
呼符: 11
体力: 29.28333333333333 / 138
友情点: 0 / 476640`
_2024-06-20 04:31:20_
--------
*fdb1d96dd08409d71345c27b8af9b6c0*
`登陆天数: 28天 / 665天
等级: 130
石头: 2007
呼符: 11
体力: 29.25333333333333 / 138
友情点: 0 / 476455`
_2024-06-20 04:31:27_
--------
*47a2d117b23eb832c49a40d89544290c*
`登陆天数: 28天 / 666天
等级: 130
石头: 3270
呼符: 11
体力: 29.22 / 138
友情点: 0 / 440215`
_2024-06-20 04:31:35_
--------
*90e092e44c74be9a75ba4dbaf4d2c1ce*
`登陆天数: 28天 / 665天
等级: 130
石头: 3678
呼符: 11
体力: 29.186666666666667 / 138
友情点: 0 / 422875`
_2024-06-20 04:31:42_
--------
*5a46e6df6ebbaa6c9264fbf7a7f4cf97*
`登陆天数: 28天 / 666天
等级: 130
石头: 4076
呼符: 122
体力: 29.153333333333336 / 138
友情点: 0 / 398950`
_2024-06-20 04:31:50_
--------
*ee79bb4c5b33d955003f95a531ac2abb*
`登陆天数: 29天 / 667天
等级: 130
石头: 3769
呼符: 11
体力: 29.120000000000005 / 138
友情点: 0 / 399595`
_2024-06-20 04:31:58_
--------
*866f77448c8f03f74fef9cba8c3a97de*
`登陆天数: 28天 / 665天
等级: 130
石头: 3588
呼符: 11
体力: 29.086666666666673 / 138
友情点: 0 / 424490`
_2024-06-20 04:32:05_
--------
*995e5288ee374474556d524ec90e46cb*
`登陆天数: 28天 / 666天
等级: 130
石头: 3263
呼符: 11
体力: 29.056666666666672 / 138
友情点: 0 / 435285`
_2024-06-20 04:32:13_
--------
*78e8ba6a5a0d44ed7d17d0455f9deaab*
`登陆天数: 28天 / 666天
等级: 130
石头: 2331
呼符: 11
体力: 29.019999999999996 / 138
友情点: 0 / 457105`
_2024-06-20 04:32:21_
--------
*0fe35c1d66efe9a5c562f7be6832cc84*
`登陆天数: 28天 / 665天
等级: 130
石头: 2810
呼符: 11
体力: 28.99333333333334 / 138
友情点: 0 / 451535`
_2024-06-20 04:32:28_
--------
*11d64e0c78adf2c2eba1dd909c3710bd*
`登陆天数: 28天 / 666天
等级: 130
石头: 3294
呼符: 11
体力: 28.96333333333334 / 138
友情点: 0 / 420585`
_2024-06-20 04:32:36_
--------
*6701533d571ef06f528eb4e9f47a56e9*
`登陆天数: 28天 / 665天
等级: 130
石头: 3440
呼符: 11
体力: 28.933333333333337 / 138
友情点: 0 / 423505`
_2024-06-20 04:32:44_
--------
*77b2a7d9dfee6d1a826cd458068c8a29*
`登陆天数: 28天 / 665天
等级: 130
石头: 2359
呼符: 11
体力: 28.900000000000006 / 138
友情点: 0 / 476745`
_2024-06-20 04:32:52_
--------
*59682f4c579b953bcd460b9d3fe88aa0*
`登陆天数: 28天 / 665天
等级: 130
石头: 3768
呼符: 11
体力: 28.873333333333335 / 138
友情点: 0 / 406010`
_2024-06-20 04:33:00_
--------
*b35193aed167f327d78ce0adfe1fbe77*
`登陆天数: 28天 / 666天
等级: 130
石头: 3862
呼符: 11
体力: 28.843333333333334 / 138
友情点: 0 / 404740`
_2024-06-20 04:33:08_
--------
*1fd04e05f7c95407c1334e333f8827d4*
`登陆天数: 28天 / 666天
等级: 130
石头: 4075
呼符: 113
体力: 28.813333333333333 / 138
友情点: 0 / 398990`
_2024-06-20 04:33:16_
--------
*1fd2eeaf22ed15eb34d527f8039d05b3*
`登陆天数: 28天 / 666天
等级: 130
石头: 1914
呼符: 11
体力: 28.78333333333333 / 138
友情点: 0 / 475590`
_2024-06-20 04:33:23_
--------
*3f76fb1b9d7997e3de2308c5bcdb8bc9*
`登陆天数: 28天 / 666天
等级: 130
石头: 1039
呼符: 11
体力: 28.75 / 138
友情点: 0 / 476650`
_2024-06-20 04:33:31_
--------
*eee0b3e6b7dd5703c4549bfa3a139a10*
`登陆天数: 28天 / 665天
等级: 130
石头: 3021
呼符: 11
体力: 28.72333333333333 / 138
友情点: 0 / 450450`
_2024-06-20 04:33:38_
--------
*5589a8db0379b23ecb493bb071f3643a*
`登陆天数: 28天 / 666天
等级: 130
石头: 1598
呼符: 11
体力: 28.693333333333328 / 138
友情点: 0 / 477370`
_2024-06-20 04:33:46_
--------
*7d8db48a0e244c1ca890386554c54d41*
`登陆天数: 28天 / 666天
等级: 130
石头: 2359
呼符: 11
体力: 28.663333333333327 / 138
友情点: 0 / 476385`
_2024-06-20 04:33:54_
--------
*40e66032777d96dac6c12b5868720c71*
`登陆天数: 28天 / 665天
等级: 130
石头: 2780
呼符: 11
体力: 28.63333333333334 / 138
友情点: 0 / 455950`
_2024-06-20 04:34:02_
--------
*030fdcab94fa6dcd3d0219c1aa3fec91*
`登陆天数: 29天 / 666天
等级: 130
石头: 3953
呼符: 11
体力: 28.60333333333334 / 138
友情点: 0 / 400660`
_2024-06-20 04:34:09_
--------
*f2a6b5bd7d042d36f194d7b594e4c4fd*
`登陆天数: 28天 / 666天
等级: 130
石头: 2482
呼符: 11
体力: 28.573333333333338 / 138
友情点: 0 / 476795`
_2024-06-20 04:34:17_
--------
*6d2ccd6698dd732baa728d78688685bc*
`登陆天数: 28天 / 666天
等级: 130
石头: 2600
呼符: 11
体力: 28.540000000000006 / 138
友情点: 0 / 456480`
_2024-06-20 04:34:25_
--------
*a77d5d0e3f3c3dad5999df7d38ff4f65*
`登陆天数: 29天 / 666天
等级: 130
石头: 1313
呼符: 11
体力: 28.513333333333335 / 138
友情点: 0 / 481145`
_2024-06-20 04:34:32_
--------
*4162af9638b581515341913075e8610c*
`登陆天数: 28天 / 665天
等级: 130
石头: 2959
呼符: 11
体力: 28.480000000000004 / 138
友情点: 0 / 449945`
_2024-06-20 04:34:40_
--------
*31175a3486342431844afc154a4b3f8b*
`登陆天数: 28天 / 666天
等级: 130
石头: 2240
呼符: 11
体力: 28.453333333333333 / 138
友情点: 0 / 477160`
_2024-06-20 04:34:48_
--------
*c2e37c4cf95319ea9d8c787bc14b974c*
`登陆天数: 28天 / 665天
等级: 130
石头: 3144
呼符: 11
体力: 28.423333333333332 / 138
友情点: 0 / 444590`
_2024-06-20 04:34:55_
--------
*786d1d2e9f0942360cba24b47db52490*
`登陆天数: 28天 / 665天
等级: 130
石头: 3227
呼符: 11
体力: 28.39333333333333 / 138
友情点: 0 / 431000`
_2024-06-20 04:35:03_
--------
*6162d018cc4f591e6d1cb3e2ef8191d1*
`登陆天数: 28天 / 666天
等级: 130
石头: 3909
呼符: 11
体力: 28.36666666666666 / 138
友情点: 0 / 398290`
_2024-06-20 04:35:10_
--------
*646195caefa28ade965b91c400057f01*
`登陆天数: 28天 / 665天
等级: 130
石头: 1870
呼符: 11
体力: 28.336666666666673 / 138
友情点: 0 / 477900`
_2024-06-20 04:35:18_
--------
*3d5a228f1082bc550818e18f7971fe57*
`登陆天数: 28天 / 666天
等级: 130
石头: 2271
呼符: 0
体力: 19925.36 / 138
友情点: 0 / 467010`
_2024-06-20 04:35:26_
--------
