【登录信息】
*31b243358b364f62610ba7677254fc68*
`登陆天数: 30天 / 668天
等级: 130
石头: 2724
呼符: 11
体力: 29.78 / 138
友情点: 0 / 461310`
_2024-06-21 04:30:45_
--------
*9466fbda39330496bc7fe0f505be466d*
`登陆天数: 30天 / 668天
等级: 130
石头: 1134
呼符: 11
体力: 29.75 / 138
友情点: 0 / 478855`
_2024-06-21 04:30:53_
--------
*6747c1001f4172edf19a5dca8032589e*
`登陆天数: 29天 / 666天
等级: 130
石头: 2089
呼符: 11
体力: 29.726666666666674 / 138
友情点: 0 / 479440`
_2024-06-21 04:31:01_
--------
*14bbc0295aa961661501c11d525b2f83*
`登陆天数: 29天 / 666天
等级: 130
石头: 2035
呼符: 11
体力: 29.700000000000003 / 138
友情点: 0 / 479595`
_2024-06-21 04:31:09_
--------
*7aa0af62f290929944b1b91344476fc1*
`登陆天数: 29天 / 667天
等级: 130
石头: 1043
呼符: 11
体力: 29.673333333333332 / 138
友情点: 0 / 477895`
_2024-06-21 04:31:16_
--------
*88566b7a44c500e7f18bdffddac6995d*
`登陆天数: 30天 / 667天
等级: 130
石头: 3595
呼符: 11
体力: 29.64666666666666 / 138
友情点: 0 / 401785`
_2024-06-21 04:31:24_
--------
*d6f3f22b5d094917fa2e4ce0c2fb30e6*
`登陆天数: 29天 / 666天
等级: 130
石头: 3792
呼符: 11
体力: 29.620000000000005 / 138
友情点: 0 / 418480`
_2024-06-21 04:31:31_
--------
*3066a1ca0a948c4849e81dd256133b61*
`登陆天数: 29天 / 666天
等级: 130
石头: 1969
呼符: 11
体力: 29.593333333333334 / 138
友情点: 0 / 481755`
_2024-06-21 04:31:39_
--------
*ed2cbea17334e7c90948f4c4ee35c290*
`登陆天数: 29天 / 667天
等级: 130
石头: 3680
呼符: 11
体力: 29.566666666666663 / 138
友情点: 0 / 405100`
_2024-06-21 04:31:47_
--------
*d8a46aa86df01ac54eb57e13c24c84b5*
`登陆天数: 29天 / 667天
等级: 130
石头: 3349
呼符: 11
体力: 29.543333333333337 / 138
友情点: 0 / 429405`
_2024-06-21 04:31:54_
--------
*60ad9bacd38edf21c49a7b5cdf6122e3*
`登陆天数: 30天 / 668天
等级: 130
石头: 3205
呼符: 11
体力: 29.516666666666666 / 138
友情点: 0 / 439475`
_2024-06-21 04:32:02_
--------
*c4367785448f14f322bc85a193c5a201*
`登陆天数: 29天 / 666天
等级: 130
石头: 2059
呼符: 11
体力: 29.489999999999995 / 138
友情点: 0 / 478700`
_2024-06-21 04:32:10_
--------
*c257623655d934c73fd403e2f22c3bfd*
`登陆天数: 29天 / 667天
等级: 130
石头: 1660
呼符: 11
体力: 29.46333333333334 / 138
友情点: 0 / 479935`
_2024-06-21 04:32:17_
--------
*a82ce897c907901143f2fb826a17df4d*
`登陆天数: 29天 / 667天
等级: 130
石头: 4043
呼符: 11
体力: 29.436666666666667 / 138
友情点: 0 / 401900`
_2024-06-21 04:32:25_
--------
*70b4a0cba6a0eb00591e93a745c5d404*
`登陆天数: 29天 / 666天
等级: 130
石头: 1750
呼符: 11
体力: 29.409999999999997 / 138
友情点: 0 / 478470`
_2024-06-21 04:32:33_
--------
*ea1ff75ddead5c7b8d08e386d6379714*
`登陆天数: 29天 / 667天
等级: 130
石头: 3289
呼符: 11
体力: 29.38666666666667 / 138
友情点: 0 / 439825`
_2024-06-21 04:32:40_
--------
*478514723839ea9e29a744e90ca4b143*
`登陆天数: 29天 / 667天
等级: 130
石头: 1548
呼符: 11
体力: 29.36 / 138
友情点: 0 / 478280`
_2024-06-21 04:32:48_
--------
*b4bfad4ccc318593c2522ac454a1e6ad*
`登陆天数: 29天 / 667天
等级: 130
石头: 1917
呼符: 11
体力: 29.336666666666673 / 138
友情点: 0 / 478640`
_2024-06-21 04:32:56_
--------
*fdb1d96dd08409d71345c27b8af9b6c0*
`登陆天数: 29天 / 666天
等级: 130
石头: 2007
呼符: 11
体力: 29.310000000000002 / 138
友情点: 0 / 478455`
_2024-06-21 04:33:04_
--------
*47a2d117b23eb832c49a40d89544290c*
`登陆天数: 29天 / 667天
等级: 130
石头: 3270
呼符: 11
体力: 29.28 / 138
友情点: 0 / 442215`
_2024-06-21 04:33:12_
--------
*90e092e44c74be9a75ba4dbaf4d2c1ce*
`登陆天数: 29天 / 666天
等级: 130
石头: 3678
呼符: 11
体力: 29.25666666666666 / 138
友情点: 0 / 424875`
_2024-06-21 04:33:20_
--------
*5a46e6df6ebbaa6c9264fbf7a7f4cf97*
`登陆天数: 29天 / 667天
等级: 130
石头: 4076
呼符: 122
体力: 29.233333333333334 / 138
友情点: 0 / 394950`
_2024-06-21 04:33:27_
--------
*ee79bb4c5b33d955003f95a531ac2abb*
`登陆天数: 30天 / 668天
等级: 130
石头: 3770
呼符: 11
体力: 29.203333333333333 / 138
友情点: 0 / 395595`
_2024-06-21 04:33:35_
--------
*866f77448c8f03f74fef9cba8c3a97de*
`登陆天数: 29天 / 666天
等级: 130
石头: 3588
呼符: 11
体力: 29.173333333333332 / 138
友情点: 0 / 426490`
_2024-06-21 04:33:43_
--------
*995e5288ee374474556d524ec90e46cb*
`登陆天数: 29天 / 667天
等级: 130
石头: 3263
呼符: 11
体力: 29.150000000000006 / 138
友情点: 0 / 437285`
_2024-06-21 04:33:50_
--------
*78e8ba6a5a0d44ed7d17d0455f9deaab*
`登陆天数: 29天 / 667天
等级: 130
石头: 2331
呼符: 11
体力: 29.123333333333335 / 138
友情点: 0 / 459105`
_2024-06-21 04:33:58_
--------
*0fe35c1d66efe9a5c562f7be6832cc84*
`登陆天数: 29天 / 666天
等级: 130
石头: 2810
呼符: 11
体力: 29.096666666666664 / 138
友情点: 0 / 453535`
_2024-06-21 04:34:06_
--------
*11d64e0c78adf2c2eba1dd909c3710bd*
`登陆天数: 29天 / 667天
等级: 130
石头: 3294
呼符: 11
体力: 29.073333333333338 / 138
友情点: 0 / 422585`
_2024-06-21 04:34:14_
--------
*6701533d571ef06f528eb4e9f47a56e9*
`登陆天数: 29天 / 666天
等级: 130
石头: 3440
呼符: 11
体力: 29.046666666666667 / 138
友情点: 0 / 425505`
_2024-06-21 04:34:22_
--------
*77b2a7d9dfee6d1a826cd458068c8a29*
`登陆天数: 29天 / 666天
等级: 130
石头: 2359
呼符: 11
体力: 29.023333333333326 / 138
友情点: 0 / 478745`
_2024-06-21 04:34:29_
--------
*59682f4c579b953bcd460b9d3fe88aa0*
`登陆天数: 29天 / 666天
等级: 130
石头: 3768
呼符: 11
体力: 28.99666666666667 / 138
友情点: 0 / 408010`
_2024-06-21 04:34:37_
--------
*b35193aed167f327d78ce0adfe1fbe77*
`登陆天数: 29天 / 667天
等级: 130
石头: 3862
呼符: 11
体力: 28.97 / 138
友情点: 0 / 406740`
_2024-06-21 04:34:45_
--------
*1fd04e05f7c95407c1334e333f8827d4*
`登陆天数: 29天 / 667天
等级: 130
石头: 4075
呼符: 113
体力: 28.943333333333328 / 138
友情点: 0 / 394990`
_2024-06-21 04:34:52_
--------
*1fd2eeaf22ed15eb34d527f8039d05b3*
`登陆天数: 29天 / 667天
等级: 130
石头: 1914
呼符: 11
体力: 28.91666666666667 / 138
友情点: 0 / 477590`
_2024-06-21 04:35:00_
--------
*3f76fb1b9d7997e3de2308c5bcdb8bc9*
`登陆天数: 29天 / 667天
等级: 130
石头: 1039
呼符: 11
体力: 28.89 / 138
友情点: 0 / 478650`
_2024-06-21 04:35:08_
--------
*eee0b3e6b7dd5703c4549bfa3a139a10*
`登陆天数: 29天 / 666天
等级: 130
石头: 3021
呼符: 11
体力: 28.86666666666666 / 138
友情点: 0 / 452450`
_2024-06-21 04:35:16_
--------
*5589a8db0379b23ecb493bb071f3643a*
`登陆天数: 29天 / 667天
等级: 130
石头: 1598
呼符: 11
体力: 28.840000000000003 / 138
友情点: 0 / 479370`
_2024-06-21 04:35:23_
--------
*7d8db48a0e244c1ca890386554c54d41*
`登陆天数: 29天 / 667天
等级: 130
石头: 2359
呼符: 11
体力: 28.810000000000002 / 138
友情点: 0 / 478385`
_2024-06-21 04:35:31_
--------
*40e66032777d96dac6c12b5868720c71*
`登陆天数: 29天 / 666天
等级: 130
石头: 2780
呼符: 11
体力: 28.78666666666666 / 138
友情点: 0 / 457950`
_2024-06-21 04:35:38_
--------
*030fdcab94fa6dcd3d0219c1aa3fec91*
`登陆天数: 30天 / 667天
等级: 130
石头: 3954
呼符: 11
体力: 28.763333333333335 / 138
友情点: 0 / 394660`
_2024-06-21 04:35:46_
--------
*f2a6b5bd7d042d36f194d7b594e4c4fd*
`登陆天数: 29天 / 667天
等级: 130
石头: 2482
呼符: 11
体力: 28.730000000000004 / 138
友情点: 0 / 478795`
_2024-06-21 04:35:54_
--------
*6d2ccd6698dd732baa728d78688685bc*
`登陆天数: 29天 / 667天
等级: 130
石头: 2600
呼符: 11
体力: 28.706666666666663 / 138
友情点: 0 / 458480`
_2024-06-21 04:36:01_
--------
*a77d5d0e3f3c3dad5999df7d38ff4f65*
`登陆天数: 30天 / 667天
等级: 130
石头: 1314
呼符: 11
体力: 28.680000000000007 / 138
友情点: 0 / 481145`
_2024-06-21 04:36:09_
--------
*4162af9638b581515341913075e8610c*
`登陆天数: 29天 / 666天
等级: 130
石头: 2959
呼符: 11
体力: 28.653333333333336 / 138
友情点: 0 / 451945`
_2024-06-21 04:36:17_
--------
*31175a3486342431844afc154a4b3f8b*
`登陆天数: 29天 / 667天
等级: 130
石头: 2240
呼符: 11
体力: 28.626666666666665 / 138
友情点: 0 / 479160`
_2024-06-21 04:36:25_
--------
*c2e37c4cf95319ea9d8c787bc14b974c*
`登陆天数: 29天 / 666天
等级: 130
石头: 3144
呼符: 11
体力: 28.60333333333334 / 138
友情点: 0 / 446590`
_2024-06-21 04:36:33_
--------
*786d1d2e9f0942360cba24b47db52490*
`登陆天数: 29天 / 666天
等级: 130
石头: 3227
呼符: 11
体力: 28.573333333333338 / 138
友情点: 0 / 433000`
_2024-06-21 04:36:40_
--------
*6162d018cc4f591e6d1cb3e2ef8191d1*
`登陆天数: 29天 / 667天
等级: 130
石头: 3909
呼符: 11
体力: 28.549999999999997 / 138
友情点: 0 / 396290`
_2024-06-21 04:36:48_
--------
*646195caefa28ade965b91c400057f01*
`登陆天数: 29天 / 666天
等级: 130
石头: 1870
呼符: 11
体力: 28.523333333333326 / 138
友情点: 0 / 479900`
_2024-06-21 04:36:55_
--------
*3d5a228f1082bc550818e18f7971fe57*
`登陆天数: 29天 / 667天
等级: 130
石头: 2271
呼符: 0
体力: 20213.683333333334 / 138
友情点: 0 / 467010`
_2024-06-21 04:37:03_
--------
