【登录信息】
*31b243358b364f62610ba7677254fc68*
`登陆天数: 31天 / 669天
等级: 130
石头: 2724
呼符: 12
体力: 29.346666666666664 / 138
友情点: 0 / 461310`
_2024-06-22 04:28:46_
--------
*9466fbda39330496bc7fe0f505be466d*
`登陆天数: 31天 / 669天
等级: 130
石头: 1134
呼符: 12
体力: 29.316666666666663 / 138
友情点: 0 / 478855`
_2024-06-22 04:28:54_
--------
*6747c1001f4172edf19a5dca8032589e*
`登陆天数: 30天 / 667天
等级: 130
石头: 2090
呼符: 12
体力: 29.293333333333337 / 138
友情点: 0 / 479440`
_2024-06-22 04:29:02_
--------
*14bbc0295aa961661501c11d525b2f83*
`登陆天数: 30天 / 667天
等级: 130
石头: 2036
呼符: 12
体力: 29.269999999999996 / 138
友情点: 0 / 479595`
_2024-06-22 04:29:09_
--------
*7aa0af62f290929944b1b91344476fc1*
`登陆天数: 30天 / 668天
等级: 130
石头: 1044
呼符: 12
体力: 29.239999999999995 / 138
友情点: 0 / 477895`
_2024-06-22 04:29:17_
--------
*88566b7a44c500e7f18bdffddac6995d*
`登陆天数: 31天 / 668天
等级: 130
石头: 3595
呼符: 12
体力: 29.21333333333334 / 138
友情点: 0 / 401785`
_2024-06-22 04:29:25_
--------
*d6f3f22b5d094917fa2e4ce0c2fb30e6*
`登陆天数: 30天 / 667天
等级: 130
石头: 3793
呼符: 12
体力: 29.189999999999998 / 138
友情点: 0 / 418480`
_2024-06-22 04:29:32_
--------
*3066a1ca0a948c4849e81dd256133b61*
`登陆天数: 30天 / 667天
等级: 130
石头: 1970
呼符: 12
体力: 29.16666666666667 / 138
友情点: 0 / 481755`
_2024-06-22 04:29:40_
--------
*ed2cbea17334e7c90948f4c4ee35c290*
`登陆天数: 30天 / 668天
等级: 130
石头: 3681
呼符: 12
体力: 29.14333333333333 / 138
友情点: 0 / 405100`
_2024-06-22 04:29:48_
--------
*d8a46aa86df01ac54eb57e13c24c84b5*
`登陆天数: 30天 / 668天
等级: 130
石头: 3350
呼符: 12
体力: 29.11666666666666 / 138
友情点: 0 / 429405`
_2024-06-22 04:29:56_
--------
*60ad9bacd38edf21c49a7b5cdf6122e3*
`登陆天数: 31天 / 669天
等级: 130
石头: 3205
呼符: 12
体力: 29.090000000000003 / 138
友情点: 0 / 439475`
_2024-06-22 04:30:04_
--------
*c4367785448f14f322bc85a193c5a201*
`登陆天数: 30天 / 667天
等级: 130
石头: 2060
呼符: 12
体力: 29.066666666666663 / 138
友情点: 0 / 478700`
_2024-06-22 04:30:11_
--------
*c257623655d934c73fd403e2f22c3bfd*
`登陆天数: 30天 / 668天
等级: 130
石头: 1661
呼符: 12
体力: 29.040000000000006 / 138
友情点: 0 / 479935`
_2024-06-22 04:30:19_
--------
*a82ce897c907901143f2fb826a17df4d*
`登陆天数: 30天 / 668天
等级: 130
石头: 4044
呼符: 12
体力: 29.013333333333335 / 138
友情点: 0 / 401900`
_2024-06-22 04:30:27_
--------
*70b4a0cba6a0eb00591e93a745c5d404*
`登陆天数: 30天 / 667天
等级: 130
石头: 1751
呼符: 12
体力: 28.989999999999995 / 138
友情点: 0 / 478470`
_2024-06-22 04:30:34_
--------
*ea1ff75ddead5c7b8d08e386d6379714*
`登陆天数: 30天 / 668天
等级: 130
石头: 3290
呼符: 12
体力: 28.96666666666667 / 138
友情点: 0 / 439825`
_2024-06-22 04:30:42_
--------
*478514723839ea9e29a744e90ca4b143*
`登陆天数: 30天 / 668天
等级: 130
石头: 1549
呼符: 12
体力: 28.943333333333328 / 138
友情点: 0 / 478280`
_2024-06-22 04:30:50_
--------
*b4bfad4ccc318593c2522ac454a1e6ad*
`登陆天数: 30天 / 668天
等级: 130
石头: 1918
呼符: 12
体力: 28.92 / 138
友情点: 0 / 478640`
_2024-06-22 04:30:58_
--------
*fdb1d96dd08409d71345c27b8af9b6c0*
`登陆天数: 30天 / 667天
等级: 130
石头: 2008
呼符: 12
体力: 28.89 / 138
友情点: 0 / 478455`
_2024-06-22 04:31:06_
--------
*47a2d117b23eb832c49a40d89544290c*
`登陆天数: 30天 / 668天
等级: 130
石头: 3271
呼符: 12
体力: 28.86666666666666 / 138
友情点: 0 / 442215`
_2024-06-22 04:31:13_
--------
*90e092e44c74be9a75ba4dbaf4d2c1ce*
`登陆天数: 30天 / 667天
等级: 130
石头: 3679
呼符: 12
体力: 28.840000000000003 / 138
友情点: 0 / 424875`
_2024-06-22 04:31:21_
--------
*5a46e6df6ebbaa6c9264fbf7a7f4cf97*
`登陆天数: 30天 / 668天
等级: 130
石头: 4077
呼符: 123
体力: 28.816666666666663 / 138
友情点: 0 / 388950`
_2024-06-22 04:31:29_
--------
*ee79bb4c5b33d955003f95a531ac2abb*
`登陆天数: 31天 / 669天
等级: 130
石头: 3770
呼符: 12
体力: 28.78333333333333 / 138
友情点: 0 / 395595`
_2024-06-22 04:31:36_
--------
*866f77448c8f03f74fef9cba8c3a97de*
`登陆天数: 30天 / 667天
等级: 130
石头: 3589
呼符: 12
体力: 28.760000000000005 / 138
友情点: 0 / 426490`
_2024-06-22 04:31:44_
--------
*995e5288ee374474556d524ec90e46cb*
`登陆天数: 30天 / 668天
等级: 130
石头: 3264
呼符: 12
体力: 28.736666666666665 / 138
友情点: 0 / 437285`
_2024-06-22 04:31:52_
--------
*78e8ba6a5a0d44ed7d17d0455f9deaab*
`登陆天数: 30天 / 668天
等级: 130
石头: 2332
呼符: 12
体力: 28.709999999999994 / 138
友情点: 0 / 459105`
_2024-06-22 04:31:59_
--------
*0fe35c1d66efe9a5c562f7be6832cc84*
`登陆天数: 30天 / 667天
等级: 130
石头: 2811
呼符: 12
体力: 28.683333333333337 / 138
友情点: 0 / 453535`
_2024-06-22 04:32:07_
--------
*11d64e0c78adf2c2eba1dd909c3710bd*
`登陆天数: 30天 / 668天
等级: 130
石头: 3295
呼符: 12
体力: 28.659999999999997 / 138
友情点: 0 / 422585`
_2024-06-22 04:32:15_
--------
*6701533d571ef06f528eb4e9f47a56e9*
`登陆天数: 30天 / 667天
等级: 130
石头: 3441
呼符: 12
体力: 28.629999999999995 / 138
友情点: 0 / 425505`
_2024-06-22 04:32:22_
--------
*77b2a7d9dfee6d1a826cd458068c8a29*
`登陆天数: 30天 / 667天
等级: 130
石头: 2360
呼符: 12
体力: 28.61 / 138
友情点: 0 / 478745`
_2024-06-22 04:32:30_
--------
*59682f4c579b953bcd460b9d3fe88aa0*
`登陆天数: 30天 / 667天
等级: 130
石头: 3769
呼符: 12
体力: 28.586666666666673 / 138
友情点: 0 / 408010`
_2024-06-22 04:32:37_
--------
*b35193aed167f327d78ce0adfe1fbe77*
`登陆天数: 30天 / 668天
等级: 130
石头: 3863
呼符: 12
体力: 28.563333333333333 / 138
友情点: 0 / 406740`
_2024-06-22 04:32:45_
--------
*1fd04e05f7c95407c1334e333f8827d4*
`登陆天数: 30天 / 668天
等级: 130
石头: 4076
呼符: 114
体力: 28.540000000000006 / 138
友情点: 0 / 388990`
_2024-06-22 04:32:53_
--------
*1fd2eeaf22ed15eb34d527f8039d05b3*
`登陆天数: 30天 / 668天
等级: 130
石头: 1915
呼符: 12
体力: 28.50666666666666 / 138
友情点: 0 / 477590`
_2024-06-22 04:33:01_
--------
*3f76fb1b9d7997e3de2308c5bcdb8bc9*
`登陆天数: 30天 / 668天
等级: 130
石头: 1040
呼符: 12
体力: 28.483333333333334 / 138
友情点: 0 / 478650`
_2024-06-22 04:33:08_
--------
*eee0b3e6b7dd5703c4549bfa3a139a10*
`登陆天数: 30天 / 667天
等级: 130
石头: 3022
呼符: 12
体力: 28.459999999999994 / 138
友情点: 0 / 452450`
_2024-06-22 04:33:16_
--------
*5589a8db0379b23ecb493bb071f3643a*
`登陆天数: 30天 / 668天
等级: 130
石头: 1599
呼符: 12
体力: 28.436666666666667 / 138
友情点: 0 / 479370`
_2024-06-22 04:33:24_
--------
*7d8db48a0e244c1ca890386554c54d41*
`登陆天数: 30天 / 668天
等级: 130
石头: 2360
呼符: 12
体力: 28.409999999999997 / 138
友情点: 0 / 478385`
_2024-06-22 04:33:32_
--------
*40e66032777d96dac6c12b5868720c71*
`登陆天数: 30天 / 667天
等级: 130
石头: 2781
呼符: 12
体力: 28.38333333333334 / 138
友情点: 0 / 457950`
_2024-06-22 04:33:40_
--------
*030fdcab94fa6dcd3d0219c1aa3fec91*
`登陆天数: 31天 / 668天
等级: 130
石头: 3954
呼符: 12
体力: 28.36 / 138
友情点: 0 / 388660`
_2024-06-22 04:33:47_
--------
*f2a6b5bd7d042d36f194d7b594e4c4fd*
`登陆天数: 30天 / 668天
等级: 130
石头: 2483
呼符: 12
体力: 28.33333333333333 / 138
友情点: 0 / 478795`
_2024-06-22 04:33:55_
--------
*6d2ccd6698dd732baa728d78688685bc*
`登陆天数: 30天 / 668天
等级: 130
石头: 2601
呼符: 12
体力: 28.310000000000002 / 138
友情点: 0 / 458480`
_2024-06-22 04:34:03_
--------
*a77d5d0e3f3c3dad5999df7d38ff4f65*
`登陆天数: 31天 / 668天
等级: 130
石头: 1314
呼符: 12
体力: 28.28333333333333 / 138
友情点: 0 / 481145`
_2024-06-22 04:34:11_
--------
*4162af9638b581515341913075e8610c*
`登陆天数: 30天 / 667天
等级: 130
石头: 2960
呼符: 12
体力: 28.260000000000005 / 138
友情点: 0 / 451945`
_2024-06-22 04:34:19_
--------
*31175a3486342431844afc154a4b3f8b*
`登陆天数: 30天 / 668天
等级: 130
石头: 2241
呼符: 12
体力: 28.233333333333334 / 138
友情点: 0 / 479160`
_2024-06-22 04:34:27_
--------
*c2e37c4cf95319ea9d8c787bc14b974c*
`登陆天数: 30天 / 667天
等级: 130
石头: 3145
呼符: 12
体力: 28.209999999999994 / 138
友情点: 0 / 446590`
_2024-06-22 04:34:34_
--------
*786d1d2e9f0942360cba24b47db52490*
`登陆天数: 30天 / 667天
等级: 130
石头: 3228
呼符: 12
体力: 28.183333333333337 / 138
友情点: 0 / 433000`
_2024-06-22 04:34:42_
--------
*6162d018cc4f591e6d1cb3e2ef8191d1*
`登陆天数: 30天 / 668天
等级: 130
石头: 3910
呼符: 12
体力: 28.159999999999997 / 138
友情点: 0 / 396290`
_2024-06-22 04:34:50_
--------
*646195caefa28ade965b91c400057f01*
`登陆天数: 30天 / 667天
等级: 130
石头: 1871
呼符: 12
体力: 28.13666666666667 / 138
友情点: 0 / 479900`
_2024-06-22 04:34:57_
--------
*3d5a228f1082bc550818e18f7971fe57*
`登陆天数: 30天 / 668天
等级: 130
石头: 2271
呼符: 0
体力: 20501.29 / 138
友情点: 0 / 467010`
_2024-06-22 04:35:05_
--------
