【登录信息】
*31b243358b364f62610ba7677254fc68*
`登陆天数: 32天 / 670天
等级: 130
石头: 2726
呼符: 12
体力: 30.163333333333327 / 138
友情点: 0 / 461310`
_2024-06-23 04:29:29_
--------
*9466fbda39330496bc7fe0f505be466d*
`登陆天数: 32天 / 670天
等级: 130
石头: 1136
呼符: 12
体力: 30.13666666666667 / 138
友情点: 0 / 478855`
_2024-06-23 04:29:36_
--------
*6747c1001f4172edf19a5dca8032589e*
`登陆天数: 31天 / 668天
等级: 130
石头: 2091
呼符: 12
体力: 30.11 / 138
友情点: 0 / 479440`
_2024-06-23 04:29:44_
--------
*14bbc0295aa961661501c11d525b2f83*
`登陆天数: 31天 / 668天
等级: 130
石头: 2037
呼符: 12
体力: 30.08333333333333 / 138
友情点: 0 / 479595`
_2024-06-23 04:29:52_
--------
*7aa0af62f290929944b1b91344476fc1*
`登陆天数: 31天 / 669天
等级: 130
石头: 1045
呼符: 12
体力: 30.056666666666672 / 138
友情点: 0 / 477895`
_2024-06-23 04:30:00_
--------
*88566b7a44c500e7f18bdffddac6995d*
`登陆天数: 32天 / 669天
等级: 130
石头: 3597
呼符: 12
体力: 30.03 / 138
友情点: 0 / 401785`
_2024-06-23 04:30:08_
--------
*d6f3f22b5d094917fa2e4ce0c2fb30e6*
`登陆天数: 31天 / 668天
等级: 130
石头: 3794
呼符: 12
体力: 30.00666666666666 / 138
友情点: 0 / 418480`
_2024-06-23 04:30:16_
--------
*3066a1ca0a948c4849e81dd256133b61*
`登陆天数: 31天 / 668天
等级: 130
石头: 1971
呼符: 12
体力: 29.980000000000004 / 138
友情点: 0 / 481755`
_2024-06-23 04:30:23_
--------
*ed2cbea17334e7c90948f4c4ee35c290*
`登陆天数: 31天 / 669天
等级: 130
石头: 3682
呼符: 12
体力: 29.953333333333333 / 138
友情点: 0 / 405100`
_2024-06-23 04:30:31_
--------
*d8a46aa86df01ac54eb57e13c24c84b5*
`登陆天数: 31天 / 669天
等级: 130
石头: 3351
呼符: 12
体力: 29.926666666666662 / 138
友情点: 0 / 429405`
_2024-06-23 04:30:39_
--------
*60ad9bacd38edf21c49a7b5cdf6122e3*
`登陆天数: 32天 / 670天
等级: 130
石头: 3207
呼符: 12
体力: 29.900000000000006 / 138
友情点: 0 / 439475`
_2024-06-23 04:30:47_
--------
*c4367785448f14f322bc85a193c5a201*
`登陆天数: 31天 / 668天
等级: 130
石头: 2061
呼符: 12
体力: 29.876666666666665 / 138
友情点: 0 / 478700`
_2024-06-23 04:30:55_
--------
*c257623655d934c73fd403e2f22c3bfd*
`登陆天数: 31天 / 669天
等级: 130
石头: 1662
呼符: 12
体力: 29.85333333333334 / 138
友情点: 0 / 479935`
_2024-06-23 04:31:02_
--------
*a82ce897c907901143f2fb826a17df4d*
`登陆天数: 31天 / 669天
等级: 130
石头: 4045
呼符: 12
体力: 29.826666666666668 / 138
友情点: 0 / 401900`
_2024-06-23 04:31:10_
--------
*70b4a0cba6a0eb00591e93a745c5d404*
`登陆天数: 31天 / 668天
等级: 130
石头: 1752
呼符: 12
体力: 29.799999999999997 / 138
友情点: 0 / 478470`
_2024-06-23 04:31:18_
--------
*ea1ff75ddead5c7b8d08e386d6379714*
`登陆天数: 31天 / 669天
等级: 130
石头: 3291
呼符: 12
体力: 29.773333333333326 / 138
友情点: 0 / 439825`
_2024-06-23 04:31:26_
--------
*478514723839ea9e29a744e90ca4b143*
`登陆天数: 31天 / 669天
等级: 130
石头: 1550
呼符: 12
体力: 29.75 / 138
友情点: 0 / 478280`
_2024-06-23 04:31:34_
--------
*b4bfad4ccc318593c2522ac454a1e6ad*
`登陆天数: 31天 / 669天
等级: 130
石头: 1919
呼符: 12
体力: 29.72333333333333 / 138
友情点: 0 / 478640`
_2024-06-23 04:31:41_
--------
*fdb1d96dd08409d71345c27b8af9b6c0*
`登陆天数: 31天 / 668天
等级: 130
石头: 2009
呼符: 12
体力: 29.696666666666673 / 138
友情点: 0 / 478455`
_2024-06-23 04:31:49_
--------
*47a2d117b23eb832c49a40d89544290c*
`登陆天数: 31天 / 669天
等级: 130
石头: 3272
呼符: 12
体力: 29.673333333333332 / 138
友情点: 0 / 442215`
_2024-06-23 04:31:57_
--------
*90e092e44c74be9a75ba4dbaf4d2c1ce*
`登陆天数: 31天 / 668天
等级: 130
石头: 3680
呼符: 12
体力: 29.64666666666666 / 138
友情点: 0 / 424875`
_2024-06-23 04:32:04_
--------
*5a46e6df6ebbaa6c9264fbf7a7f4cf97*
`登陆天数: 31天 / 669天
等级: 130
石头: 4078
呼符: 123
体力: 29.620000000000005 / 138
友情点: 0 / 382950`
_2024-06-23 04:32:12_
--------
*ee79bb4c5b33d955003f95a531ac2abb*
`登陆天数: 32天 / 670天
等级: 130
石头: 3772
呼符: 12
体力: 29.593333333333334 / 138
友情点: 0 / 395595`
_2024-06-23 04:32:20_
--------
*866f77448c8f03f74fef9cba8c3a97de*
`登陆天数: 31天 / 668天
等级: 130
石头: 3590
呼符: 12
体力: 29.569999999999993 / 138
友情点: 0 / 426490`
_2024-06-23 04:32:27_
--------
*995e5288ee374474556d524ec90e46cb*
`登陆天数: 31天 / 669天
等级: 130
石头: 3265
呼符: 12
体力: 29.543333333333337 / 138
友情点: 0 / 437285`
_2024-06-23 04:32:35_
--------
*78e8ba6a5a0d44ed7d17d0455f9deaab*
`登陆天数: 31天 / 669天
等级: 130
石头: 2333
呼符: 12
体力: 29.519999999999996 / 138
友情点: 0 / 459105`
_2024-06-23 04:32:43_
--------
*0fe35c1d66efe9a5c562f7be6832cc84*
`登陆天数: 31天 / 668天
等级: 130
石头: 2812
呼符: 12
体力: 29.49333333333334 / 138
友情点: 0 / 453535`
_2024-06-23 04:32:51_
--------
*11d64e0c78adf2c2eba1dd909c3710bd*
`登陆天数: 31天 / 669天
等级: 130
石头: 3296
呼符: 12
体力: 29.46666666666667 / 138
友情点: 0 / 422585`
_2024-06-23 04:32:59_
--------
*6701533d571ef06f528eb4e9f47a56e9*
`登陆天数: 31天 / 668天
等级: 130
石头: 3442
呼符: 12
体力: 29.443333333333328 / 138
友情点: 0 / 425505`
_2024-06-23 04:33:07_
--------
*77b2a7d9dfee6d1a826cd458068c8a29*
`登陆天数: 31天 / 668天
等级: 130
石头: 2361
呼符: 12
体力: 29.413333333333327 / 138
友情点: 0 / 478745`
_2024-06-23 04:33:15_
--------
*59682f4c579b953bcd460b9d3fe88aa0*
`登陆天数: 31天 / 668天
等级: 130
石头: 3770
呼符: 12
体力: 29.39 / 138
友情点: 0 / 408010`
_2024-06-23 04:33:23_
--------
*b35193aed167f327d78ce0adfe1fbe77*
`登陆天数: 31天 / 669天
等级: 130
石头: 3864
呼符: 12
体力: 29.36666666666666 / 138
友情点: 0 / 406740`
_2024-06-23 04:33:30_
--------
*1fd04e05f7c95407c1334e333f8827d4*
`登陆天数: 31天 / 669天
等级: 130
石头: 4077
呼符: 114
体力: 29.340000000000003 / 138
友情点: 0 / 382990`
_2024-06-23 04:33:38_
--------
*1fd2eeaf22ed15eb34d527f8039d05b3*
`登陆天数: 31天 / 669天
等级: 130
石头: 1916
呼符: 12
体力: 29.310000000000002 / 138
友情点: 0 / 477590`
_2024-06-23 04:33:46_
--------
*3f76fb1b9d7997e3de2308c5bcdb8bc9*
`登陆天数: 31天 / 669天
等级: 130
石头: 1041
呼符: 12
体力: 29.28333333333333 / 138
友情点: 0 / 478650`
_2024-06-23 04:33:53_
--------
*eee0b3e6b7dd5703c4549bfa3a139a10*
`登陆天数: 31天 / 668天
等级: 130
石头: 3023
呼符: 12
体力: 29.25666666666666 / 138
友情点: 0 / 452450`
_2024-06-23 04:34:01_
--------
*5589a8db0379b23ecb493bb071f3643a*
`登陆天数: 31天 / 669天
等级: 130
石头: 1600
呼符: 12
体力: 29.236666666666665 / 138
友情点: 0 / 479370`
_2024-06-23 04:34:09_
--------
*7d8db48a0e244c1ca890386554c54d41*
`登陆天数: 31天 / 669天
等级: 130
石头: 2361
呼符: 12
体力: 29.206666666666663 / 138
友情点: 0 / 478385`
_2024-06-23 04:34:17_
--------
*40e66032777d96dac6c12b5868720c71*
`登陆天数: 31天 / 668天
等级: 130
石头: 2782
呼符: 12
体力: 29.183333333333337 / 138
友情点: 0 / 457950`
_2024-06-23 04:34:25_
--------
*030fdcab94fa6dcd3d0219c1aa3fec91*
`登陆天数: 32天 / 669天
等级: 130
石头: 3956
呼符: 12
体力: 29.156666666666666 / 138
友情点: 0 / 382660`
_2024-06-23 04:34:32_
--------
*f2a6b5bd7d042d36f194d7b594e4c4fd*
`登陆天数: 31天 / 669天
等级: 130
石头: 2484
呼符: 12
体力: 29.126666666666665 / 138
友情点: 0 / 478795`
_2024-06-23 04:34:40_
--------
*6d2ccd6698dd732baa728d78688685bc*
`登陆天数: 31天 / 669天
等级: 130
石头: 2602
呼符: 12
体力: 29.10333333333334 / 138
友情点: 0 / 458480`
_2024-06-23 04:34:48_
--------
*a77d5d0e3f3c3dad5999df7d38ff4f65*
`登陆天数: 32天 / 669天
等级: 130
石头: 1316
呼符: 12
体力: 29.076666666666668 / 138
友情点: 0 / 481145`
_2024-06-23 04:34:55_
--------
*4162af9638b581515341913075e8610c*
`登陆天数: 31天 / 668天
等级: 130
石头: 2961
呼符: 12
体力: 29.053333333333327 / 138
友情点: 0 / 451945`
_2024-06-23 04:35:03_
--------
*31175a3486342431844afc154a4b3f8b*
`登陆天数: 31天 / 669天
等级: 130
石头: 2242
呼符: 12
体力: 29.02666666666667 / 138
友情点: 0 / 479160`
_2024-06-23 04:35:11_
--------
*c2e37c4cf95319ea9d8c787bc14b974c*
`登陆天数: 31天 / 668天
等级: 130
石头: 3146
呼符: 12
体力: 29.0 / 138
友情点: 0 / 446590`
_2024-06-23 04:35:18_
--------
*786d1d2e9f0942360cba24b47db52490*
`登陆天数: 31天 / 668天
等级: 130
石头: 3229
呼符: 12
体力: 28.976666666666674 / 138
友情点: 0 / 433000`
_2024-06-23 04:35:26_
--------
*6162d018cc4f591e6d1cb3e2ef8191d1*
`登陆天数: 31天 / 669天
等级: 130
石头: 3911
呼符: 12
体力: 28.950000000000003 / 138
友情点: 0 / 396290`
_2024-06-23 04:35:34_
--------
*646195caefa28ade965b91c400057f01*
`登陆天数: 31天 / 668天
等级: 130
石头: 1872
呼符: 12
体力: 28.926666666666662 / 138
友情点: 0 / 479900`
_2024-06-23 04:35:42_
--------
*3d5a228f1082bc550818e18f7971fe57*
`登陆天数: 31天 / 669天
等级: 130
石头: 2271
呼符: 0
体力: 20789.44 / 138
友情点: 0 / 467010`
_2024-06-23 04:35:49_
--------
