【登录信息】
*31b243358b364f62610ba7677254fc68*
`登陆天数: 33天 / 671天
等级: 130
石头: 2726
呼符: 12
体力: 30.16666666666667 / 138
友情点: 0 / 461310`
_2024-06-24 04:30:39_
--------
*9466fbda39330496bc7fe0f505be466d*
`登陆天数: 33天 / 671天
等级: 130
石头: 1136
呼符: 12
体力: 30.13333333333334 / 138
友情点: 0 / 478855`
_2024-06-24 04:30:47_
--------
*6747c1001f4172edf19a5dca8032589e*
`登陆天数: 32天 / 669天
等级: 130
石头: 2092
呼符: 12
体力: 30.10333333333334 / 138
友情点: 0 / 479440`
_2024-06-24 04:30:55_
--------
*14bbc0295aa961661501c11d525b2f83*
`登陆天数: 32天 / 669天
等级: 130
石头: 2038
呼符: 12
体力: 30.073333333333338 / 138
友情点: 0 / 479595`
_2024-06-24 04:31:03_
--------
*7aa0af62f290929944b1b91344476fc1*
`登陆天数: 32天 / 670天
等级: 130
石头: 1046
呼符: 12
体力: 30.043333333333337 / 138
友情点: 0 / 477895`
_2024-06-24 04:31:12_
--------
*88566b7a44c500e7f18bdffddac6995d*
`登陆天数: 33天 / 670天
等级: 130
石头: 3597
呼符: 12
体力: 30.013333333333335 / 138
友情点: 0 / 401785`
_2024-06-24 04:31:20_
--------
*d6f3f22b5d094917fa2e4ce0c2fb30e6*
`登陆天数: 32天 / 669天
等级: 130
石头: 3795
呼符: 12
体力: 29.986666666666665 / 138
友情点: 0 / 418480`
_2024-06-24 04:31:28_
--------
*3066a1ca0a948c4849e81dd256133b61*
`登陆天数: 32天 / 669天
等级: 130
石头: 1972
呼符: 12
体力: 29.956666666666663 / 138
友情点: 0 / 481755`
_2024-06-24 04:31:36_
--------
*ed2cbea17334e7c90948f4c4ee35c290*
`登陆天数: 32天 / 670天
等级: 130
石头: 3683
呼符: 12
体力: 29.930000000000007 / 138
友情点: 0 / 405100`
_2024-06-24 04:31:45_
--------
*d8a46aa86df01ac54eb57e13c24c84b5*
`登陆天数: 32天 / 670天
等级: 130
石头: 3352
呼符: 12
体力: 28.673333333333332 / 138
友情点: 0 / 429405`
_2024-06-24 04:31:53_
--------
*60ad9bacd38edf21c49a7b5cdf6122e3*
`登陆天数: 33天 / 671天
等级: 130
石头: 3207
呼符: 12
体力: 28.64666666666666 / 138
友情点: 0 / 439475`
_2024-06-24 04:32:01_
--------
*c4367785448f14f322bc85a193c5a201*
`登陆天数: 32天 / 669天
等级: 130
石头: 2062
呼符: 12
体力: 28.620000000000005 / 138
友情点: 0 / 478700`
_2024-06-24 04:32:08_
--------
*c257623655d934c73fd403e2f22c3bfd*
`登陆天数: 32天 / 670天
等级: 130
石头: 1663
呼符: 12
体力: 28.593333333333334 / 138
友情点: 0 / 479935`
_2024-06-24 04:32:16_
--------
*a82ce897c907901143f2fb826a17df4d*
`登陆天数: 32天 / 670天
等级: 130
石头: 4046
呼符: 12
体力: 28.566666666666663 / 138
友情点: 0 / 401900`
_2024-06-24 04:32:24_
--------
*70b4a0cba6a0eb00591e93a745c5d404*
`登陆天数: 32天 / 669天
等级: 130
石头: 1753
呼符: 12
体力: 28.540000000000006 / 138
友情点: 0 / 478470`
_2024-06-24 04:32:32_
--------
*ea1ff75ddead5c7b8d08e386d6379714*
`登陆天数: 32天 / 670天
等级: 130
石头: 3292
呼符: 12
体力: 28.516666666666666 / 138
友情点: 0 / 439825`
_2024-06-24 04:32:41_
--------
*478514723839ea9e29a744e90ca4b143*
`登陆天数: 32天 / 670天
等级: 130
石头: 1551
呼符: 12
体力: 28.489999999999995 / 138
友情点: 0 / 478280`
_2024-06-24 04:32:49_
--------
*b4bfad4ccc318593c2522ac454a1e6ad*
`登陆天数: 32天 / 670天
等级: 130
石头: 1920
呼符: 12
体力: 28.46333333333334 / 138
友情点: 0 / 478640`
_2024-06-24 04:32:57_
--------
*fdb1d96dd08409d71345c27b8af9b6c0*
`登陆天数: 32天 / 669天
等级: 130
石头: 2010
呼符: 12
体力: 28.433333333333337 / 138
友情点: 0 / 478455`
_2024-06-24 04:33:05_
--------
*47a2d117b23eb832c49a40d89544290c*
`登陆天数: 32天 / 670天
等级: 130
石头: 3273
呼符: 12
体力: 28.406666666666666 / 138
友情点: 0 / 442215`
_2024-06-24 04:33:13_
--------
*90e092e44c74be9a75ba4dbaf4d2c1ce*
`登陆天数: 32天 / 669天
等级: 130
石头: 3681
呼符: 12
体力: 28.379999999999995 / 138
友情点: 0 / 424875`
_2024-06-24 04:33:22_
--------
*5a46e6df6ebbaa6c9264fbf7a7f4cf97*
`登陆天数: 32天 / 670天
等级: 130
石头: 4079
呼符: 123
体力: 28.35666666666667 / 138
友情点: 0 / 382950`
_2024-06-24 04:33:30_
--------
*ee79bb4c5b33d955003f95a531ac2abb*
`登陆天数: 33天 / 671天
等级: 130
石头: 3772
呼符: 12
体力: 28.33 / 138
友情点: 0 / 395595`
_2024-06-24 04:33:38_
--------
*866f77448c8f03f74fef9cba8c3a97de*
`登陆天数: 32天 / 669天
等级: 130
石头: 3591
呼符: 12
体力: 28.303333333333327 / 138
友情点: 0 / 426490`
_2024-06-24 04:33:46_
--------
*995e5288ee374474556d524ec90e46cb*
`登陆天数: 32天 / 670天
等级: 130
石头: 3266
呼符: 12
体力: 28.273333333333326 / 138
友情点: 0 / 437285`
_2024-06-24 04:33:54_
--------
*78e8ba6a5a0d44ed7d17d0455f9deaab*
`登陆天数: 32天 / 670天
等级: 130
石头: 2334
呼符: 12
体力: 28.24666666666667 / 138
友情点: 0 / 459105`
_2024-06-24 04:34:02_
--------
*0fe35c1d66efe9a5c562f7be6832cc84*
`登陆天数: 32天 / 669天
等级: 130
石头: 2813
呼符: 12
体力: 28.22 / 138
友情点: 0 / 453535`
_2024-06-24 04:34:11_
--------
*11d64e0c78adf2c2eba1dd909c3710bd*
`登陆天数: 32天 / 670天
等级: 130
石头: 3297
呼符: 12
体力: 28.193333333333328 / 138
友情点: 0 / 422585`
_2024-06-24 04:34:19_
--------
*6701533d571ef06f528eb4e9f47a56e9*
`登陆天数: 32天 / 669天
等级: 130
石头: 3443
呼符: 12
体力: 28.163333333333327 / 138
友情点: 0 / 425505`
_2024-06-24 04:34:27_
--------
*77b2a7d9dfee6d1a826cd458068c8a29*
`登陆天数: 32天 / 669天
等级: 130
石头: 2362
呼符: 12
体力: 28.13666666666667 / 138
友情点: 0 / 478745`
_2024-06-24 04:34:35_
--------
*59682f4c579b953bcd460b9d3fe88aa0*
`登陆天数: 32天 / 669天
等级: 130
石头: 3771
呼符: 12
体力: 28.11 / 138
友情点: 0 / 408010`
_2024-06-24 04:34:43_
--------
*b35193aed167f327d78ce0adfe1fbe77*
`登陆天数: 32天 / 670天
等级: 130
石头: 3865
呼符: 12
体力: 28.08333333333333 / 138
友情点: 0 / 406740`
_2024-06-24 04:34:51_
--------
*1fd04e05f7c95407c1334e333f8827d4*
`登陆天数: 32天 / 670天
等级: 130
石头: 4078
呼符: 114
体力: 28.053333333333327 / 138
友情点: 0 / 378990`
_2024-06-24 04:34:59_
--------
*1fd2eeaf22ed15eb34d527f8039d05b3*
`登陆天数: 32天 / 670天
等级: 130
石头: 1917
呼符: 12
体力: 28.023333333333326 / 138
友情点: 0 / 477590`
_2024-06-24 04:35:07_
--------
*3f76fb1b9d7997e3de2308c5bcdb8bc9*
`登陆天数: 32天 / 670天
等级: 130
石头: 1042
呼符: 12
体力: 27.99666666666667 / 138
友情点: 0 / 478650`
_2024-06-24 04:35:15_
--------
*eee0b3e6b7dd5703c4549bfa3a139a10*
`登陆天数: 32天 / 669天
等级: 130
石头: 3024
呼符: 12
体力: 27.97 / 138
友情点: 0 / 452450`
_2024-06-24 04:35:23_
--------
*5589a8db0379b23ecb493bb071f3643a*
`登陆天数: 32天 / 670天
等级: 130
石头: 1601
呼符: 12
体力: 27.939999999999998 / 138
友情点: 0 / 479370`
_2024-06-24 04:35:32_
--------
*7d8db48a0e244c1ca890386554c54d41*
`登陆天数: 32天 / 670天
等级: 130
石头: 2362
呼符: 12
体力: 27.91666666666667 / 138
友情点: 0 / 478385`
_2024-06-24 04:35:40_
--------
*40e66032777d96dac6c12b5868720c71*
`登陆天数: 32天 / 669天
等级: 130
石头: 2783
呼符: 12
体力: 27.88333333333334 / 138
友情点: 0 / 457950`
_2024-06-24 04:35:48_
--------
*030fdcab94fa6dcd3d0219c1aa3fec91*
`登陆天数: 33天 / 670天
等级: 130
石头: 3956
呼符: 12
体力: 27.86 / 138
友情点: 0 / 378660`
_2024-06-24 04:35:56_
--------
*f2a6b5bd7d042d36f194d7b594e4c4fd*
`登陆天数: 32天 / 670天
等级: 130
石头: 2485
呼符: 12
体力: 27.83 / 138
友情点: 0 / 478795`
_2024-06-24 04:36:04_
--------
*6d2ccd6698dd732baa728d78688685bc*
`登陆天数: 32天 / 670天
等级: 130
石头: 2603
呼符: 12
体力: 27.799999999999997 / 138
友情点: 0 / 458480`
_2024-06-24 04:36:12_
--------
*a77d5d0e3f3c3dad5999df7d38ff4f65*
`登陆天数: 33天 / 670天
等级: 130
石头: 1316
呼符: 12
体力: 27.769999999999996 / 138
友情点: 0 / 481145`
_2024-06-24 04:36:21_
--------
*4162af9638b581515341913075e8610c*
`登陆天数: 32天 / 669天
等级: 130
石头: 2962
呼符: 12
体力: 27.74333333333334 / 138
友情点: 0 / 451945`
_2024-06-24 04:36:29_
--------
*31175a3486342431844afc154a4b3f8b*
`登陆天数: 32天 / 670天
等级: 130
石头: 2243
呼符: 12
体力: 27.709999999999994 / 138
友情点: 0 / 479160`
_2024-06-24 04:36:37_
--------
*c2e37c4cf95319ea9d8c787bc14b974c*
`登陆天数: 32天 / 669天
等级: 130
石头: 3147
呼符: 12
体力: 27.683333333333337 / 138
友情点: 0 / 446590`
_2024-06-24 04:36:45_
--------
*786d1d2e9f0942360cba24b47db52490*
`登陆天数: 32天 / 669天
等级: 130
石头: 3230
呼符: 12
体力: 27.659999999999997 / 138
友情点: 0 / 433000`
_2024-06-24 04:36:53_
--------
*6162d018cc4f591e6d1cb3e2ef8191d1*
`登陆天数: 32天 / 670天
等级: 130
石头: 3912
呼符: 12
体力: 27.629999999999995 / 138
友情点: 0 / 396290`
_2024-06-24 04:37:02_
--------
*646195caefa28ade965b91c400057f01*
`登陆天数: 32天 / 669天
等级: 130
石头: 1873
呼符: 12
体力: 27.60333333333334 / 138
友情点: 0 / 479900`
_2024-06-24 04:37:10_
--------
*3d5a228f1082bc550818e18f7971fe57*
`登陆天数: 32天 / 670天
等级: 130
石头: 2271
呼符: 0
体力: 21077.733333333334 / 138
友情点: 0 / 467010`
_2024-06-24 04:37:17_
--------
