【登录信息】
*31b243358b364f62610ba7677254fc68*
`登陆天数: 34天 / 672天
等级: 130
石头: 2728
呼符: 13
体力: 30.08333333333333 / 138
友情点: 0 / 461310`
_2024-06-25 04:30:40_
--------
*9466fbda39330496bc7fe0f505be466d*
`登陆天数: 34天 / 672天
等级: 130
石头: 1138
呼符: 13
体力: 30.053333333333327 / 138
友情点: 0 / 478855`
_2024-06-25 04:30:48_
--------
*6747c1001f4172edf19a5dca8032589e*
`登陆天数: 33天 / 670天
等级: 130
石头: 2092
呼符: 13
体力: 30.02666666666667 / 138
友情点: 0 / 479440`
_2024-06-25 04:30:57_
--------
*14bbc0295aa961661501c11d525b2f83*
`登陆天数: 33天 / 670天
等级: 130
石头: 2038
呼符: 13
体力: 30.0 / 138
友情点: 0 / 479595`
_2024-06-25 04:31:05_
--------
*7aa0af62f290929944b1b91344476fc1*
`登陆天数: 33天 / 671天
等级: 130
石头: 1046
呼符: 13
体力: 29.976666666666674 / 138
友情点: 0 / 477895`
_2024-06-25 04:31:13_
--------
*88566b7a44c500e7f18bdffddac6995d*
`登陆天数: 34天 / 671天
等级: 130
石头: 3599
呼符: 13
体力: 29.953333333333333 / 138
友情点: 0 / 401785`
_2024-06-25 04:31:21_
--------
*d6f3f22b5d094917fa2e4ce0c2fb30e6*
`登陆天数: 33天 / 670天
等级: 130
石头: 3795
呼符: 13
体力: 29.926666666666662 / 138
友情点: 0 / 418480`
_2024-06-25 04:31:29_
--------
*3066a1ca0a948c4849e81dd256133b61*
`登陆天数: 33天 / 670天
等级: 130
石头: 1972
呼符: 13
体力: 29.903333333333336 / 138
友情点: 0 / 481755`
_2024-06-25 04:31:37_
--------
*ed2cbea17334e7c90948f4c4ee35c290*
`登陆天数: 33天 / 671天
等级: 130
石头: 3683
呼符: 13
体力: 29.876666666666665 / 138
友情点: 0 / 405100`
_2024-06-25 04:31:45_
--------
*d8a46aa86df01ac54eb57e13c24c84b5*
`登陆天数: 33天 / 671天
等级: 130
石头: 3352
呼符: 13
体力: 29.849999999999994 / 138
友情点: 0 / 429405`
_2024-06-25 04:31:54_
--------
*60ad9bacd38edf21c49a7b5cdf6122e3*
`登陆天数: 34天 / 672天
等级: 130
石头: 3209
呼符: 13
体力: 29.83 / 138
友情点: 0 / 439475`
_2024-06-25 04:32:02_
--------
*c4367785448f14f322bc85a193c5a201*
`登陆天数: 33天 / 670天
等级: 130
石头: 2062
呼符: 13
体力: 29.803333333333327 / 138
友情点: 0 / 478700`
_2024-06-25 04:32:11_
--------
*c257623655d934c73fd403e2f22c3bfd*
`登陆天数: 33天 / 671天
等级: 130
石头: 1663
呼符: 13
体力: 29.78 / 138
友情点: 0 / 479935`
_2024-06-25 04:32:19_
--------
*a82ce897c907901143f2fb826a17df4d*
`登陆天数: 33天 / 671天
等级: 130
石头: 4046
呼符: 13
体力: 29.75333333333333 / 138
友情点: 0 / 401900`
_2024-06-25 04:32:27_
--------
*70b4a0cba6a0eb00591e93a745c5d404*
`登陆天数: 33天 / 670天
等级: 130
石头: 1753
呼符: 13
体力: 29.730000000000004 / 138
友情点: 0 / 478470`
_2024-06-25 04:32:34_
--------
*ea1ff75ddead5c7b8d08e386d6379714*
`登陆天数: 33天 / 671天
等级: 130
石头: 3292
呼符: 13
体力: 29.703333333333333 / 138
友情点: 0 / 439825`
_2024-06-25 04:32:43_
--------
*478514723839ea9e29a744e90ca4b143*
`登陆天数: 33天 / 671天
等级: 130
石头: 1551
呼符: 13
体力: 29.683333333333337 / 138
友情点: 0 / 478280`
_2024-06-25 04:32:51_
--------
*b4bfad4ccc318593c2522ac454a1e6ad*
`登陆天数: 33天 / 671天
等级: 130
石头: 1920
呼符: 13
体力: 29.656666666666666 / 138
友情点: 0 / 478640`
_2024-06-25 04:32:59_
--------
*fdb1d96dd08409d71345c27b8af9b6c0*
`登陆天数: 33天 / 670天
等级: 130
石头: 2010
呼符: 13
体力: 29.63333333333334 / 138
友情点: 0 / 478455`
_2024-06-25 04:33:07_
--------
*47a2d117b23eb832c49a40d89544290c*
`登陆天数: 33天 / 671天
等级: 130
石头: 3273
呼符: 13
体力: 29.60666666666667 / 138
友情点: 0 / 442215`
_2024-06-25 04:33:15_
--------
*90e092e44c74be9a75ba4dbaf4d2c1ce*
`登陆天数: 33天 / 670天
等级: 130
石头: 3681
呼符: 13
体力: 29.58 / 138
友情点: 0 / 424875`
_2024-06-25 04:33:23_
--------
*5a46e6df6ebbaa6c9264fbf7a7f4cf97*
`登陆天数: 33天 / 671天
等级: 130
石头: 4079
呼符: 124
体力: 29.556666666666672 / 138
友情点: 0 / 382950`
_2024-06-25 04:33:31_
--------
*ee79bb4c5b33d955003f95a531ac2abb*
`登陆天数: 34天 / 672天
等级: 130
石头: 3774
呼符: 13
体力: 29.53 / 138
友情点: 0 / 395595`
_2024-06-25 04:33:39_
--------
*866f77448c8f03f74fef9cba8c3a97de*
`登陆天数: 33天 / 670天
等级: 130
石头: 3591
呼符: 13
体力: 29.510000000000005 / 138
友情点: 0 / 426490`
_2024-06-25 04:33:48_
--------
*995e5288ee374474556d524ec90e46cb*
`登陆天数: 33天 / 671天
等级: 130
石头: 3266
呼符: 13
体力: 29.483333333333334 / 138
友情点: 0 / 437285`
_2024-06-25 04:33:56_
--------
*78e8ba6a5a0d44ed7d17d0455f9deaab*
`登陆天数: 33天 / 671天
等级: 130
石头: 2334
呼符: 13
体力: 29.459999999999994 / 138
友情点: 0 / 459105`
_2024-06-25 04:34:04_
--------
*0fe35c1d66efe9a5c562f7be6832cc84*
`登陆天数: 33天 / 670天
等级: 130
石头: 2813
呼符: 13
体力: 29.433333333333337 / 138
友情点: 0 / 453535`
_2024-06-25 04:34:12_
--------
*11d64e0c78adf2c2eba1dd909c3710bd*
`登陆天数: 33天 / 671天
等级: 130
石头: 3297
呼符: 13
体力: 29.409999999999997 / 138
友情点: 0 / 422585`
_2024-06-25 04:34:20_
--------
*6701533d571ef06f528eb4e9f47a56e9*
`登陆天数: 33天 / 670天
等级: 130
石头: 3443
呼符: 13
体力: 29.38333333333334 / 138
友情点: 0 / 425505`
_2024-06-25 04:34:28_
--------
*77b2a7d9dfee6d1a826cd458068c8a29*
`登陆天数: 33天 / 670天
等级: 130
石头: 2362
呼符: 13
体力: 29.36 / 138
友情点: 0 / 478745`
_2024-06-25 04:34:36_
--------
*59682f4c579b953bcd460b9d3fe88aa0*
`登陆天数: 33天 / 670天
等级: 130
石头: 3771
呼符: 13
体力: 29.33333333333333 / 138
友情点: 0 / 408010`
_2024-06-25 04:34:44_
--------
*b35193aed167f327d78ce0adfe1fbe77*
`登陆天数: 33天 / 671天
等级: 130
石头: 3865
呼符: 13
体力: 29.310000000000002 / 138
友情点: 0 / 406740`
_2024-06-25 04:34:52_
--------
*1fd04e05f7c95407c1334e333f8827d4*
`登陆天数: 33天 / 671天
等级: 130
石头: 4078
呼符: 115
体力: 29.28333333333333 / 138
友情点: 0 / 372990`
_2024-06-25 04:35:00_
--------
*1fd2eeaf22ed15eb34d527f8039d05b3*
`登陆天数: 33天 / 671天
等级: 130
石头: 1917
呼符: 13
体力: 29.25666666666666 / 138
友情点: 0 / 477590`
_2024-06-25 04:35:08_
--------
*3f76fb1b9d7997e3de2308c5bcdb8bc9*
`登陆天数: 33天 / 671天
等级: 130
石头: 1042
呼符: 13
体力: 29.230000000000004 / 138
友情点: 0 / 478650`
_2024-06-25 04:35:16_
--------
*eee0b3e6b7dd5703c4549bfa3a139a10*
`登陆天数: 33天 / 670天
等级: 130
石头: 3024
呼符: 13
体力: 29.206666666666663 / 138
友情点: 0 / 452450`
_2024-06-25 04:35:24_
--------
*5589a8db0379b23ecb493bb071f3643a*
`登陆天数: 33天 / 671天
等级: 130
石头: 1601
呼符: 13
体力: 29.180000000000007 / 138
友情点: 0 / 479370`
_2024-06-25 04:35:32_
--------
*7d8db48a0e244c1ca890386554c54d41*
`登陆天数: 33天 / 671天
等级: 130
石头: 2362
呼符: 13
体力: 29.156666666666666 / 138
友情点: 0 / 478385`
_2024-06-25 04:35:40_
--------
*40e66032777d96dac6c12b5868720c71*
`登陆天数: 33天 / 670天
等级: 130
石头: 2783
呼符: 13
体力: 29.129999999999995 / 138
友情点: 0 / 457950`
_2024-06-25 04:35:48_
--------
*030fdcab94fa6dcd3d0219c1aa3fec91*
`登陆天数: 34天 / 671天
等级: 130
石头: 3958
呼符: 13
体力: 29.10666666666667 / 138
友情点: 0 / 372660`
_2024-06-25 04:35:56_
--------
*f2a6b5bd7d042d36f194d7b594e4c4fd*
`登陆天数: 33天 / 671天
等级: 130
石头: 2485
呼符: 13
体力: 29.08 / 138
友情点: 0 / 478795`
_2024-06-25 04:36:04_
--------
*6d2ccd6698dd732baa728d78688685bc*
`登陆天数: 33天 / 671天
等级: 130
石头: 2603
呼符: 13
体力: 29.053333333333327 / 138
友情点: 0 / 458480`
_2024-06-25 04:36:12_
--------
*a77d5d0e3f3c3dad5999df7d38ff4f65*
`登陆天数: 34天 / 671天
等级: 130
石头: 1318
呼符: 13
体力: 29.023333333333326 / 138
友情点: 0 / 481145`
_2024-06-25 04:36:20_
--------
*4162af9638b581515341913075e8610c*
`登陆天数: 33天 / 670天
等级: 130
石头: 2962
呼符: 13
体力: 29.0 / 138
友情点: 0 / 451945`
_2024-06-25 04:36:28_
--------
*31175a3486342431844afc154a4b3f8b*
`登陆天数: 33天 / 671天
等级: 130
石头: 2243
呼符: 13
体力: 28.976666666666674 / 138
友情点: 0 / 479160`
_2024-06-25 04:36:36_
--------
*c2e37c4cf95319ea9d8c787bc14b974c*
`登陆天数: 33天 / 670天
等级: 130
石头: 3147
呼符: 13
体力: 28.950000000000003 / 138
友情点: 0 / 446590`
_2024-06-25 04:36:44_
--------
*786d1d2e9f0942360cba24b47db52490*
`登陆天数: 33天 / 670天
等级: 130
石头: 3230
呼符: 13
体力: 28.926666666666662 / 138
友情点: 0 / 433000`
_2024-06-25 04:36:51_
--------
*6162d018cc4f591e6d1cb3e2ef8191d1*
`登陆天数: 33天 / 671天
等级: 130
石头: 3912
呼符: 13
体力: 28.903333333333336 / 138
友情点: 0 / 396290`
_2024-06-25 04:36:59_
--------
*646195caefa28ade965b91c400057f01*
`登陆天数: 33天 / 670天
等级: 130
石头: 1873
呼符: 13
体力: 28.876666666666665 / 138
友情点: 0 / 479900`
_2024-06-25 04:37:07_
--------
*3d5a228f1082bc550818e18f7971fe57*
`登陆天数: 33天 / 671天
等级: 130
石头: 2271
呼符: 0
体力: 21365.726666666666 / 138
友情点: 0 / 467010`
_2024-06-25 04:37:15_
--------
