【登录信息】
*31b243358b364f62610ba7677254fc68*
`登陆天数: 35天 / 673天
等级: 130
石头: 2729
呼符: 14
体力: 30.156666666666666 / 138
友情点: 0 / 461310`
_2024-06-26 04:31:54_
--------
*9466fbda39330496bc7fe0f505be466d*
`登陆天数: 35天 / 673天
等级: 130
石头: 1139
呼符: 14
体力: 30.129999999999995 / 138
友情点: 0 / 478855`
_2024-06-26 04:32:02_
--------
*6747c1001f4172edf19a5dca8032589e*
`登陆天数: 34天 / 671天
等级: 130
石头: 2095
呼符: 13
体力: 30.10333333333334 / 138
友情点: 0 / 479440`
_2024-06-26 04:32:10_
--------
*14bbc0295aa961661501c11d525b2f83*
`登陆天数: 34天 / 671天
等级: 130
石头: 2041
呼符: 13
体力: 30.076666666666668 / 138
友情点: 0 / 479595`
_2024-06-26 04:32:18_
--------
*7aa0af62f290929944b1b91344476fc1*
`登陆天数: 34天 / 672天
等级: 130
石头: 1049
呼符: 13
体力: 30.049999999999997 / 138
友情点: 0 / 477895`
_2024-06-26 04:32:26_
--------
*88566b7a44c500e7f18bdffddac6995d*
`登陆天数: 35天 / 672天
等级: 130
石头: 3600
呼符: 14
体力: 30.023333333333326 / 138
友情点: 0 / 401785`
_2024-06-26 04:32:35_
--------
*d6f3f22b5d094917fa2e4ce0c2fb30e6*
`登陆天数: 34天 / 671天
等级: 130
石头: 3798
呼符: 13
体力: 29.99666666666667 / 138
友情点: 0 / 418480`
_2024-06-26 04:32:43_
--------
*3066a1ca0a948c4849e81dd256133b61*
`登陆天数: 34天 / 671天
等级: 130
石头: 1975
呼符: 13
体力: 29.976666666666674 / 138
友情点: 0 / 481755`
_2024-06-26 04:32:51_
--------
*ed2cbea17334e7c90948f4c4ee35c290*
`登陆天数: 34天 / 672天
等级: 130
石头: 3686
呼符: 13
体力: 29.943333333333328 / 138
友情点: 0 / 405100`
_2024-06-26 04:32:59_
--------
*d8a46aa86df01ac54eb57e13c24c84b5*
`登陆天数: 34天 / 672天
等级: 130
石头: 3355
呼符: 13
体力: 29.91666666666667 / 138
友情点: 0 / 429405`
_2024-06-26 04:33:07_
--------
*60ad9bacd38edf21c49a7b5cdf6122e3*
`登陆天数: 35天 / 673天
等级: 130
石头: 3210
呼符: 14
体力: 29.89 / 138
友情点: 0 / 439475`
_2024-06-26 04:33:16_
--------
*c4367785448f14f322bc85a193c5a201*
`登陆天数: 34天 / 671天
等级: 130
石头: 2065
呼符: 13
体力: 29.86666666666666 / 138
友情点: 0 / 478700`
_2024-06-26 04:33:24_
--------
*c257623655d934c73fd403e2f22c3bfd*
`登陆天数: 34天 / 672天
等级: 130
石头: 1666
呼符: 13
体力: 29.843333333333334 / 138
友情点: 0 / 479935`
_2024-06-26 04:33:32_
--------
*a82ce897c907901143f2fb826a17df4d*
`登陆天数: 34天 / 672天
等级: 130
石头: 4049
呼符: 13
体力: 29.819999999999993 / 138
友情点: 0 / 401900`
_2024-06-26 04:33:40_
--------
*70b4a0cba6a0eb00591e93a745c5d404*
`登陆天数: 34天 / 671天
等级: 130
石头: 1756
呼符: 13
体力: 29.793333333333337 / 138
友情点: 0 / 478470`
_2024-06-26 04:33:48_
--------
*ea1ff75ddead5c7b8d08e386d6379714*
`登陆天数: 34天 / 672天
等级: 130
石头: 3295
呼符: 13
体力: 29.769999999999996 / 138
友情点: 0 / 439825`
_2024-06-26 04:33:57_
--------
*478514723839ea9e29a744e90ca4b143*
`登陆天数: 34天 / 672天
等级: 130
石头: 1554
呼符: 13
体力: 29.74333333333334 / 138
友情点: 0 / 478280`
_2024-06-26 04:34:05_
--------
*b4bfad4ccc318593c2522ac454a1e6ad*
`登陆天数: 34天 / 672天
等级: 130
石头: 1923
呼符: 13
体力: 29.72333333333333 / 138
友情点: 0 / 478640`
_2024-06-26 04:34:13_
--------
*fdb1d96dd08409d71345c27b8af9b6c0*
`登陆天数: 34天 / 671天
等级: 130
石头: 2013
呼符: 13
体力: 29.696666666666673 / 138
友情点: 0 / 478455`
_2024-06-26 04:34:21_
--------
*47a2d117b23eb832c49a40d89544290c*
`登陆天数: 34天 / 672天
等级: 130
石头: 3276
呼符: 13
体力: 29.67 / 138
友情点: 0 / 442215`
_2024-06-26 04:34:29_
--------
*90e092e44c74be9a75ba4dbaf4d2c1ce*
`登陆天数: 34天 / 671天
等级: 130
石头: 3684
呼符: 13
体力: 29.64333333333333 / 138
友情点: 0 / 424875`
_2024-06-26 04:34:37_
--------
*5a46e6df6ebbaa6c9264fbf7a7f4cf97*
`登陆天数: 34天 / 672天
等级: 130
石头: 4082
呼符: 124
体力: 29.620000000000005 / 138
友情点: 0 / 382950`
_2024-06-26 04:34:46_
--------
*ee79bb4c5b33d955003f95a531ac2abb*
`登陆天数: 35天 / 673天
等级: 130
石头: 3775
呼符: 14
体力: 29.593333333333334 / 138
友情点: 0 / 395595`
_2024-06-26 04:34:53_
--------
*866f77448c8f03f74fef9cba8c3a97de*
`登陆天数: 34天 / 671天
等级: 130
石头: 3594
呼符: 13
体力: 29.569999999999993 / 138
友情点: 0 / 426490`
_2024-06-26 04:35:02_
--------
*995e5288ee374474556d524ec90e46cb*
`登陆天数: 34天 / 672天
等级: 130
石头: 3269
呼符: 13
体力: 29.543333333333337 / 138
友情点: 0 / 437285`
_2024-06-26 04:35:10_
--------
*78e8ba6a5a0d44ed7d17d0455f9deaab*
`登陆天数: 34天 / 672天
等级: 130
石头: 2337
呼符: 13
体力: 29.516666666666666 / 138
友情点: 0 / 459105`
_2024-06-26 04:35:18_
--------
*0fe35c1d66efe9a5c562f7be6832cc84*
`登陆天数: 34天 / 671天
等级: 130
石头: 2816
呼符: 13
体力: 29.489999999999995 / 138
友情点: 0 / 453535`
_2024-06-26 04:35:26_
--------
*11d64e0c78adf2c2eba1dd909c3710bd*
`登陆天数: 34天 / 672天
等级: 130
石头: 3300
呼符: 13
体力: 29.46666666666667 / 138
友情点: 0 / 422585`
_2024-06-26 04:35:34_
--------
*6701533d571ef06f528eb4e9f47a56e9*
`登陆天数: 34天 / 671天
等级: 130
石头: 3446
呼符: 13
体力: 29.439999999999998 / 138
友情点: 0 / 425505`
_2024-06-26 04:35:42_
--------
*77b2a7d9dfee6d1a826cd458068c8a29*
`登陆天数: 34天 / 671天
等级: 130
石头: 2365
呼符: 13
体力: 29.41666666666667 / 138
友情点: 0 / 478745`
_2024-06-26 04:35:49_
--------
*59682f4c579b953bcd460b9d3fe88aa0*
`登陆天数: 34天 / 671天
等级: 130
石头: 3774
呼符: 13
体力: 29.39 / 138
友情点: 0 / 408010`
_2024-06-26 04:35:57_
--------
*b35193aed167f327d78ce0adfe1fbe77*
`登陆天数: 34天 / 672天
等级: 130
石头: 3868
呼符: 13
体力: 29.36666666666666 / 138
友情点: 0 / 406740`
_2024-06-26 04:36:05_
--------
*1fd04e05f7c95407c1334e333f8827d4*
`登陆天数: 34天 / 672天
等级: 130
石头: 4081
呼符: 115
体力: 29.340000000000003 / 138
友情点: 0 / 370990`
_2024-06-26 04:36:13_
--------
*1fd2eeaf22ed15eb34d527f8039d05b3*
`登陆天数: 34天 / 672天
等级: 130
石头: 1920
呼符: 13
体力: 29.313333333333333 / 138
友情点: 0 / 477590`
_2024-06-26 04:36:21_
--------
*3f76fb1b9d7997e3de2308c5bcdb8bc9*
`登陆天数: 34天 / 672天
等级: 130
石头: 1045
呼符: 13
体力: 29.290000000000006 / 138
友情点: 0 / 478650`
_2024-06-26 04:36:29_
--------
*eee0b3e6b7dd5703c4549bfa3a139a10*
`登陆天数: 34天 / 671天
等级: 130
石头: 3027
呼符: 13
体力: 29.263333333333335 / 138
友情点: 0 / 452450`
_2024-06-26 04:36:37_
--------
*5589a8db0379b23ecb493bb071f3643a*
`登陆天数: 34天 / 672天
等级: 130
石头: 1604
呼符: 13
体力: 29.236666666666665 / 138
友情点: 0 / 479370`
_2024-06-26 04:36:45_
--------
*7d8db48a0e244c1ca890386554c54d41*
`登陆天数: 34天 / 672天
等级: 130
石头: 2365
呼符: 13
体力: 29.21333333333334 / 138
友情点: 0 / 478385`
_2024-06-26 04:36:53_
--------
*40e66032777d96dac6c12b5868720c71*
`登陆天数: 34天 / 671天
等级: 130
石头: 2786
呼符: 13
体力: 29.189999999999998 / 138
友情点: 0 / 457950`
_2024-06-26 04:37:01_
--------
*030fdcab94fa6dcd3d0219c1aa3fec91*
`登陆天数: 35天 / 672天
等级: 130
石头: 3959
呼符: 14
体力: 29.163333333333327 / 138
友情点: 0 / 372660`
_2024-06-26 04:37:10_
--------
*f2a6b5bd7d042d36f194d7b594e4c4fd*
`登陆天数: 34天 / 672天
等级: 130
石头: 2488
呼符: 13
体力: 29.14 / 138
友情点: 0 / 478795`
_2024-06-26 04:37:17_
--------
*6d2ccd6698dd732baa728d78688685bc*
`登陆天数: 34天 / 672天
等级: 130
石头: 2606
呼符: 13
体力: 29.11333333333333 / 138
友情点: 0 / 458480`
_2024-06-26 04:37:25_
--------
*a77d5d0e3f3c3dad5999df7d38ff4f65*
`登陆天数: 35天 / 672天
等级: 130
石头: 1319
呼符: 14
体力: 29.090000000000003 / 138
友情点: 0 / 481145`
_2024-06-26 04:37:33_
--------
*4162af9638b581515341913075e8610c*
`登陆天数: 34天 / 671天
等级: 130
石头: 2965
呼符: 13
体力: 29.063333333333333 / 138
友情点: 0 / 451945`
_2024-06-26 04:37:42_
--------
*31175a3486342431844afc154a4b3f8b*
`登陆天数: 34天 / 672天
等级: 130
石头: 2246
呼符: 13
体力: 29.040000000000006 / 138
友情点: 0 / 479160`
_2024-06-26 04:37:49_
--------
*c2e37c4cf95319ea9d8c787bc14b974c*
`登陆天数: 34天 / 671天
等级: 130
石头: 3150
呼符: 13
体力: 29.016666666666666 / 138
友情点: 0 / 446590`
_2024-06-26 04:37:57_
--------
*786d1d2e9f0942360cba24b47db52490*
`登陆天数: 34天 / 671天
等级: 130
石头: 3233
呼符: 13
体力: 28.989999999999995 / 138
友情点: 0 / 433000`
_2024-06-26 04:38:05_
--------
*6162d018cc4f591e6d1cb3e2ef8191d1*
`登陆天数: 34天 / 672天
等级: 130
石头: 3915
呼符: 13
体力: 28.96666666666667 / 138
友情点: 0 / 396290`
_2024-06-26 04:38:13_
--------
*646195caefa28ade965b91c400057f01*
`登陆天数: 34天 / 671天
等级: 130
石头: 1876
呼符: 13
体力: 28.939999999999998 / 138
友情点: 0 / 479900`
_2024-06-26 04:38:22_
--------
*3d5a228f1082bc550818e18f7971fe57*
`登陆天数: 34天 / 672天
等级: 130
石头: 2271
呼符: 0
体力: 21653.97333333333 / 138
友情点: 0 / 467010`
_2024-06-26 04:38:30_
--------
