【登录信息】
*31b243358b364f62610ba7677254fc68*
`登陆天数: 38天 / 676天
等级: 130
石头: 2749
呼符: 14
体力: 26.066666666666663 / 138
友情点: 0 / 463310`
_2024-06-29 04:11:30_
--------
*9466fbda39330496bc7fe0f505be466d*
`登陆天数: 38天 / 676天
等级: 130
石头: 1159
呼符: 14
体力: 26.03333333333333 / 138
友情点: 0 / 480855`
_2024-06-29 04:11:38_
--------
*6747c1001f4172edf19a5dca8032589e*
`登陆天数: 37天 / 674天
等级: 130
石头: 2115
呼符: 14
体力: 26.00666666666666 / 138
友情点: 0 / 481440`
_2024-06-29 04:11:46_
--------
*14bbc0295aa961661501c11d525b2f83*
`登陆天数: 37天 / 674天
等级: 130
石头: 2061
呼符: 14
体力: 25.983333333333334 / 138
友情点: 0 / 481595`
_2024-06-29 04:11:53_
--------
*7aa0af62f290929944b1b91344476fc1*
`登陆天数: 37天 / 675天
等级: 130
石头: 1069
呼符: 14
体力: 25.953333333333333 / 138
友情点: 0 / 479895`
_2024-06-29 04:12:01_
--------
*88566b7a44c500e7f18bdffddac6995d*
`登陆天数: 38天 / 675天
等级: 130
石头: 3620
呼符: 14
体力: 25.923333333333332 / 138
友情点: 0 / 403785`
_2024-06-29 04:12:09_
--------
*d6f3f22b5d094917fa2e4ce0c2fb30e6*
`登陆天数: 37天 / 674天
等级: 130
石头: 3818
呼符: 14
体力: 25.900000000000006 / 138
友情点: 0 / 420480`
_2024-06-29 04:12:17_
--------
*3066a1ca0a948c4849e81dd256133b61*
`登陆天数: 37天 / 674天
等级: 130
石头: 1995
呼符: 14
体力: 25.873333333333335 / 138
友情点: 0 / 483755`
_2024-06-29 04:12:25_
--------
*ed2cbea17334e7c90948f4c4ee35c290*
`登陆天数: 37天 / 675天
等级: 130
石头: 3706
呼符: 14
体力: 25.849999999999994 / 138
友情点: 0 / 407100`
_2024-06-29 04:12:33_
--------
*d8a46aa86df01ac54eb57e13c24c84b5*
`登陆天数: 37天 / 675天
等级: 130
石头: 3375
呼符: 14
体力: 25.823333333333338 / 138
友情点: 0 / 431405`
_2024-06-29 04:12:40_
--------
*60ad9bacd38edf21c49a7b5cdf6122e3*
`登陆天数: 38天 / 676天
等级: 130
石头: 3230
呼符: 14
体力: 25.799999999999997 / 138
友情点: 0 / 441475`
_2024-06-29 04:12:48_
--------
*c4367785448f14f322bc85a193c5a201*
`登陆天数: 37天 / 674天
等级: 130
石头: 2085
呼符: 14
体力: 25.773333333333326 / 138
友情点: 0 / 480700`
_2024-06-29 04:12:56_
--------
*c257623655d934c73fd403e2f22c3bfd*
`登陆天数: 37天 / 675天
等级: 130
石头: 1686
呼符: 14
体力: 25.74666666666667 / 138
友情点: 0 / 481935`
_2024-06-29 04:13:04_
--------
*a82ce897c907901143f2fb826a17df4d*
`登陆天数: 37天 / 675天
等级: 130
石头: 4069
呼符: 14
体力: 25.72 / 138
友情点: 0 / 403900`
_2024-06-29 04:13:12_
--------
*70b4a0cba6a0eb00591e93a745c5d404*
`登陆天数: 37天 / 674天
等级: 130
石头: 1776
呼符: 14
体力: 25.693333333333328 / 138
友情点: 0 / 480470`
_2024-06-29 04:13:20_
--------
*ea1ff75ddead5c7b8d08e386d6379714*
`登陆天数: 37天 / 675天
等级: 130
石头: 3315
呼符: 14
体力: 25.67 / 138
友情点: 0 / 441825`
_2024-06-29 04:13:27_
--------
*478514723839ea9e29a744e90ca4b143*
`登陆天数: 37天 / 675天
等级: 130
石头: 1574
呼符: 14
体力: 25.64333333333333 / 138
友情点: 0 / 480280`
_2024-06-29 04:13:35_
--------
*b4bfad4ccc318593c2522ac454a1e6ad*
`登陆天数: 37天 / 675天
等级: 130
石头: 1943
呼符: 14
体力: 25.61333333333333 / 138
友情点: 0 / 480640`
_2024-06-29 04:13:43_
--------
*fdb1d96dd08409d71345c27b8af9b6c0*
`登陆天数: 37天 / 674天
等级: 130
石头: 2033
呼符: 14
体力: 25.590000000000003 / 138
友情点: 0 / 480455`
_2024-06-29 04:13:51_
--------
*47a2d117b23eb832c49a40d89544290c*
`登陆天数: 37天 / 675天
等级: 130
石头: 3296
呼符: 14
体力: 25.566666666666663 / 138
友情点: 0 / 444215`
_2024-06-29 04:13:58_
--------
*90e092e44c74be9a75ba4dbaf4d2c1ce*
`登陆天数: 37天 / 674天
等级: 130
石头: 3704
呼符: 14
体力: 25.540000000000006 / 138
友情点: 0 / 426875`
_2024-06-29 04:14:06_
--------
*5a46e6df6ebbaa6c9264fbf7a7f4cf97*
`登陆天数: 37天 / 675天
等级: 130
石头: 4102
呼符: 125
体力: 25.516666666666666 / 138
友情点: 0 / 384950`
_2024-06-29 04:14:14_
--------
*ee79bb4c5b33d955003f95a531ac2abb*
`登陆天数: 38天 / 676天
等级: 130
石头: 3795
呼符: 14
体力: 25.486666666666665 / 138
友情点: 0 / 397595`
_2024-06-29 04:14:22_
--------
*866f77448c8f03f74fef9cba8c3a97de*
`登陆天数: 37天 / 674天
等级: 130
石头: 3614
呼符: 14
体力: 25.46333333333334 / 138
友情点: 0 / 428490`
_2024-06-29 04:14:30_
--------
*995e5288ee374474556d524ec90e46cb*
`登陆天数: 37天 / 675天
等级: 130
石头: 3289
呼符: 14
体力: 25.439999999999998 / 138
友情点: 0 / 439285`
_2024-06-29 04:14:38_
--------
*78e8ba6a5a0d44ed7d17d0455f9deaab*
`登陆天数: 37天 / 675天
等级: 130
石头: 2357
呼符: 14
体力: 25.413333333333327 / 138
友情点: 0 / 461105`
_2024-06-29 04:14:45_
--------
*0fe35c1d66efe9a5c562f7be6832cc84*
`登陆天数: 37天 / 674天
等级: 130
石头: 2836
呼符: 14
体力: 25.39 / 138
友情点: 0 / 455535`
_2024-06-29 04:14:53_
--------
*11d64e0c78adf2c2eba1dd909c3710bd*
`登陆天数: 37天 / 675天
等级: 130
石头: 3320
呼符: 14
体力: 25.36666666666666 / 138
友情点: 0 / 424585`
_2024-06-29 04:15:01_
--------
*6701533d571ef06f528eb4e9f47a56e9*
`登陆天数: 37天 / 674天
等级: 130
石头: 3466
呼符: 14
体力: 25.336666666666673 / 138
友情点: 0 / 427505`
_2024-06-29 04:15:09_
--------
*77b2a7d9dfee6d1a826cd458068c8a29*
`登陆天数: 37天 / 674天
等级: 130
石头: 2385
呼符: 14
体力: 25.310000000000002 / 138
友情点: 0 / 480745`
_2024-06-29 04:15:16_
--------
*59682f4c579b953bcd460b9d3fe88aa0*
`登陆天数: 37天 / 674天
等级: 130
石头: 3794
呼符: 14
体力: 25.28666666666666 / 138
友情点: 0 / 410010`
_2024-06-29 04:15:24_
--------
*b35193aed167f327d78ce0adfe1fbe77*
`登陆天数: 37天 / 675天
等级: 130
石头: 3888
呼符: 14
体力: 25.260000000000005 / 138
友情点: 0 / 408740`
_2024-06-29 04:15:32_
--------
*1fd04e05f7c95407c1334e333f8827d4*
`登陆天数: 37天 / 675天
等级: 130
石头: 4101
呼符: 116
体力: 25.233333333333334 / 138
友情点: 0 / 372990`
_2024-06-29 04:15:40_
--------
*1fd2eeaf22ed15eb34d527f8039d05b3*
`登陆天数: 37天 / 675天
等级: 130
石头: 1940
呼符: 14
体力: 25.209999999999994 / 138
友情点: 0 / 479590`
_2024-06-29 04:15:47_
--------
*3f76fb1b9d7997e3de2308c5bcdb8bc9*
`登陆天数: 37天 / 675天
等级: 130
石头: 1065
呼符: 14
体力: 25.183333333333337 / 138
友情点: 0 / 480650`
_2024-06-29 04:15:55_
--------
*eee0b3e6b7dd5703c4549bfa3a139a10*
`登陆天数: 37天 / 674天
等级: 130
石头: 3047
呼符: 14
体力: 25.159999999999997 / 138
友情点: 0 / 454450`
_2024-06-29 04:16:03_
--------
*5589a8db0379b23ecb493bb071f3643a*
`登陆天数: 37天 / 675天
等级: 130
石头: 1624
呼符: 14
体力: 25.13333333333334 / 138
友情点: 0 / 481370`
_2024-06-29 04:16:11_
--------
*7d8db48a0e244c1ca890386554c54d41*
`登陆天数: 37天 / 675天
等级: 130
石头: 2385
呼符: 14
体力: 25.10666666666667 / 138
友情点: 0 / 480385`
_2024-06-29 04:16:19_
--------
*40e66032777d96dac6c12b5868720c71*
`登陆天数: 37天 / 674天
等级: 130
石头: 2806
呼符: 14
体力: 25.08333333333333 / 138
友情点: 0 / 459950`
_2024-06-29 04:16:27_
--------
*030fdcab94fa6dcd3d0219c1aa3fec91*
`登陆天数: 38天 / 675天
等级: 130
石头: 3979
呼符: 14
体力: 25.060000000000002 / 138
友情点: 0 / 374660`
_2024-06-29 04:16:34_
--------
*f2a6b5bd7d042d36f194d7b594e4c4fd*
`登陆天数: 37天 / 675天
等级: 130
石头: 2508
呼符: 14
体力: 25.03666666666666 / 138
友情点: 0 / 480795`
_2024-06-29 04:16:43_
--------
*6d2ccd6698dd732baa728d78688685bc*
`登陆天数: 37天 / 675天
等级: 130
石头: 2626
呼符: 14
体力: 25.016666666666666 / 138
友情点: 0 / 460480`
_2024-06-29 04:16:50_
--------
*a77d5d0e3f3c3dad5999df7d38ff4f65*
`登陆天数: 38天 / 675天
等级: 130
石头: 1339
呼符: 14
体力: 24.986666666666665 / 138
友情点: 0 / 483145`
_2024-06-29 04:16:58_
--------
*4162af9638b581515341913075e8610c*
`登陆天数: 37天 / 674天
等级: 130
石头: 2985
呼符: 14
体力: 24.96333333333334 / 138
友情点: 0 / 453945`
_2024-06-29 04:17:06_
--------
*31175a3486342431844afc154a4b3f8b*
`登陆天数: 37天 / 675天
等级: 130
石头: 2266
呼符: 14
体力: 24.936666666666667 / 138
友情点: 0 / 481160`
_2024-06-29 04:17:13_
--------
*c2e37c4cf95319ea9d8c787bc14b974c*
`登陆天数: 37天 / 674天
等级: 130
石头: 3170
呼符: 14
体力: 24.913333333333327 / 138
友情点: 0 / 448590`
_2024-06-29 04:17:21_
--------
*786d1d2e9f0942360cba24b47db52490*
`登陆天数: 37天 / 674天
等级: 130
石头: 3253
呼符: 14
体力: 24.88333333333334 / 138
友情点: 0 / 435000`
_2024-06-29 04:17:29_
--------
*6162d018cc4f591e6d1cb3e2ef8191d1*
`登陆天数: 37天 / 675天
等级: 130
石头: 3935
呼符: 14
体力: 24.86 / 138
友情点: 0 / 398290`
_2024-06-29 04:17:37_
--------
*646195caefa28ade965b91c400057f01*
`登陆天数: 37天 / 674天
等级: 130
石头: 1896
呼符: 14
体力: 24.83333333333333 / 138
友情点: 0 / 481900`
_2024-06-29 04:17:45_
--------
*3d5a228f1082bc550818e18f7971fe57*
`登陆天数: 37天 / 675天
等级: 130
石头: 2271
呼符: 0
体力: 22513.85 / 138
友情点: 0 / 467010`
_2024-06-29 04:17:52_
--------
