【登录信息】
*31b243358b364f62610ba7677254fc68*
`登陆天数: 39天 / 677天
等级: 130
石头: 2750
呼符: 14
体力: 25.836666666666673 / 138
友情点: 0 / 463310`
_2024-06-30 04:10:35_
--------
*9466fbda39330496bc7fe0f505be466d*
`登陆天数: 39天 / 677天
等级: 130
石头: 1160
呼符: 14
体力: 25.803333333333327 / 138
友情点: 0 / 480855`
_2024-06-30 04:10:43_
--------
*6747c1001f4172edf19a5dca8032589e*
`登陆天数: 38天 / 675天
等级: 130
石头: 2115
呼符: 14
体力: 25.77666666666667 / 138
友情点: 0 / 481440`
_2024-06-30 04:10:52_
--------
*14bbc0295aa961661501c11d525b2f83*
`登陆天数: 38天 / 675天
等级: 130
石头: 2061
呼符: 14
体力: 25.75 / 138
友情点: 0 / 481595`
_2024-06-30 04:10:59_
--------
*7aa0af62f290929944b1b91344476fc1*
`登陆天数: 38天 / 676天
等级: 130
石头: 1069
呼符: 14
体力: 25.72 / 138
友情点: 0 / 479895`
_2024-06-30 04:11:07_
--------
*88566b7a44c500e7f18bdffddac6995d*
`登陆天数: 39天 / 676天
等级: 130
石头: 3621
呼符: 14
体力: 25.689999999999998 / 138
友情点: 0 / 403785`
_2024-06-30 04:11:15_
--------
*d6f3f22b5d094917fa2e4ce0c2fb30e6*
`登陆天数: 38天 / 675天
等级: 130
石头: 3818
呼符: 14
体力: 25.663333333333327 / 138
友情点: 0 / 420480`
_2024-06-30 04:11:23_
--------
*3066a1ca0a948c4849e81dd256133b61*
`登陆天数: 38天 / 675天
等级: 130
石头: 1995
呼符: 14
体力: 25.63333333333334 / 138
友情点: 0 / 483755`
_2024-06-30 04:11:32_
--------
*ed2cbea17334e7c90948f4c4ee35c290*
`登陆天数: 38天 / 676天
等级: 130
石头: 3706
呼符: 14
体力: 25.61 / 138
友情点: 0 / 407100`
_2024-06-30 04:11:40_
--------
*d8a46aa86df01ac54eb57e13c24c84b5*
`登陆天数: 38天 / 676天
等级: 130
石头: 3375
呼符: 14
体力: 25.58333333333333 / 138
友情点: 0 / 431405`
_2024-06-30 04:11:48_
--------
*60ad9bacd38edf21c49a7b5cdf6122e3*
`登陆天数: 39天 / 677天
等级: 130
石头: 3231
呼符: 14
体力: 25.553333333333327 / 138
友情点: 0 / 441475`
_2024-06-30 04:11:56_
--------
*c4367785448f14f322bc85a193c5a201*
`登陆天数: 38天 / 675天
等级: 130
石头: 2085
呼符: 14
体力: 25.523333333333326 / 138
友情点: 0 / 480700`
_2024-06-30 04:12:04_
--------
*c257623655d934c73fd403e2f22c3bfd*
`登陆天数: 38天 / 676天
等级: 130
石头: 1686
呼符: 14
体力: 25.49666666666667 / 138
友情点: 0 / 481935`
_2024-06-30 04:12:12_
--------
*a82ce897c907901143f2fb826a17df4d*
`登陆天数: 38天 / 676天
等级: 130
石头: 4069
呼符: 14
体力: 25.46666666666667 / 138
友情点: 0 / 403900`
_2024-06-30 04:12:21_
--------
*70b4a0cba6a0eb00591e93a745c5d404*
`登陆天数: 38天 / 675天
等级: 130
石头: 1776
呼符: 14
体力: 25.443333333333328 / 138
友情点: 0 / 480470`
_2024-06-30 04:12:29_
--------
*ea1ff75ddead5c7b8d08e386d6379714*
`登陆天数: 38天 / 676天
等级: 130
石头: 3315
呼符: 14
体力: 25.42 / 138
友情点: 0 / 441825`
_2024-06-30 04:12:38_
--------
*478514723839ea9e29a744e90ca4b143*
`登陆天数: 38天 / 676天
等级: 130
石头: 1574
呼符: 14
体力: 25.39 / 138
友情点: 0 / 480280`
_2024-06-30 04:12:46_
--------
*b4bfad4ccc318593c2522ac454a1e6ad*
`登陆天数: 38天 / 676天
等级: 130
石头: 1943
呼符: 14
体力: 25.36333333333333 / 138
友情点: 0 / 480640`
_2024-06-30 04:12:54_
--------
*fdb1d96dd08409d71345c27b8af9b6c0*
`登陆天数: 38天 / 675天
等级: 130
石头: 2033
呼符: 14
体力: 25.336666666666673 / 138
友情点: 0 / 480455`
_2024-06-30 04:13:03_
--------
*47a2d117b23eb832c49a40d89544290c*
`登陆天数: 38天 / 676天
等级: 130
石头: 3296
呼符: 14
体力: 25.306666666666672 / 138
友情点: 0 / 444215`
_2024-06-30 04:13:11_
--------
*90e092e44c74be9a75ba4dbaf4d2c1ce*
`登陆天数: 38天 / 675天
等级: 130
石头: 3704
呼符: 14
体力: 25.28 / 138
友情点: 0 / 426875`
_2024-06-30 04:13:19_
--------
*5a46e6df6ebbaa6c9264fbf7a7f4cf97*
`登陆天数: 38天 / 676天
等级: 130
石头: 4102
呼符: 125
体力: 25.25333333333333 / 138
友情点: 0 / 384950`
_2024-06-30 04:13:27_
--------
*ee79bb4c5b33d955003f95a531ac2abb*
`登陆天数: 39天 / 677天
等级: 130
石头: 3796
呼符: 14
体力: 25.226666666666674 / 138
友情点: 0 / 397595`
_2024-06-30 04:13:36_
--------
*866f77448c8f03f74fef9cba8c3a97de*
`登陆天数: 38天 / 675天
等级: 130
石头: 3614
呼符: 14
体力: 25.203333333333333 / 138
友情点: 0 / 428490`
_2024-06-30 04:13:44_
--------
*995e5288ee374474556d524ec90e46cb*
`登陆天数: 38天 / 676天
等级: 130
石头: 3289
呼符: 14
体力: 25.176666666666662 / 138
友情点: 0 / 439285`
_2024-06-30 04:13:52_
--------
*78e8ba6a5a0d44ed7d17d0455f9deaab*
`登陆天数: 38天 / 676天
等级: 130
石头: 2357
呼符: 14
体力: 25.14666666666666 / 138
友情点: 0 / 461105`
_2024-06-30 04:14:01_
--------
*0fe35c1d66efe9a5c562f7be6832cc84*
`登陆天数: 38天 / 675天
等级: 130
石头: 2836
呼符: 14
体力: 25.120000000000005 / 138
友情点: 0 / 455535`
_2024-06-30 04:14:09_
--------
*11d64e0c78adf2c2eba1dd909c3710bd*
`登陆天数: 38天 / 676天
等级: 130
石头: 3320
呼符: 14
体力: 25.093333333333334 / 138
友情点: 0 / 424585`
_2024-06-30 04:14:17_
--------
*6701533d571ef06f528eb4e9f47a56e9*
`登陆天数: 38天 / 675天
等级: 130
石头: 3466
呼符: 14
体力: 25.066666666666663 / 138
友情点: 0 / 427505`
_2024-06-30 04:14:26_
--------
*77b2a7d9dfee6d1a826cd458068c8a29*
`登陆天数: 38天 / 675天
等级: 130
石头: 2385
呼符: 14
体力: 25.046666666666667 / 138
友情点: 0 / 480745`
_2024-06-30 04:14:34_
--------
*59682f4c579b953bcd460b9d3fe88aa0*
`登陆天数: 38天 / 675天
等级: 130
石头: 3794
呼符: 14
体力: 25.019999999999996 / 138
友情点: 0 / 410010`
_2024-06-30 04:14:42_
--------
*b35193aed167f327d78ce0adfe1fbe77*
`登陆天数: 38天 / 676天
等级: 130
石头: 3888
呼符: 14
体力: 24.99333333333334 / 138
友情点: 0 / 408740`
_2024-06-30 04:14:50_
--------
*1fd04e05f7c95407c1334e333f8827d4*
`登陆天数: 38天 / 676天
等级: 130
石头: 4101
呼符: 116
体力: 24.96333333333334 / 138
友情点: 0 / 372990`
_2024-06-30 04:14:59_
--------
*1fd2eeaf22ed15eb34d527f8039d05b3*
`登陆天数: 38天 / 676天
等级: 130
石头: 1940
呼符: 14
体力: 24.939999999999998 / 138
友情点: 0 / 479590`
_2024-06-30 04:15:07_
--------
*3f76fb1b9d7997e3de2308c5bcdb8bc9*
`登陆天数: 38天 / 676天
等级: 130
石头: 1065
呼符: 14
体力: 24.91666666666667 / 138
友情点: 0 / 480650`
_2024-06-30 04:15:16_
--------
*eee0b3e6b7dd5703c4549bfa3a139a10*
`登陆天数: 38天 / 675天
等级: 130
石头: 3047
呼符: 14
体力: 24.89 / 138
友情点: 0 / 454450`
_2024-06-30 04:15:24_
--------
*5589a8db0379b23ecb493bb071f3643a*
`登陆天数: 38天 / 676天
等级: 130
石头: 1624
呼符: 14
体力: 24.86666666666666 / 138
友情点: 0 / 481370`
_2024-06-30 04:15:33_
--------
*7d8db48a0e244c1ca890386554c54d41*
`登陆天数: 38天 / 676天
等级: 130
石头: 2385
呼符: 14
体力: 24.836666666666673 / 138
友情点: 0 / 480385`
_2024-06-30 04:15:41_
--------
*40e66032777d96dac6c12b5868720c71*
`登陆天数: 38天 / 675天
等级: 130
石头: 2806
呼符: 14
体力: 24.810000000000002 / 138
友情点: 0 / 459950`
_2024-06-30 04:15:49_
--------
*030fdcab94fa6dcd3d0219c1aa3fec91*
`登陆天数: 39天 / 676天
等级: 130
石头: 3980
呼符: 14
体力: 24.78333333333333 / 138
友情点: 0 / 374660`
_2024-06-30 04:15:58_
--------
*f2a6b5bd7d042d36f194d7b594e4c4fd*
`登陆天数: 38天 / 676天
等级: 130
石头: 2508
呼符: 14
体力: 24.75333333333333 / 138
友情点: 0 / 480795`
_2024-06-30 04:16:06_
--------
*6d2ccd6698dd732baa728d78688685bc*
`登陆天数: 38天 / 676天
等级: 130
石头: 2626
呼符: 14
体力: 24.72333333333333 / 138
友情点: 0 / 460480`
_2024-06-30 04:16:14_
--------
*a77d5d0e3f3c3dad5999df7d38ff4f65*
`登陆天数: 39天 / 676天
等级: 130
石头: 1340
呼符: 14
体力: 24.696666666666673 / 138
友情点: 0 / 483145`
_2024-06-30 04:16:22_
--------
*4162af9638b581515341913075e8610c*
`登陆天数: 38天 / 675天
等级: 130
石头: 2985
呼符: 14
体力: 24.67 / 138
友情点: 0 / 453945`
_2024-06-30 04:16:31_
--------
*31175a3486342431844afc154a4b3f8b*
`登陆天数: 38天 / 676天
等级: 130
石头: 2266
呼符: 14
体力: 24.64666666666666 / 138
友情点: 0 / 481160`
_2024-06-30 04:16:39_
--------
*c2e37c4cf95319ea9d8c787bc14b974c*
`登陆天数: 38天 / 675天
等级: 130
石头: 3170
呼符: 14
体力: 24.620000000000005 / 138
友情点: 0 / 448590`
_2024-06-30 04:16:47_
--------
*786d1d2e9f0942360cba24b47db52490*
`登陆天数: 38天 / 675天
等级: 130
石头: 3253
呼符: 14
体力: 24.593333333333334 / 138
友情点: 0 / 435000`
_2024-06-30 04:16:55_
--------
*6162d018cc4f591e6d1cb3e2ef8191d1*
`登陆天数: 38天 / 676天
等级: 130
石头: 3935
呼符: 14
体力: 24.569999999999993 / 138
友情点: 0 / 398290`
_2024-06-30 04:17:04_
--------
*646195caefa28ade965b91c400057f01*
`登陆天数: 38天 / 675天
等级: 130
石头: 1896
呼符: 14
体力: 24.540000000000006 / 138
友情点: 0 / 481900`
_2024-06-30 04:17:12_
--------
*3d5a228f1082bc550818e18f7971fe57*
`登陆天数: 38天 / 676天
等级: 130
石头: 2271
呼符: 0
体力: 22801.743333333332 / 138
友情点: 0 / 467010`
_2024-06-30 04:17:21_
--------
